#
# There is insufficient memory for the Java Runtime Environment to continue.
# Native memory allocation (malloc) failed to allocate 336896 bytes for Chunk::new
# Possible reasons:
#   The system is out of physical RAM or swap space
#   The process is running with CompressedOops enabled, and the Java Heap may be blocking the growth of the native heap
# Possible solutions:
#   Reduce memory load on the system
#   Increase physical memory or swap space
#   Check if swap backing store is full
#   Decrease Java heap size (-Xmx/-Xms)
#   Decrease number of Java threads
#   Decrease Java thread stack sizes (-Xss)
#   Set larger code cache with -XX:ReservedCodeCacheSize=
#   JVM is running with Unscaled Compressed Oops mode in which the Java heap is
#     placed in the first 4GB address space. The Java Heap base address is the
#     maximum limit for the native heap growth. Please use -XX:HeapBaseMinAddress
#     to set the Java Heap base and to place the Java Heap above 4GB virtual address.
# This output file may be truncated or incomplete.
#
#  Out of Memory Error (./src/hotspot/share/memory/arena.cpp:197), pid=9068, tid=4384
#
# JRE version: OpenJDK Runtime Environment (11.0.10) (build 11.0.10+0-b96-7249189)
# Java VM: OpenJDK 64-Bit Server VM (11.0.10+0-b96-7249189, mixed mode, tiered, compressed oops, g1 gc, windows-amd64)
# No core dump will be written. Minidumps are not enabled by default on client versions of Windows
#

---------------  S U M M A R Y ------------

Command Line: --add-opens=java.base/java.util=ALL-UNNAMED --add-opens=java.base/java.lang=ALL-UNNAMED --add-opens=java.base/java.lang.invoke=ALL-UNNAMED --add-opens=java.base/java.util=ALL-UNNAMED --add-opens=java.prefs/java.util.prefs=ALL-UNNAMED --add-opens=java.prefs/java.util.prefs=ALL-UNNAMED --add-opens=java.base/java.nio.charset=ALL-UNNAMED --add-opens=java.base/java.net=ALL-UNNAMED --add-opens=java.base/java.util.concurrent.atomic=ALL-UNNAMED -Xmx2048m -Dfile.encoding=UTF-8 -Duser.country=US -Duser.language=en -Duser.variant org.gradle.launcher.daemon.bootstrap.GradleDaemon 7.0.2

Host: 11th Gen Intel(R) Core(TM) i5-1135G7 @ 2.40GHz, 8 cores, 7G,  Windows 10 , 64 bit Build 19041 (10.0.19041.1202)
Time: Sun Nov 14 22:00:21 2021 SE Asia Standard Time elapsed time: 3430.964570 seconds (0d 0h 57m 10s)

---------------  T H R E A D  ---------------

Current thread (0x000001c9b78ae000):  JavaThread "C2 CompilerThread0" daemon [_thread_in_native, id=4384, stack(0x0000007e40d00000,0x0000007e40e00000)]


Current CompileTask:
C2:3430964 22075   !   4       com.sun.tools.javac.api.ClientCodeWrapper$WrappedJavaFileManager::inferBinaryName (32 bytes)

Stack: [0x0000007e40d00000,0x0000007e40e00000]
Native frames: (J=compiled Java code, j=interpreted, Vv=VM code, C=native code)
V  [jvm.dll+0x5ecfaa]
V  [jvm.dll+0x722bd5]
V  [jvm.dll+0x72412d]
V  [jvm.dll+0x7247e3]
V  [jvm.dll+0x242928]
V  [jvm.dll+0xbc4fc]
V  [jvm.dll+0xbca0c]
V  [jvm.dll+0x2b4fd4]
V  [jvm.dll+0x506028]
V  [jvm.dll+0x1fccf6]
V  [jvm.dll+0x1fa77f]
V  [jvm.dll+0x18354c]
V  [jvm.dll+0x208ee7]
V  [jvm.dll+0x207731]
V  [jvm.dll+0x6eb1cf]
V  [jvm.dll+0x6e3d45]
V  [jvm.dll+0x5ebe96]
C  [ucrtbase.dll+0x21bb2]
C  [KERNEL32.DLL+0x17034]
C  [ntdll.dll+0x52651]


---------------  P R O C E S S  ---------------

Threads class SMR info:
_java_thread_list=0x000001c9be8dfb20, length=67, elements={
0x000001c99c2bb000, 0x000001c9b6f18000, 0x000001c9b6f19800, 0x000001c9b78a5800,
0x000001c9b78aa000, 0x000001c9b78ab800, 0x000001c9b78ae000, 0x000001c9b78af800,
0x000001c9b6f3a000, 0x000001c9b6f38000, 0x000001c9b6f3a800, 0x000001c9b6f3b800,
0x000001c9b6f3e000, 0x000001c9ba28f000, 0x000001c9ba293000, 0x000001c9ba290000,
0x000001c9ba28e800, 0x000001c9ba294000, 0x000001c9ba297800, 0x000001c9ba298000,
0x000001c9ba295000, 0x000001c9ba29b800, 0x000001c9bcda7800, 0x000001c9bcdae800,
0x000001c9bcdac000, 0x000001c9bcda9000, 0x000001c9bcdb1000, 0x000001c9bcdaf800,
0x000001c9bcdb0800, 0x000001c9c30a7000, 0x000001c9c30b5000, 0x000001c9ba406000,
0x000001c9ba407000, 0x000001c9ba408000, 0x000001c9ba408800, 0x000001c9ba40a000,
0x000001c9ba409800, 0x000001c9ba40b000, 0x000001c9ba405800, 0x000001c9ba40e800,
0x000001c9ba40c000, 0x000001c9ba410000, 0x000001c9ba412800, 0x000001c9ba40c800,
0x000001c9ba413000, 0x000001c9ba40d800, 0x000001c9ba411800, 0x000001c9ba414000,
0x000001c9ba40f000, 0x000001c9c30a6000, 0x000001c9c30a8800, 0x000001c9c30ad800,
0x000001c9c30ac000, 0x000001c9c30a8000, 0x000001c9c30b2800, 0x000001c9c30b3800,
0x000001c9c30af000, 0x000001c9c30b4000, 0x000001c9c30b0000, 0x000001c9c30b1000,
0x000001c9c30b1800, 0x000001c9bcda5000, 0x000001c9bcda5800, 0x000001c9bcda4000,
0x000001c9bcdaa800, 0x000001c9bcda8000, 0x000001c9bcda6800
}

Java Threads: ( => current thread )
  0x000001c99c2bb000 JavaThread "main" [_thread_blocked, id=10776, stack(0x0000007e40100000,0x0000007e40200000)]
  0x000001c9b6f18000 JavaThread "Reference Handler" daemon [_thread_blocked, id=9948, stack(0x0000007e40800000,0x0000007e40900000)]
  0x000001c9b6f19800 JavaThread "Finalizer" daemon [_thread_blocked, id=3608, stack(0x0000007e40900000,0x0000007e40a00000)]
  0x000001c9b78a5800 JavaThread "Signal Dispatcher" daemon [_thread_blocked, id=11608, stack(0x0000007e40a00000,0x0000007e40b00000)]
  0x000001c9b78aa000 JavaThread "Attach Listener" daemon [_thread_blocked, id=4372, stack(0x0000007e40b00000,0x0000007e40c00000)]
  0x000001c9b78ab800 JavaThread "Service Thread" daemon [_thread_blocked, id=4324, stack(0x0000007e40c00000,0x0000007e40d00000)]
=>0x000001c9b78ae000 JavaThread "C2 CompilerThread0" daemon [_thread_in_native, id=4384, stack(0x0000007e40d00000,0x0000007e40e00000)]
  0x000001c9b78af800 JavaThread "C1 CompilerThread0" daemon [_thread_blocked, id=4424, stack(0x0000007e40e00000,0x0000007e40f00000)]
  0x000001c9b6f3a000 JavaThread "Sweeper thread" daemon [_thread_blocked, id=4428, stack(0x0000007e40f00000,0x0000007e41000000)]
  0x000001c9b6f38000 JavaThread "Common-Cleaner" daemon [_thread_blocked, id=4308, stack(0x0000007e41000000,0x0000007e41100000)]
  0x000001c9b6f3a800 JavaThread "Daemon health stats" [_thread_blocked, id=13828, stack(0x0000007e41500000,0x0000007e41600000)]
  0x000001c9b6f3b800 JavaThread "Incoming local TCP Connector on port 49787" [_thread_in_native, id=2728, stack(0x0000007e41300000,0x0000007e41400000)]
  0x000001c9b6f3e000 JavaThread "Daemon periodic checks" [_thread_blocked, id=1756, stack(0x0000007e41600000,0x0000007e41700000)]
  0x000001c9ba28f000 JavaThread "Cache worker for file hash cache (C:\Users\Dell\.gradle\caches\7.0.2\fileHashes)" [_thread_blocked, id=10988, stack(0x0000007e42400000,0x0000007e42500000)]
  0x000001c9ba293000 JavaThread "File lock request listener" [_thread_in_native, id=11708, stack(0x0000007e42500000,0x0000007e42600000)]
  0x000001c9ba290000 JavaThread "Cache worker for journal cache (C:\Users\Dell\.gradle\caches\journal-1)" [_thread_blocked, id=11760, stack(0x0000007e42700000,0x0000007e42800000)]
  0x000001c9ba28e800 JavaThread "File watcher server" daemon [_thread_in_native, id=4024, stack(0x0000007e42900000,0x0000007e42a00000)]
  0x000001c9ba294000 JavaThread "File watcher consumer" daemon [_thread_blocked, id=12264, stack(0x0000007e42a00000,0x0000007e42b00000)]
  0x000001c9ba297800 JavaThread "Cache worker for execution history cache (C:\Users\Dell\.gradle\caches\7.0.2\executionHistory)" [_thread_blocked, id=10648, stack(0x0000007e42f00000,0x0000007e43000000)]
  0x000001c9ba298000 JavaThread "jar transforms" [_thread_blocked, id=6856, stack(0x0000007e43000000,0x0000007e43100000)]
  0x000001c9ba295000 JavaThread "jar transforms Thread 2" [_thread_blocked, id=12276, stack(0x0000007e43100000,0x0000007e43200000)]
  0x000001c9ba29b800 JavaThread "Cache worker for file content cache (C:\Users\Dell\.gradle\caches\7.0.2\fileContent)" [_thread_blocked, id=11572, stack(0x0000007e43200000,0x0000007e43300000)]
  0x000001c9bcda7800 JavaThread "jar transforms Thread 3" [_thread_blocked, id=10924, stack(0x0000007e43400000,0x0000007e43500000)]
  0x000001c9bcdae800 JavaThread "jar transforms Thread 4" [_thread_blocked, id=7480, stack(0x0000007e43f00000,0x0000007e44000000)]
  0x000001c9bcdac000 JavaThread "jar transforms Thread 5" [_thread_blocked, id=11652, stack(0x0000007e44000000,0x0000007e44100000)]
  0x000001c9bcda9000 JavaThread "jar transforms Thread 6" [_thread_blocked, id=12080, stack(0x0000007e44100000,0x0000007e44200000)]
  0x000001c9bcdb1000 JavaThread "jar transforms Thread 7" [_thread_blocked, id=12876, stack(0x0000007e44200000,0x0000007e44300000)]
  0x000001c9bcdaf800 JavaThread "jar transforms Thread 8" [_thread_blocked, id=11720, stack(0x0000007e44300000,0x0000007e44400000)]
  0x000001c9bcdb0800 JavaThread "Memory manager" [_thread_blocked, id=12116, stack(0x0000007e44400000,0x0000007e44500000)]
  0x000001c9c30a7000 JavaThread "Cache worker for Java compile cache (C:\Users\Dell\.gradle\caches\7.0.2\javaCompile)" [_thread_blocked, id=11728, stack(0x0000007e43e00000,0x0000007e43f00000)]
  0x000001c9c30b5000 JavaThread "ForkJoinPool.commonPool-worker-13" daemon [_thread_blocked, id=14104, stack(0x0000007e46400000,0x0000007e46500000)]
  0x000001c9ba406000 JavaThread "Daemon Thread 3" [_thread_blocked, id=6068, stack(0x0000007e3fe00000,0x0000007e3ff00000)]
  0x000001c9ba407000 JavaThread "Handler for socket connection from /127.0.0.1:49787 to /127.0.0.1:50416" [_thread_in_native, id=1264, stack(0x0000007e3ff00000,0x0000007e40000000)]
  0x000001c9ba408000 JavaThread "Cancel handler" [_thread_blocked, id=3304, stack(0x0000007e40000000,0x0000007e40100000)]
  0x000001c9ba408800 JavaThread "Daemon worker Thread 3" [_thread_blocked, id=13744, stack(0x0000007e41200000,0x0000007e41300000)]
  0x000001c9ba40a000 JavaThread "Asynchronous log dispatcher for DefaultDaemonConnection: socket connection from /127.0.0.1:49787 to /127.0.0.1:50416" [_thread_blocked, id=1940, stack(0x0000007e41700000,0x0000007e41800000)]
  0x000001c9ba409800 JavaThread "Stdin handler" [_thread_blocked, id=660, stack(0x0000007e41800000,0x0000007e41900000)]
  0x000001c9ba40b000 JavaThread "Daemon client event forwarder" [_thread_blocked, id=5068, stack(0x0000007e41900000,0x0000007e41a00000)]
  0x000001c9ba405800 JavaThread "Cache worker for file hash cache (D:\ThucHanhDiDong\Bai_Tap_Tuan_8\NguyenThanhNhan\.gradle\7.0.2\fileHashes)" [_thread_blocked, id=10344, stack(0x0000007e41a00000,0x0000007e41b00000)]
  0x000001c9ba40e800 JavaThread "Cache worker for checksums cache (D:\ThucHanhDiDong\Bai_Tap_Tuan_8\NguyenThanhNhan\.gradle\checksums)" [_thread_blocked, id=12828, stack(0x0000007e41c00000,0x0000007e41d00000)]
  0x000001c9ba40c000 JavaThread "Cache worker for cache directory md-supplier (C:\Users\Dell\.gradle\caches\7.0.2\md-supplier)" [_thread_blocked, id=4168, stack(0x0000007e41d00000,0x0000007e41e00000)]
  0x000001c9ba410000 JavaThread "Cache worker for cache directory md-rule (C:\Users\Dell\.gradle\caches\7.0.2\md-rule)" [_thread_blocked, id=13900, stack(0x0000007e42800000,0x0000007e42900000)]
  0x000001c9ba412800 JavaThread "Cache worker for dependencies-accessors (D:\ThucHanhDiDong\Bai_Tap_Tuan_8\NguyenThanhNhan\.gradle\7.0.2\dependencies-accessors)" [_thread_blocked, id=9204, stack(0x0000007e42b00000,0x0000007e42c00000)]
  0x000001c9ba40c800 JavaThread "Cache worker for Build Output Cleanup Cache (D:\ThucHanhDiDong\Bai_Tap_Tuan_8\NguyenThanhNhan\.gradle\buildOutputCleanup)" [_thread_blocked, id=10740, stack(0x0000007e42c00000,0x0000007e42d00000)]
  0x000001c9ba413000 JavaThread "Build operations" [_thread_blocked, id=7808, stack(0x0000007e41b00000,0x0000007e41c00000)]
  0x000001c9ba40d800 JavaThread "Build operations Thread 2" [_thread_blocked, id=5632, stack(0x0000007e42d00000,0x0000007e42e00000)]
  0x000001c9ba411800 JavaThread "Build operations Thread 3" [_thread_blocked, id=7532, stack(0x0000007e42e00000,0x0000007e42f00000)]
  0x000001c9ba414000 JavaThread "Build operations Thread 4" [_thread_blocked, id=3020, stack(0x0000007e43300000,0x0000007e43400000)]
  0x000001c9ba40f000 JavaThread "Build operations Thread 5" [_thread_blocked, id=1688, stack(0x0000007e43500000,0x0000007e43600000)]
  0x000001c9c30a6000 JavaThread "Build operations Thread 6" [_thread_blocked, id=13776, stack(0x0000007e43600000,0x0000007e43700000)]
  0x000001c9c30a8800 JavaThread "Build operations Thread 7" [_thread_blocked, id=7252, stack(0x0000007e43700000,0x0000007e43800000)]
  0x000001c9c30ad800 JavaThread "Build operations Thread 8" [_thread_blocked, id=11804, stack(0x0000007e43800000,0x0000007e43900000)]
  0x000001c9c30ac000 JavaThread "build event listener" [_thread_blocked, id=10332, stack(0x0000007e43b00000,0x0000007e43c00000)]
  0x000001c9c30a8000 JavaThread "Execution worker for ':'" [_thread_blocked, id=3592, stack(0x0000007e43c00000,0x0000007e43d00000)]
  0x000001c9c30b2800 JavaThread "Execution worker for ':' Thread 2" [_thread_blocked, id=10060, stack(0x0000007e43d00000,0x0000007e43e00000)]
  0x000001c9c30b3800 JavaThread "Execution worker for ':' Thread 3" [_thread_blocked, id=920, stack(0x0000007e44500000,0x0000007e44600000)]
  0x000001c9c30af000 JavaThread "Execution worker for ':' Thread 4" [_thread_blocked, id=9296, stack(0x0000007e44600000,0x0000007e44700000)]
  0x000001c9c30b4000 JavaThread "Execution worker for ':' Thread 5" [_thread_blocked, id=11664, stack(0x0000007e44700000,0x0000007e44800000)]
  0x000001c9c30b0000 JavaThread "Execution worker for ':' Thread 6" [_thread_blocked, id=5392, stack(0x0000007e44800000,0x0000007e44900000)]
  0x000001c9c30b1000 JavaThread "Execution worker for ':' Thread 7" [_thread_blocked, id=1868, stack(0x0000007e44900000,0x0000007e44a00000)]
  0x000001c9c30b1800 JavaThread "Cache worker for execution history cache (D:\ThucHanhDiDong\Bai_Tap_Tuan_8\NguyenThanhNhan\.gradle\7.0.2\executionHistory)" [_thread_blocked, id=11744, stack(0x0000007e44a00000,0x0000007e44b00000)]
  0x000001c9bcda5000 JavaThread "WorkerExecutor Queue Thread 2" [_thread_blocked, id=5852, stack(0x0000007e44c00000,0x0000007e44d00000)]
  0x000001c9bcda5800 JavaThread "WorkerExecutor Queue Thread 3" [_thread_blocked, id=5940, stack(0x0000007e44d00000,0x0000007e44e00000)]
  0x000001c9bcda4000 JavaThread "pool-8-thread-1" [_thread_blocked, id=8984, stack(0x0000007e44e00000,0x0000007e44f00000)]
  0x000001c9bcdaa800 JavaThread "stderr" [_thread_in_native, id=7236, stack(0x0000007e44f00000,0x0000007e45000000)]
  0x000001c9bcda8000 JavaThread "stdout" [_thread_in_native, id=12724, stack(0x0000007e45300000,0x0000007e45400000)]
  0x000001c9bcda6800 JavaThread "Cache worker for Java compile cache (D:\ThucHanhDiDong\Bai_Tap_Tuan_8\NguyenThanhNhan\.gradle\7.0.2\javaCompile)" [_thread_blocked, id=7952, stack(0x0000007e43a00000,0x0000007e43b00000)]

Other Threads:
  0x000001c9b6f15000 VMThread "VM Thread" [stack: 0x0000007e40700000,0x0000007e40800000] [id=3372]
  0x000001c9b7a64800 WatcherThread [stack: 0x0000007e41100000,0x0000007e41200000] [id=4304]
  0x000001c99c2d3000 GCTaskThread "GC Thread#0" [stack: 0x0000007e40200000,0x0000007e40300000] [id=10784]
  0x000001c9b86c1800 GCTaskThread "GC Thread#1" [stack: 0x0000007e41400000,0x0000007e41500000] [id=14036]
  0x000001c9b8b59800 GCTaskThread "GC Thread#2" [stack: 0x0000007e41e00000,0x0000007e41f00000] [id=12212]
  0x000001c9b862b000 GCTaskThread "GC Thread#3" [stack: 0x0000007e41f00000,0x0000007e42000000] [id=12256]
  0x000001c9b881e800 GCTaskThread "GC Thread#4" [stack: 0x0000007e42000000,0x0000007e42100000] [id=9436]
  0x000001c9ba5f8800 GCTaskThread "GC Thread#5" [stack: 0x0000007e42100000,0x0000007e42200000] [id=6300]
  0x000001c9b8997800 GCTaskThread "GC Thread#6" [stack: 0x0000007e42200000,0x0000007e42300000] [id=11792]
  0x000001c9b8ba4000 GCTaskThread "GC Thread#7" [stack: 0x0000007e42300000,0x0000007e42400000] [id=1588]
  0x000001c99c30f800 ConcurrentGCThread "G1 Main Marker" [stack: 0x0000007e40300000,0x0000007e40400000] [id=11080]
  0x000001c99c311000 ConcurrentGCThread "G1 Conc#0" [stack: 0x0000007e40400000,0x0000007e40500000] [id=11068]
  0x000001c9b90ff000 ConcurrentGCThread "G1 Conc#1" [stack: 0x0000007e42600000,0x0000007e42700000] [id=11904]
  0x000001c99c39e000 ConcurrentGCThread "G1 Refine#0" [stack: 0x0000007e40500000,0x0000007e40600000] [id=11072]
  0x000001c9baf12800 ConcurrentGCThread "G1 Refine#1" [stack: 0x0000007e45000000,0x0000007e45100000] [id=12444]
  0x000001c9baf12000 ConcurrentGCThread "G1 Refine#2" [stack: 0x0000007e45100000,0x0000007e45200000] [id=12512]
  0x000001c9baf16000 ConcurrentGCThread "G1 Refine#3" [stack: 0x0000007e45200000,0x0000007e45300000] [id=12504]
  0x000001c9b6d62800 ConcurrentGCThread "G1 Young RemSet Sampling" [stack: 0x0000007e40600000,0x0000007e40700000] [id=11036]

Threads with active compile tasks:
C2 CompilerThread03430989 22075   !   4       com.sun.tools.javac.api.ClientCodeWrapper$WrappedJavaFileManager::inferBinaryName (32 bytes)
C1 CompilerThread03430989 22099       3       com.sun.tools.javac.jvm.ClassReader$5::read (81 bytes)

VM state:at safepoint (normal execution)

VM Mutex/Monitor currently owned by a thread:  ([mutex/lock_event])
[0x000001c99c2b9080] Threads_lock - owner thread: 0x000001c9b6f15000
[0x000001c99c2b77c0] Heap_lock - owner thread: 0x000001c9c30b1000

Heap address: 0x0000000080000000, size: 2048 MB, Compressed Oops mode: 32-bit
Narrow klass base: 0x0000000000000000, Narrow klass shift: 3
Compressed class space size: 1073741824 Address: 0x0000000100000000

Heap:
 garbage-first heap   total 317440K, used 260994K [0x0000000080000000, 0x0000000100000000)
  region size 1024K, 111 young (113664K), 11 survivors (11264K)
 Metaspace       used 122589K, capacity 125983K, committed 126080K, reserved 1159168K
  class space    used 15438K, capacity 16779K, committed 16844K, reserved 1048576K
Heap Regions: E=young(eden), S=young(survivor), O=old, HS=humongous(starts), HC=humongous(continues), CS=collection set, F=free, A=archive, TAMS=top-at-mark-start (previous, next)
|   0|0x0000000080000000, 0x0000000080100000, 0x0000000080100000|100%| O|  |TAMS 0x0000000080100000, 0x0000000080000000| Untracked 
|   1|0x0000000080100000, 0x0000000080200000, 0x0000000080200000|100%| O|  |TAMS 0x0000000080200000, 0x0000000080100000| Untracked 
|   2|0x0000000080200000, 0x0000000080300000, 0x0000000080300000|100%| O|  |TAMS 0x0000000080300000, 0x0000000080200000| Untracked 
|   3|0x0000000080300000, 0x0000000080400000, 0x0000000080400000|100%|HS|  |TAMS 0x0000000080400000, 0x0000000080300000| Complete 
|   4|0x0000000080400000, 0x0000000080500000, 0x0000000080500000|100%|HC|  |TAMS 0x0000000080500000, 0x0000000080400000| Complete 
|   5|0x0000000080500000, 0x0000000080600000, 0x0000000080600000|100%|HC|  |TAMS 0x0000000080600000, 0x0000000080500000| Complete 
|   6|0x0000000080600000, 0x0000000080700000, 0x0000000080700000|100%| O|  |TAMS 0x0000000080700000, 0x0000000080600000| Untracked 
|   7|0x0000000080700000, 0x0000000080800000, 0x0000000080800000|100%| O|  |TAMS 0x0000000080800000, 0x0000000080700000| Untracked 
|   8|0x0000000080800000, 0x0000000080900000, 0x0000000080900000|100%| O|  |TAMS 0x0000000080900000, 0x0000000080800000| Untracked 
|   9|0x0000000080900000, 0x0000000080a00000, 0x0000000080a00000|100%| O|  |TAMS 0x0000000080a00000, 0x0000000080900000| Untracked 
|  10|0x0000000080a00000, 0x0000000080b00000, 0x0000000080b00000|100%| O|  |TAMS 0x0000000080b00000, 0x0000000080a00000| Untracked 
|  11|0x0000000080b00000, 0x0000000080c00000, 0x0000000080c00000|100%| O|  |TAMS 0x0000000080c00000, 0x0000000080b00000| Untracked 
|  12|0x0000000080c00000, 0x0000000080d00000, 0x0000000080d00000|100%| O|  |TAMS 0x0000000080d00000, 0x0000000080c00000| Untracked 
|  13|0x0000000080d00000, 0x0000000080e00000, 0x0000000080e00000|100%| O|  |TAMS 0x0000000080e00000, 0x0000000080d00000| Untracked 
|  14|0x0000000080e00000, 0x0000000080f00000, 0x0000000080f00000|100%| O|  |TAMS 0x0000000080f00000, 0x0000000080e00000| Untracked 
|  15|0x0000000080f00000, 0x0000000081000000, 0x0000000081000000|100%| O|  |TAMS 0x0000000081000000, 0x0000000080f00000| Untracked 
|  16|0x0000000081000000, 0x0000000081100000, 0x0000000081100000|100%|HS|  |TAMS 0x0000000081100000, 0x0000000081000000| Complete 
|  17|0x0000000081100000, 0x0000000081200000, 0x0000000081200000|100%| O|  |TAMS 0x0000000081200000, 0x0000000081100000| Untracked 
|  18|0x0000000081200000, 0x0000000081300000, 0x0000000081300000|100%| O|  |TAMS 0x0000000081300000, 0x0000000081200000| Untracked 
|  19|0x0000000081300000, 0x0000000081400000, 0x0000000081400000|100%| O|  |TAMS 0x0000000081400000, 0x0000000081300000| Untracked 
|  20|0x0000000081400000, 0x0000000081500000, 0x0000000081500000|100%| O|  |TAMS 0x0000000081500000, 0x0000000081400000| Untracked 
|  21|0x0000000081500000, 0x0000000081600000, 0x0000000081600000|100%| O|  |TAMS 0x0000000081600000, 0x0000000081500000| Untracked 
|  22|0x0000000081600000, 0x0000000081700000, 0x0000000081700000|100%| O|  |TAMS 0x0000000081700000, 0x0000000081600000| Untracked 
|  23|0x0000000081700000, 0x0000000081800000, 0x0000000081800000|100%| O|  |TAMS 0x0000000081800000, 0x0000000081700000| Untracked 
|  24|0x0000000081800000, 0x0000000081900000, 0x0000000081900000|100%| O|  |TAMS 0x0000000081900000, 0x0000000081800000| Untracked 
|  25|0x0000000081900000, 0x0000000081a00000, 0x0000000081a00000|100%| O|  |TAMS 0x0000000081a00000, 0x0000000081900000| Untracked 
|  26|0x0000000081a00000, 0x0000000081b00000, 0x0000000081b00000|100%|HS|  |TAMS 0x0000000081a00000, 0x0000000081a00000| Complete 
|  27|0x0000000081b00000, 0x0000000081c00000, 0x0000000081c00000|100%|HS|  |TAMS 0x0000000081c00000, 0x0000000081b00000| Complete 
|  28|0x0000000081c00000, 0x0000000081d00000, 0x0000000081d00000|100%|HS|  |TAMS 0x0000000081d00000, 0x0000000081c00000| Complete 
|  29|0x0000000081d00000, 0x0000000081e00000, 0x0000000081e00000|100%|HC|  |TAMS 0x0000000081e00000, 0x0000000081d00000| Complete 
|  30|0x0000000081e00000, 0x0000000081f00000, 0x0000000081f00000|100%| O|  |TAMS 0x0000000081f00000, 0x0000000081e00000| Untracked 
|  31|0x0000000081f00000, 0x0000000082000000, 0x0000000082000000|100%| O|  |TAMS 0x0000000082000000, 0x0000000081f00000| Untracked 
|  32|0x0000000082000000, 0x0000000082100000, 0x0000000082100000|100%| O|  |TAMS 0x0000000082100000, 0x0000000082000000| Untracked 
|  33|0x0000000082100000, 0x0000000082200000, 0x0000000082200000|100%| O|  |TAMS 0x0000000082200000, 0x0000000082100000| Untracked 
|  34|0x0000000082200000, 0x0000000082300000, 0x0000000082300000|100%| O|  |TAMS 0x0000000082300000, 0x0000000082200000| Untracked 
|  35|0x0000000082300000, 0x0000000082400000, 0x0000000082400000|100%| O|  |TAMS 0x0000000082400000, 0x0000000082300000| Untracked 
|  36|0x0000000082400000, 0x0000000082500000, 0x0000000082500000|100%| O|  |TAMS 0x0000000082500000, 0x0000000082400000| Untracked 
|  37|0x0000000082500000, 0x0000000082600000, 0x0000000082600000|100%| O|  |TAMS 0x0000000082600000, 0x0000000082500000| Untracked 
|  38|0x0000000082600000, 0x0000000082700000, 0x0000000082700000|100%| O|  |TAMS 0x0000000082700000, 0x0000000082600000| Untracked 
|  39|0x0000000082700000, 0x0000000082800000, 0x0000000082800000|100%| O|  |TAMS 0x0000000082800000, 0x0000000082700000| Untracked 
|  40|0x0000000082800000, 0x0000000082900000, 0x0000000082900000|100%| O|  |TAMS 0x0000000082900000, 0x0000000082800000| Untracked 
|  41|0x0000000082900000, 0x0000000082a00000, 0x0000000082a00000|100%| O|  |TAMS 0x0000000082a00000, 0x0000000082900000| Untracked 
|  42|0x0000000082a00000, 0x0000000082b00000, 0x0000000082b00000|100%| O|  |TAMS 0x0000000082b00000, 0x0000000082a00000| Untracked 
|  43|0x0000000082b00000, 0x0000000082c00000, 0x0000000082c00000|100%| O|  |TAMS 0x0000000082c00000, 0x0000000082b00000| Untracked 
|  44|0x0000000082c00000, 0x0000000082d00000, 0x0000000082d00000|100%| O|  |TAMS 0x0000000082d00000, 0x0000000082c00000| Untracked 
|  45|0x0000000082d00000, 0x0000000082e00000, 0x0000000082e00000|100%| O|  |TAMS 0x0000000082e00000, 0x0000000082d00000| Untracked 
|  46|0x0000000082e00000, 0x0000000082f00000, 0x0000000082f00000|100%| O|  |TAMS 0x0000000082f00000, 0x0000000082e00000| Untracked 
|  47|0x0000000082f00000, 0x0000000083000000, 0x0000000083000000|100%| O|  |TAMS 0x0000000083000000, 0x0000000082f00000| Untracked 
|  48|0x0000000083000000, 0x0000000083100000, 0x0000000083100000|100%| O|  |TAMS 0x0000000083100000, 0x0000000083000000| Untracked 
|  49|0x0000000083100000, 0x0000000083200000, 0x0000000083200000|100%| O|  |TAMS 0x0000000083200000, 0x0000000083100000| Untracked 
|  50|0x0000000083200000, 0x0000000083300000, 0x0000000083300000|100%| O|  |TAMS 0x0000000083300000, 0x0000000083200000| Untracked 
|  51|0x0000000083300000, 0x0000000083400000, 0x0000000083400000|100%| O|  |TAMS 0x0000000083400000, 0x0000000083300000| Untracked 
|  52|0x0000000083400000, 0x0000000083500000, 0x0000000083500000|100%| O|  |TAMS 0x0000000083500000, 0x0000000083400000| Untracked 
|  53|0x0000000083500000, 0x0000000083600000, 0x0000000083600000|100%| O|  |TAMS 0x0000000083600000, 0x0000000083500000| Untracked 
|  54|0x0000000083600000, 0x0000000083700000, 0x0000000083700000|100%| O|  |TAMS 0x0000000083700000, 0x0000000083600000| Untracked 
|  55|0x0000000083700000, 0x0000000083800000, 0x0000000083800000|100%| O|  |TAMS 0x0000000083800000, 0x0000000083700000| Untracked 
|  56|0x0000000083800000, 0x0000000083900000, 0x0000000083900000|100%| O|  |TAMS 0x0000000083900000, 0x0000000083800000| Untracked 
|  57|0x0000000083900000, 0x0000000083a00000, 0x0000000083a00000|100%| O|  |TAMS 0x0000000083a00000, 0x0000000083900000| Untracked 
|  58|0x0000000083a00000, 0x0000000083b00000, 0x0000000083b00000|100%| O|  |TAMS 0x0000000083b00000, 0x0000000083a00000| Untracked 
|  59|0x0000000083b00000, 0x0000000083c00000, 0x0000000083c00000|100%| O|  |TAMS 0x0000000083c00000, 0x0000000083b00000| Untracked 
|  60|0x0000000083c00000, 0x0000000083d00000, 0x0000000083d00000|100%|HS|  |TAMS 0x0000000083c00000, 0x0000000083c00000| Complete 
|  61|0x0000000083d00000, 0x0000000083e00000, 0x0000000083e00000|100%| O|  |TAMS 0x0000000083e00000, 0x0000000083d00000| Untracked 
|  62|0x0000000083e00000, 0x0000000083f00000, 0x0000000083f00000|100%| O|  |TAMS 0x0000000083e00000, 0x0000000083e00000| Untracked 
|  63|0x0000000083f00000, 0x0000000084000000, 0x0000000084000000|100%|HS|  |TAMS 0x0000000084000000, 0x0000000083f00000| Complete 
|  64|0x0000000084000000, 0x0000000084100000, 0x0000000084100000|100%|HC|  |TAMS 0x0000000084100000, 0x0000000084000000| Complete 
|  65|0x0000000084100000, 0x0000000084200000, 0x0000000084200000|100%|HS|  |TAMS 0x0000000084200000, 0x0000000084100000| Complete 
|  66|0x0000000084200000, 0x0000000084300000, 0x0000000084300000|100%|HS|  |TAMS 0x0000000084300000, 0x0000000084200000| Complete 
|  67|0x0000000084300000, 0x0000000084400000, 0x0000000084400000|100%| O|  |TAMS 0x0000000084400000, 0x0000000084300000| Untracked 
|  68|0x0000000084400000, 0x0000000084500000, 0x0000000084500000|100%| O|  |TAMS 0x0000000084500000, 0x0000000084400000| Untracked 
|  69|0x0000000084500000, 0x0000000084600000, 0x0000000084600000|100%|HS|  |TAMS 0x0000000084600000, 0x0000000084500000| Complete 
|  70|0x0000000084600000, 0x0000000084700000, 0x0000000084700000|100%| O|  |TAMS 0x0000000084700000, 0x0000000084600000| Untracked 
|  71|0x0000000084700000, 0x0000000084800000, 0x0000000084800000|100%| O|  |TAMS 0x0000000084800000, 0x0000000084700000| Untracked 
|  72|0x0000000084800000, 0x0000000084900000, 0x0000000084900000|100%| O|  |TAMS 0x0000000084900000, 0x0000000084800000| Untracked 
|  73|0x0000000084900000, 0x0000000084a00000, 0x0000000084a00000|100%| O|  |TAMS 0x0000000084a00000, 0x0000000084900000| Untracked 
|  74|0x0000000084a00000, 0x0000000084b00000, 0x0000000084b00000|100%| O|  |TAMS 0x0000000084b00000, 0x0000000084a00000| Untracked 
|  75|0x0000000084b00000, 0x0000000084c00000, 0x0000000084c00000|100%|HS|  |TAMS 0x0000000084b00000, 0x0000000084b00000| Complete 
|  76|0x0000000084c00000, 0x0000000084d00000, 0x0000000084d00000|100%| O|  |TAMS 0x0000000084c00000, 0x0000000084c00000| Untracked 
|  77|0x0000000084d00000, 0x0000000084e00000, 0x0000000084e00000|100%|HS|  |TAMS 0x0000000084d00000, 0x0000000084d00000| Complete 
|  78|0x0000000084e00000, 0x0000000084f00000, 0x0000000084f00000|100%| O|  |TAMS 0x0000000084f00000, 0x0000000084e00000| Untracked 
|  79|0x0000000084f00000, 0x0000000085000000, 0x0000000085000000|100%| O|  |TAMS 0x0000000084f00000, 0x0000000084f00000| Untracked 
|  80|0x0000000085000000, 0x0000000085100000, 0x0000000085100000|100%| O|  |TAMS 0x0000000085000000, 0x0000000085000000| Untracked 
|  81|0x0000000085100000, 0x0000000085200000, 0x0000000085200000|100%| O|  |TAMS 0x0000000085200000, 0x0000000085100000| Untracked 
|  82|0x0000000085200000, 0x0000000085300000, 0x0000000085300000|100%| O|  |TAMS 0x0000000085300000, 0x0000000085200000| Untracked 
|  83|0x0000000085300000, 0x0000000085400000, 0x0000000085400000|100%| O|  |TAMS 0x0000000085400000, 0x0000000085300000| Untracked 
|  84|0x0000000085400000, 0x0000000085500000, 0x0000000085500000|100%| O|  |TAMS 0x0000000085500000, 0x0000000085400000| Untracked 
|  85|0x0000000085500000, 0x0000000085600000, 0x0000000085600000|100%| O|  |TAMS 0x0000000085600000, 0x0000000085500000| Untracked 
|  86|0x0000000085600000, 0x0000000085700000, 0x0000000085700000|100%| O|  |TAMS 0x0000000085700000, 0x0000000085600000| Untracked 
|  87|0x0000000085700000, 0x0000000085800000, 0x0000000085800000|100%| O|  |TAMS 0x0000000085800000, 0x0000000085700000| Untracked 
|  88|0x0000000085800000, 0x0000000085900000, 0x0000000085900000|100%|HS|  |TAMS 0x0000000085800000, 0x0000000085800000| Complete 
|  89|0x0000000085900000, 0x0000000085a00000, 0x0000000085a00000|100%| O|  |TAMS 0x0000000085a00000, 0x0000000085900000| Untracked 
|  90|0x0000000085a00000, 0x0000000085b00000, 0x0000000085b00000|100%| O|  |TAMS 0x0000000085a00000, 0x0000000085a00000| Untracked 
|  91|0x0000000085b00000, 0x0000000085c00000, 0x0000000085c00000|100%| O|  |TAMS 0x0000000085c00000, 0x0000000085b00000| Untracked 
|  92|0x0000000085c00000, 0x0000000085d00000, 0x0000000085d00000|100%| O|  |TAMS 0x0000000085d00000, 0x0000000085c00000| Untracked 
|  93|0x0000000085d00000, 0x0000000085e00000, 0x0000000085e00000|100%| O|  |TAMS 0x0000000085e00000, 0x0000000085d00000| Untracked 
|  94|0x0000000085e00000, 0x0000000085f00000, 0x0000000085f00000|100%| O|  |TAMS 0x0000000085f00000, 0x0000000085e00000| Untracked 
|  95|0x0000000085f00000, 0x0000000086000000, 0x0000000086000000|100%| O|  |TAMS 0x0000000086000000, 0x0000000085f00000| Untracked 
|  96|0x0000000086000000, 0x0000000086100000, 0x0000000086100000|100%| O|  |TAMS 0x0000000086100000, 0x0000000086000000| Untracked 
|  97|0x0000000086100000, 0x0000000086200000, 0x0000000086200000|100%| O|  |TAMS 0x0000000086200000, 0x0000000086100000| Untracked 
|  98|0x0000000086200000, 0x0000000086300000, 0x0000000086300000|100%| O|  |TAMS 0x0000000086300000, 0x0000000086200000| Untracked 
|  99|0x0000000086300000, 0x0000000086400000, 0x0000000086400000|100%| O|  |TAMS 0x0000000086400000, 0x0000000086300000| Untracked 
| 100|0x0000000086400000, 0x0000000086500000, 0x0000000086500000|100%| O|  |TAMS 0x0000000086500000, 0x0000000086400000| Untracked 
| 101|0x0000000086500000, 0x0000000086600000, 0x0000000086600000|100%| O|  |TAMS 0x0000000086600000, 0x0000000086500000| Untracked 
| 102|0x0000000086600000, 0x0000000086700000, 0x0000000086700000|100%| O|  |TAMS 0x0000000086700000, 0x0000000086600000| Untracked 
| 103|0x0000000086700000, 0x0000000086800000, 0x0000000086800000|100%| O|  |TAMS 0x0000000086800000, 0x0000000086700000| Untracked 
| 104|0x0000000086800000, 0x0000000086900000, 0x0000000086900000|100%| O|  |TAMS 0x0000000086900000, 0x0000000086800000| Untracked 
| 105|0x0000000086900000, 0x0000000086a00000, 0x0000000086a00000|100%| O|  |TAMS 0x0000000086a00000, 0x0000000086900000| Untracked 
| 106|0x0000000086a00000, 0x0000000086b00000, 0x0000000086b00000|100%| O|  |TAMS 0x0000000086b00000, 0x0000000086a00000| Untracked 
| 107|0x0000000086b00000, 0x0000000086c00000, 0x0000000086c00000|100%| O|  |TAMS 0x0000000086c00000, 0x0000000086b00000| Untracked 
| 108|0x0000000086c00000, 0x0000000086d00000, 0x0000000086d00000|100%|HS|  |TAMS 0x0000000086c00000, 0x0000000086c00000| Complete 
| 109|0x0000000086d00000, 0x0000000086e00000, 0x0000000086e00000|100%| O|  |TAMS 0x0000000086e00000, 0x0000000086d00000| Untracked 
| 110|0x0000000086e00000, 0x0000000086f00000, 0x0000000086f00000|100%| O|  |TAMS 0x0000000086f00000, 0x0000000086e00000| Untracked 
| 111|0x0000000086f00000, 0x0000000087000000, 0x0000000087000000|100%| O|  |TAMS 0x0000000087000000, 0x0000000086f00000| Untracked 
| 112|0x0000000087000000, 0x0000000087100000, 0x0000000087100000|100%| O|  |TAMS 0x0000000087100000, 0x0000000087000000| Untracked 
| 113|0x0000000087100000, 0x0000000087200000, 0x0000000087200000|100%| O|  |TAMS 0x0000000087200000, 0x0000000087100000| Untracked 
| 114|0x0000000087200000, 0x0000000087300000, 0x0000000087300000|100%| O|  |TAMS 0x0000000087300000, 0x0000000087200000| Untracked 
| 115|0x0000000087300000, 0x0000000087400000, 0x0000000087400000|100%| O|  |TAMS 0x0000000087400000, 0x0000000087300000| Untracked 
| 116|0x0000000087400000, 0x0000000087500000, 0x0000000087500000|100%| O|  |TAMS 0x0000000087500000, 0x0000000087400000| Untracked 
| 117|0x0000000087500000, 0x0000000087600000, 0x0000000087600000|100%| O|  |TAMS 0x0000000087500000, 0x0000000087500000| Untracked 
| 118|0x0000000087600000, 0x0000000087700000, 0x0000000087700000|100%| O|  |TAMS 0x0000000087700000, 0x0000000087600000| Untracked 
| 119|0x0000000087700000, 0x0000000087800000, 0x0000000087800000|100%| O|  |TAMS 0x0000000087800000, 0x0000000087700000| Untracked 
| 120|0x0000000087800000, 0x0000000087900000, 0x0000000087900000|100%| O|  |TAMS 0x0000000087900000, 0x0000000087800000| Untracked 
| 121|0x0000000087900000, 0x0000000087a00000, 0x0000000087a00000|100%| O|  |TAMS 0x0000000087a00000, 0x0000000087900000| Untracked 
| 122|0x0000000087a00000, 0x0000000087b00000, 0x0000000087b00000|100%| O|  |TAMS 0x0000000087b00000, 0x0000000087a00000| Untracked 
| 123|0x0000000087b00000, 0x0000000087c00000, 0x0000000087c00000|100%| O|  |TAMS 0x0000000087c00000, 0x0000000087b00000| Untracked 
| 124|0x0000000087c00000, 0x0000000087d00000, 0x0000000087d00000|100%| O|  |TAMS 0x0000000087d00000, 0x0000000087c00000| Untracked 
| 125|0x0000000087d00000, 0x0000000087e00000, 0x0000000087e00000|100%|HS|  |TAMS 0x0000000087d00000, 0x0000000087d00000| Complete 
| 126|0x0000000087e00000, 0x0000000087f00000, 0x0000000087f00000|100%|HC|  |TAMS 0x0000000087e00000, 0x0000000087e00000| Complete 
| 127|0x0000000087f00000, 0x0000000088000000, 0x0000000088000000|100%| O|  |TAMS 0x0000000088000000, 0x0000000087f00000| Untracked 
| 128|0x0000000088000000, 0x0000000088100000, 0x0000000088100000|100%| O|  |TAMS 0x0000000088100000, 0x0000000088000000| Untracked 
| 129|0x0000000088100000, 0x0000000088200000, 0x0000000088200000|100%| O|  |TAMS 0x0000000088200000, 0x0000000088100000| Untracked 
| 130|0x0000000088200000, 0x0000000088300000, 0x0000000088300000|100%| O|  |TAMS 0x0000000088200000, 0x0000000088200000| Untracked 
| 131|0x0000000088300000, 0x0000000088400000, 0x0000000088400000|100%| O|  |TAMS 0x0000000088300000, 0x0000000088300000| Untracked 
| 132|0x0000000088400000, 0x0000000088500000, 0x0000000088500000|100%| O|  |TAMS 0x0000000088400000, 0x0000000088400000| Untracked 
| 133|0x0000000088500000, 0x0000000088600000, 0x0000000088600000|100%| O|  |TAMS 0x0000000088500000, 0x0000000088500000| Untracked 
| 134|0x0000000088600000, 0x0000000088700000, 0x0000000088700000|100%| O|  |TAMS 0x0000000088600000, 0x0000000088600000| Untracked 
| 135|0x0000000088700000, 0x0000000088800000, 0x0000000088800000|100%| O|  |TAMS 0x0000000088700000, 0x0000000088700000| Untracked 
| 136|0x0000000088800000, 0x0000000088900000, 0x0000000088900000|100%| O|  |TAMS 0x0000000088800000, 0x0000000088800000| Untracked 
| 137|0x0000000088900000, 0x0000000088a00000, 0x0000000088a00000|100%|HS|  |TAMS 0x0000000088900000, 0x0000000088900000| Complete 
| 138|0x0000000088a00000, 0x0000000088b00000, 0x0000000088b00000|100%| O|  |TAMS 0x0000000088a00000, 0x0000000088a00000| Untracked 
| 139|0x0000000088b00000, 0x0000000088c00000, 0x0000000088c00000|100%| O|  |TAMS 0x0000000088b00000, 0x0000000088b00000| Untracked 
| 140|0x0000000088c00000, 0x0000000088d00000, 0x0000000088d00000|100%| O|  |TAMS 0x0000000088c00000, 0x0000000088c00000| Untracked 
| 141|0x0000000088d00000, 0x0000000088d00000, 0x0000000088e00000|  0%| F|  |TAMS 0x0000000088d00000, 0x0000000088d00000| Untracked 
| 142|0x0000000088e00000, 0x0000000088e00000, 0x0000000088f00000|  0%| F|  |TAMS 0x0000000088e00000, 0x0000000088e00000| Untracked 
| 143|0x0000000088f00000, 0x0000000088f00000, 0x0000000089000000|  0%| F|  |TAMS 0x0000000088f00000, 0x0000000088f00000| Untracked 
| 144|0x0000000089000000, 0x0000000089000000, 0x0000000089100000|  0%| F|  |TAMS 0x0000000089000000, 0x0000000089000000| Untracked 
| 145|0x0000000089100000, 0x0000000089100000, 0x0000000089200000|  0%| F|  |TAMS 0x0000000089100000, 0x0000000089100000| Untracked 
| 146|0x0000000089200000, 0x0000000089300000, 0x0000000089300000|100%| O|  |TAMS 0x0000000089200000, 0x0000000089200000| Untracked 
| 147|0x0000000089300000, 0x0000000089400000, 0x0000000089400000|100%| O|  |TAMS 0x0000000089300000, 0x0000000089300000| Untracked 
| 148|0x0000000089400000, 0x0000000089500000, 0x0000000089500000|100%| O|  |TAMS 0x0000000089400000, 0x0000000089400000| Untracked 
| 149|0x0000000089500000, 0x0000000089600000, 0x0000000089600000|100%| O|  |TAMS 0x0000000089500000, 0x0000000089500000| Untracked 
| 150|0x0000000089600000, 0x0000000089700000, 0x0000000089700000|100%| O|  |TAMS 0x0000000089600000, 0x0000000089600000| Untracked 
| 151|0x0000000089700000, 0x0000000089800000, 0x0000000089800000|100%| O|  |TAMS 0x0000000089700000, 0x0000000089700000| Untracked 
| 152|0x0000000089800000, 0x0000000089900000, 0x0000000089900000|100%| O|  |TAMS 0x0000000089800000, 0x0000000089800000| Untracked 
| 153|0x0000000089900000, 0x0000000089a00000, 0x0000000089a00000|100%| O|  |TAMS 0x0000000089900000, 0x0000000089900000| Untracked 
| 154|0x0000000089a00000, 0x0000000089b00000, 0x0000000089b00000|100%| O|  |TAMS 0x0000000089a00000, 0x0000000089a00000| Untracked 
| 155|0x0000000089b00000, 0x0000000089b00000, 0x0000000089c00000|  0%| F|  |TAMS 0x0000000089b00000, 0x0000000089b00000| Untracked 
| 156|0x0000000089c00000, 0x0000000089c00000, 0x0000000089d00000|  0%| F|  |TAMS 0x0000000089c00000, 0x0000000089c00000| Untracked 
| 157|0x0000000089d00000, 0x0000000089d00000, 0x0000000089e00000|  0%| F|  |TAMS 0x0000000089d00000, 0x0000000089d00000| Untracked 
| 158|0x0000000089e00000, 0x0000000089e00000, 0x0000000089f00000|  0%| F|  |TAMS 0x0000000089e00000, 0x0000000089e00000| Untracked 
| 159|0x0000000089f00000, 0x0000000089f00000, 0x000000008a000000|  0%| F|  |TAMS 0x0000000089f00000, 0x0000000089f00000| Untracked 
| 160|0x000000008a000000, 0x000000008a000000, 0x000000008a100000|  0%| F|  |TAMS 0x000000008a000000, 0x000000008a000000| Untracked 
| 161|0x000000008a100000, 0x000000008a100000, 0x000000008a200000|  0%| F|  |TAMS 0x000000008a100000, 0x000000008a100000| Untracked 
| 162|0x000000008a200000, 0x000000008a200000, 0x000000008a300000|  0%| F|  |TAMS 0x000000008a200000, 0x000000008a200000| Untracked 
| 163|0x000000008a300000, 0x000000008a300000, 0x000000008a400000|  0%| F|  |TAMS 0x000000008a300000, 0x000000008a300000| Untracked 
| 164|0x000000008a400000, 0x000000008a400000, 0x000000008a500000|  0%| F|  |TAMS 0x000000008a400000, 0x000000008a400000| Untracked 
| 165|0x000000008a500000, 0x000000008a500000, 0x000000008a600000|  0%| F|  |TAMS 0x000000008a500000, 0x000000008a500000| Untracked 
| 166|0x000000008a600000, 0x000000008a700000, 0x000000008a700000|100%| O|  |TAMS 0x000000008a600000, 0x000000008a600000| Untracked 
| 167|0x000000008a700000, 0x000000008a800000, 0x000000008a800000|100%| O|  |TAMS 0x000000008a700000, 0x000000008a700000| Untracked 
| 168|0x000000008a800000, 0x000000008a84d000, 0x000000008a900000| 30%| O|  |TAMS 0x000000008a800000, 0x000000008a800000| Untracked 
| 169|0x000000008a900000, 0x000000008a900000, 0x000000008aa00000|  0%| F|  |TAMS 0x000000008a900000, 0x000000008a900000| Untracked 
| 170|0x000000008aa00000, 0x000000008aa00000, 0x000000008ab00000|  0%| F|  |TAMS 0x000000008aa00000, 0x000000008aa00000| Untracked 
| 171|0x000000008ab00000, 0x000000008ab00000, 0x000000008ac00000|  0%| F|  |TAMS 0x000000008ab00000, 0x000000008ab00000| Untracked 
| 172|0x000000008ac00000, 0x000000008ac00000, 0x000000008ad00000|  0%| F|  |TAMS 0x000000008ac00000, 0x000000008ac00000| Untracked 
| 173|0x000000008ad00000, 0x000000008ad00000, 0x000000008ae00000|  0%| F|  |TAMS 0x000000008ad00000, 0x000000008ad00000| Untracked 
| 174|0x000000008ae00000, 0x000000008ae00000, 0x000000008af00000|  0%| F|  |TAMS 0x000000008ae00000, 0x000000008ae00000| Untracked 
| 175|0x000000008af00000, 0x000000008af00000, 0x000000008b000000|  0%| F|  |TAMS 0x000000008af00000, 0x000000008af00000| Untracked 
| 176|0x000000008b000000, 0x000000008b000000, 0x000000008b100000|  0%| F|  |TAMS 0x000000008b000000, 0x000000008b000000| Untracked 
| 177|0x000000008b100000, 0x000000008b100000, 0x000000008b200000|  0%| F|  |TAMS 0x000000008b100000, 0x000000008b100000| Untracked 
| 178|0x000000008b200000, 0x000000008b200000, 0x000000008b300000|  0%| F|  |TAMS 0x000000008b200000, 0x000000008b200000| Untracked 
| 179|0x000000008b300000, 0x000000008b300000, 0x000000008b400000|  0%| F|  |TAMS 0x000000008b300000, 0x000000008b300000| Untracked 
| 180|0x000000008b400000, 0x000000008b400000, 0x000000008b500000|  0%| F|  |TAMS 0x000000008b400000, 0x000000008b400000| Untracked 
| 181|0x000000008b500000, 0x000000008b500000, 0x000000008b600000|  0%| F|  |TAMS 0x000000008b500000, 0x000000008b500000| Untracked 
| 182|0x000000008b600000, 0x000000008b600000, 0x000000008b700000|  0%| F|  |TAMS 0x000000008b600000, 0x000000008b600000| Untracked 
| 183|0x000000008b700000, 0x000000008b700000, 0x000000008b800000|  0%| F|  |TAMS 0x000000008b700000, 0x000000008b700000| Untracked 
| 184|0x000000008b800000, 0x000000008b800000, 0x000000008b900000|  0%| F|  |TAMS 0x000000008b800000, 0x000000008b800000| Untracked 
| 185|0x000000008b900000, 0x000000008b900000, 0x000000008ba00000|  0%| F|  |TAMS 0x000000008b900000, 0x000000008b900000| Untracked 
| 186|0x000000008ba00000, 0x000000008ba00000, 0x000000008bb00000|  0%| F|  |TAMS 0x000000008ba00000, 0x000000008ba00000| Untracked 
| 187|0x000000008bb00000, 0x000000008bb00000, 0x000000008bc00000|  0%| F|  |TAMS 0x000000008bb00000, 0x000000008bb00000| Untracked 
| 188|0x000000008bc00000, 0x000000008bc00000, 0x000000008bd00000|  0%| F|  |TAMS 0x000000008bc00000, 0x000000008bc00000| Untracked 
| 189|0x000000008bd00000, 0x000000008bd00000, 0x000000008be00000|  0%| F|  |TAMS 0x000000008bd00000, 0x000000008bd00000| Untracked 
| 190|0x000000008be00000, 0x000000008be00000, 0x000000008bf00000|  0%| F|  |TAMS 0x000000008be00000, 0x000000008be00000| Untracked 
| 191|0x000000008bf00000, 0x000000008bf00000, 0x000000008c000000|  0%| F|  |TAMS 0x000000008bf00000, 0x000000008bf00000| Untracked 
| 192|0x000000008c000000, 0x000000008c000000, 0x000000008c100000|  0%| F|  |TAMS 0x000000008c000000, 0x000000008c000000| Untracked 
| 193|0x000000008c100000, 0x000000008c100000, 0x000000008c200000|  0%| F|  |TAMS 0x000000008c100000, 0x000000008c100000| Untracked 
| 194|0x000000008c200000, 0x000000008c2efe50, 0x000000008c300000| 93%| S|  |TAMS 0x000000008c200000, 0x000000008c200000| Complete 
| 195|0x000000008c300000, 0x000000008c400000, 0x000000008c400000|100%| S|  |TAMS 0x000000008c300000, 0x000000008c300000| Complete 
| 196|0x000000008c400000, 0x000000008c500000, 0x000000008c500000|100%| S|  |TAMS 0x000000008c400000, 0x000000008c400000| Complete 
| 197|0x000000008c500000, 0x000000008c600000, 0x000000008c600000|100%| S|  |TAMS 0x000000008c500000, 0x000000008c500000| Complete 
| 198|0x000000008c600000, 0x000000008c700000, 0x000000008c700000|100%| S|  |TAMS 0x000000008c600000, 0x000000008c600000| Complete 
| 199|0x000000008c700000, 0x000000008c800000, 0x000000008c800000|100%| S|  |TAMS 0x000000008c700000, 0x000000008c700000| Complete 
| 200|0x000000008c800000, 0x000000008c900000, 0x000000008c900000|100%| S|  |TAMS 0x000000008c800000, 0x000000008c800000| Complete 
| 201|0x000000008c900000, 0x000000008ca00000, 0x000000008ca00000|100%| S|  |TAMS 0x000000008c900000, 0x000000008c900000| Complete 
| 202|0x000000008ca00000, 0x000000008cb00000, 0x000000008cb00000|100%| S|  |TAMS 0x000000008ca00000, 0x000000008ca00000| Complete 
| 203|0x000000008cb00000, 0x000000008cc00000, 0x000000008cc00000|100%| S|  |TAMS 0x000000008cb00000, 0x000000008cb00000| Complete 
| 204|0x000000008cc00000, 0x000000008cd00000, 0x000000008cd00000|100%| S|  |TAMS 0x000000008cc00000, 0x000000008cc00000| Complete 
| 205|0x000000008cd00000, 0x000000008cd93a70, 0x000000008ce00000| 57%| E|CS|TAMS 0x000000008cd00000, 0x000000008cd00000| Complete 
| 206|0x000000008ce00000, 0x000000008cf00000, 0x000000008cf00000|100%| E|CS|TAMS 0x000000008ce00000, 0x000000008ce00000| Complete 
| 207|0x000000008cf00000, 0x000000008d000000, 0x000000008d000000|100%| E|CS|TAMS 0x000000008cf00000, 0x000000008cf00000| Complete 
| 208|0x000000008d000000, 0x000000008d100000, 0x000000008d100000|100%| S|  |TAMS 0x000000008d000000, 0x000000008d000000| Complete 
| 209|0x000000008d100000, 0x000000008d200000, 0x000000008d200000|100%| S|  |TAMS 0x000000008d100000, 0x000000008d100000| Complete 
| 210|0x000000008d200000, 0x000000008d300000, 0x000000008d300000|100%| E|CS|TAMS 0x000000008d200000, 0x000000008d200000| Complete 
| 211|0x000000008d300000, 0x000000008d400000, 0x000000008d400000|100%| E|CS|TAMS 0x000000008d300000, 0x000000008d300000| Complete 
| 212|0x000000008d400000, 0x000000008d500000, 0x000000008d500000|100%| E|CS|TAMS 0x000000008d400000, 0x000000008d400000| Complete 
| 213|0x000000008d500000, 0x000000008d600000, 0x000000008d600000|100%| E|CS|TAMS 0x000000008d500000, 0x000000008d500000| Complete 
| 214|0x000000008d600000, 0x000000008d700000, 0x000000008d700000|100%| E|CS|TAMS 0x000000008d600000, 0x000000008d600000| Complete 
| 215|0x000000008d700000, 0x000000008d800000, 0x000000008d800000|100%| E|CS|TAMS 0x000000008d700000, 0x000000008d700000| Complete 
| 216|0x000000008d800000, 0x000000008d900000, 0x000000008d900000|100%| E|CS|TAMS 0x000000008d800000, 0x000000008d800000| Complete 
| 217|0x000000008d900000, 0x000000008da00000, 0x000000008da00000|100%| E|CS|TAMS 0x000000008d900000, 0x000000008d900000| Complete 
| 218|0x000000008da00000, 0x000000008db00000, 0x000000008db00000|100%| E|CS|TAMS 0x000000008da00000, 0x000000008da00000| Complete 
| 219|0x000000008db00000, 0x000000008dc00000, 0x000000008dc00000|100%| E|CS|TAMS 0x000000008db00000, 0x000000008db00000| Complete 
| 220|0x000000008dc00000, 0x000000008dd00000, 0x000000008dd00000|100%| E|CS|TAMS 0x000000008dc00000, 0x000000008dc00000| Complete 
| 221|0x000000008dd00000, 0x000000008de00000, 0x000000008de00000|100%| E|CS|TAMS 0x000000008dd00000, 0x000000008dd00000| Complete 
| 222|0x000000008de00000, 0x000000008df00000, 0x000000008df00000|100%| E|CS|TAMS 0x000000008de00000, 0x000000008de00000| Complete 
| 223|0x000000008df00000, 0x000000008e000000, 0x000000008e000000|100%| E|CS|TAMS 0x000000008df00000, 0x000000008df00000| Complete 
| 224|0x000000008e000000, 0x000000008e100000, 0x000000008e100000|100%| E|CS|TAMS 0x000000008e000000, 0x000000008e000000| Complete 
| 225|0x000000008e100000, 0x000000008e200000, 0x000000008e200000|100%| E|CS|TAMS 0x000000008e100000, 0x000000008e100000| Complete 
| 226|0x000000008e200000, 0x000000008e300000, 0x000000008e300000|100%| E|CS|TAMS 0x000000008e200000, 0x000000008e200000| Complete 
| 227|0x000000008e300000, 0x000000008e400000, 0x000000008e400000|100%| E|CS|TAMS 0x000000008e300000, 0x000000008e300000| Complete 
| 228|0x000000008e400000, 0x000000008e500000, 0x000000008e500000|100%| E|CS|TAMS 0x000000008e400000, 0x000000008e400000| Complete 
| 229|0x000000008e500000, 0x000000008e600000, 0x000000008e600000|100%| E|CS|TAMS 0x000000008e500000, 0x000000008e500000| Complete 
| 230|0x000000008e600000, 0x000000008e700000, 0x000000008e700000|100%| E|CS|TAMS 0x000000008e600000, 0x000000008e600000| Complete 
| 231|0x000000008e700000, 0x000000008e800000, 0x000000008e800000|100%| E|CS|TAMS 0x000000008e700000, 0x000000008e700000| Complete 
| 232|0x000000008e800000, 0x000000008e900000, 0x000000008e900000|100%| E|CS|TAMS 0x000000008e800000, 0x000000008e800000| Complete 
| 233|0x000000008e900000, 0x000000008ea00000, 0x000000008ea00000|100%| E|CS|TAMS 0x000000008e900000, 0x000000008e900000| Complete 
| 234|0x000000008ea00000, 0x000000008eb00000, 0x000000008eb00000|100%| E|CS|TAMS 0x000000008ea00000, 0x000000008ea00000| Complete 
| 235|0x000000008eb00000, 0x000000008ec00000, 0x000000008ec00000|100%| E|CS|TAMS 0x000000008eb00000, 0x000000008eb00000| Complete 
| 236|0x000000008ec00000, 0x000000008ed00000, 0x000000008ed00000|100%| E|CS|TAMS 0x000000008ec00000, 0x000000008ec00000| Complete 
| 237|0x000000008ed00000, 0x000000008ee00000, 0x000000008ee00000|100%| E|CS|TAMS 0x000000008ed00000, 0x000000008ed00000| Complete 
| 238|0x000000008ee00000, 0x000000008ef00000, 0x000000008ef00000|100%| E|CS|TAMS 0x000000008ee00000, 0x000000008ee00000| Complete 
| 239|0x000000008ef00000, 0x000000008f000000, 0x000000008f000000|100%| E|CS|TAMS 0x000000008ef00000, 0x000000008ef00000| Complete 
| 240|0x000000008f000000, 0x000000008f100000, 0x000000008f100000|100%| E|CS|TAMS 0x000000008f000000, 0x000000008f000000| Complete 
| 241|0x000000008f100000, 0x000000008f200000, 0x000000008f200000|100%| E|CS|TAMS 0x000000008f100000, 0x000000008f100000| Complete 
| 242|0x000000008f200000, 0x000000008f300000, 0x000000008f300000|100%| E|CS|TAMS 0x000000008f200000, 0x000000008f200000| Complete 
| 243|0x000000008f300000, 0x000000008f400000, 0x000000008f400000|100%| E|CS|TAMS 0x000000008f300000, 0x000000008f300000| Complete 
| 244|0x000000008f400000, 0x000000008f500000, 0x000000008f500000|100%| E|CS|TAMS 0x000000008f400000, 0x000000008f400000| Complete 
| 245|0x000000008f500000, 0x000000008f600000, 0x000000008f600000|100%| E|CS|TAMS 0x000000008f500000, 0x000000008f500000| Complete 
| 246|0x000000008f600000, 0x000000008f700000, 0x000000008f700000|100%| E|CS|TAMS 0x000000008f600000, 0x000000008f600000| Complete 
| 247|0x000000008f700000, 0x000000008f800000, 0x000000008f800000|100%| E|CS|TAMS 0x000000008f700000, 0x000000008f700000| Complete 
| 248|0x000000008f800000, 0x000000008f900000, 0x000000008f900000|100%| E|CS|TAMS 0x000000008f800000, 0x000000008f800000| Complete 
| 249|0x000000008f900000, 0x000000008fa00000, 0x000000008fa00000|100%| E|CS|TAMS 0x000000008f900000, 0x000000008f900000| Complete 
| 250|0x000000008fa00000, 0x000000008fb00000, 0x000000008fb00000|100%| E|CS|TAMS 0x000000008fa00000, 0x000000008fa00000| Complete 
| 251|0x000000008fb00000, 0x000000008fc00000, 0x000000008fc00000|100%| E|CS|TAMS 0x000000008fb00000, 0x000000008fb00000| Complete 
| 252|0x000000008fc00000, 0x000000008fd00000, 0x000000008fd00000|100%| E|CS|TAMS 0x000000008fc00000, 0x000000008fc00000| Complete 
| 253|0x000000008fd00000, 0x000000008fe00000, 0x000000008fe00000|100%| E|CS|TAMS 0x000000008fd00000, 0x000000008fd00000| Complete 
| 254|0x000000008fe00000, 0x000000008ff00000, 0x000000008ff00000|100%| E|CS|TAMS 0x000000008fe00000, 0x000000008fe00000| Complete 
| 255|0x000000008ff00000, 0x0000000090000000, 0x0000000090000000|100%| E|CS|TAMS 0x000000008ff00000, 0x000000008ff00000| Complete 
| 256|0x0000000090000000, 0x0000000090100000, 0x0000000090100000|100%| E|CS|TAMS 0x0000000090000000, 0x0000000090000000| Complete 
| 257|0x0000000090100000, 0x0000000090200000, 0x0000000090200000|100%| E|CS|TAMS 0x0000000090100000, 0x0000000090100000| Complete 
| 258|0x0000000090200000, 0x0000000090300000, 0x0000000090300000|100%| E|CS|TAMS 0x0000000090200000, 0x0000000090200000| Complete 
| 259|0x0000000090300000, 0x0000000090400000, 0x0000000090400000|100%| E|CS|TAMS 0x0000000090300000, 0x0000000090300000| Complete 
| 260|0x0000000090400000, 0x0000000090500000, 0x0000000090500000|100%| E|CS|TAMS 0x0000000090400000, 0x0000000090400000| Complete 
| 261|0x0000000090500000, 0x0000000090600000, 0x0000000090600000|100%| E|CS|TAMS 0x0000000090500000, 0x0000000090500000| Complete 
| 262|0x0000000090600000, 0x0000000090700000, 0x0000000090700000|100%| E|CS|TAMS 0x0000000090600000, 0x0000000090600000| Complete 
| 263|0x0000000090700000, 0x0000000090800000, 0x0000000090800000|100%| E|CS|TAMS 0x0000000090700000, 0x0000000090700000| Complete 
| 264|0x0000000090800000, 0x0000000090900000, 0x0000000090900000|100%| E|CS|TAMS 0x0000000090800000, 0x0000000090800000| Complete 
| 265|0x0000000090900000, 0x0000000090a00000, 0x0000000090a00000|100%| E|CS|TAMS 0x0000000090900000, 0x0000000090900000| Complete 
| 266|0x0000000090a00000, 0x0000000090b00000, 0x0000000090b00000|100%| E|CS|TAMS 0x0000000090a00000, 0x0000000090a00000| Complete 
| 267|0x0000000090b00000, 0x0000000090c00000, 0x0000000090c00000|100%| E|CS|TAMS 0x0000000090b00000, 0x0000000090b00000| Complete 
| 268|0x0000000090c00000, 0x0000000090d00000, 0x0000000090d00000|100%| E|CS|TAMS 0x0000000090c00000, 0x0000000090c00000| Complete 
| 269|0x0000000090d00000, 0x0000000090e00000, 0x0000000090e00000|100%| E|CS|TAMS 0x0000000090d00000, 0x0000000090d00000| Complete 
| 270|0x0000000090e00000, 0x0000000090f00000, 0x0000000090f00000|100%| E|CS|TAMS 0x0000000090e00000, 0x0000000090e00000| Complete 
| 271|0x0000000090f00000, 0x0000000091000000, 0x0000000091000000|100%| E|CS|TAMS 0x0000000090f00000, 0x0000000090f00000| Complete 
| 272|0x0000000091000000, 0x0000000091100000, 0x0000000091100000|100%| E|CS|TAMS 0x0000000091000000, 0x0000000091000000| Complete 
| 273|0x0000000091100000, 0x0000000091200000, 0x0000000091200000|100%| E|CS|TAMS 0x0000000091100000, 0x0000000091100000| Complete 
| 274|0x0000000091200000, 0x0000000091300000, 0x0000000091300000|100%| E|CS|TAMS 0x0000000091200000, 0x0000000091200000| Complete 
| 275|0x0000000091300000, 0x0000000091400000, 0x0000000091400000|100%| E|CS|TAMS 0x0000000091300000, 0x0000000091300000| Complete 
| 276|0x0000000091400000, 0x0000000091500000, 0x0000000091500000|100%| E|CS|TAMS 0x0000000091400000, 0x0000000091400000| Complete 
| 277|0x0000000091500000, 0x0000000091600000, 0x0000000091600000|100%| E|CS|TAMS 0x0000000091500000, 0x0000000091500000| Complete 
| 278|0x0000000091600000, 0x0000000091700000, 0x0000000091700000|100%| E|CS|TAMS 0x0000000091600000, 0x0000000091600000| Complete 
| 279|0x0000000091700000, 0x0000000091800000, 0x0000000091800000|100%| E|CS|TAMS 0x0000000091700000, 0x0000000091700000| Complete 
| 280|0x0000000091800000, 0x0000000091900000, 0x0000000091900000|100%| E|CS|TAMS 0x0000000091800000, 0x0000000091800000| Complete 
| 281|0x0000000091900000, 0x0000000091a00000, 0x0000000091a00000|100%| E|CS|TAMS 0x0000000091900000, 0x0000000091900000| Complete 
| 282|0x0000000091a00000, 0x0000000091b00000, 0x0000000091b00000|100%| E|CS|TAMS 0x0000000091a00000, 0x0000000091a00000| Complete 
| 283|0x0000000091b00000, 0x0000000091c00000, 0x0000000091c00000|100%| E|CS|TAMS 0x0000000091b00000, 0x0000000091b00000| Complete 
| 284|0x0000000091c00000, 0x0000000091d00000, 0x0000000091d00000|100%| E|CS|TAMS 0x0000000091c00000, 0x0000000091c00000| Complete 
| 285|0x0000000091d00000, 0x0000000091e00000, 0x0000000091e00000|100%| E|CS|TAMS 0x0000000091d00000, 0x0000000091d00000| Complete 
| 286|0x0000000091e00000, 0x0000000091f00000, 0x0000000091f00000|100%| E|CS|TAMS 0x0000000091e00000, 0x0000000091e00000| Complete 
| 287|0x0000000091f00000, 0x0000000092000000, 0x0000000092000000|100%| E|CS|TAMS 0x0000000091f00000, 0x0000000091f00000| Complete 
| 288|0x0000000092000000, 0x0000000092100000, 0x0000000092100000|100%| E|CS|TAMS 0x0000000092000000, 0x0000000092000000| Complete 
| 289|0x0000000092100000, 0x0000000092200000, 0x0000000092200000|100%| E|CS|TAMS 0x0000000092100000, 0x0000000092100000| Complete 
| 290|0x0000000092200000, 0x0000000092300000, 0x0000000092300000|100%| E|CS|TAMS 0x0000000092200000, 0x0000000092200000| Complete 
| 291|0x0000000092300000, 0x0000000092400000, 0x0000000092400000|100%| E|CS|TAMS 0x0000000092300000, 0x0000000092300000| Complete 
| 292|0x0000000092400000, 0x0000000092500000, 0x0000000092500000|100%| E|CS|TAMS 0x0000000092400000, 0x0000000092400000| Complete 
| 293|0x0000000092500000, 0x0000000092600000, 0x0000000092600000|100%| E|CS|TAMS 0x0000000092500000, 0x0000000092500000| Complete 
| 294|0x0000000092600000, 0x0000000092700000, 0x0000000092700000|100%| E|CS|TAMS 0x0000000092600000, 0x0000000092600000| Complete 
| 295|0x0000000092700000, 0x0000000092800000, 0x0000000092800000|100%| E|CS|TAMS 0x0000000092700000, 0x0000000092700000| Complete 
| 296|0x0000000092800000, 0x0000000092900000, 0x0000000092900000|100%| E|CS|TAMS 0x0000000092800000, 0x0000000092800000| Complete 
| 297|0x0000000092900000, 0x0000000092a00000, 0x0000000092a00000|100%| E|CS|TAMS 0x0000000092900000, 0x0000000092900000| Complete 
| 298|0x0000000092a00000, 0x0000000092b00000, 0x0000000092b00000|100%| E|CS|TAMS 0x0000000092a00000, 0x0000000092a00000| Complete 
| 299|0x0000000092b00000, 0x0000000092c00000, 0x0000000092c00000|100%| E|CS|TAMS 0x0000000092b00000, 0x0000000092b00000| Complete 
| 300|0x0000000092c00000, 0x0000000092d00000, 0x0000000092d00000|100%| E|CS|TAMS 0x0000000092c00000, 0x0000000092c00000| Complete 
| 301|0x0000000092d00000, 0x0000000092e00000, 0x0000000092e00000|100%| E|CS|TAMS 0x0000000092d00000, 0x0000000092d00000| Complete 
| 302|0x0000000092e00000, 0x0000000092f00000, 0x0000000092f00000|100%| E|CS|TAMS 0x0000000092e00000, 0x0000000092e00000| Complete 
| 303|0x0000000092f00000, 0x0000000093000000, 0x0000000093000000|100%| E|CS|TAMS 0x0000000092f00000, 0x0000000092f00000| Complete 
| 304|0x0000000093000000, 0x0000000093100000, 0x0000000093100000|100%| E|CS|TAMS 0x0000000093000000, 0x0000000093000000| Complete 
| 305|0x0000000093100000, 0x0000000093200000, 0x0000000093200000|100%| E|CS|TAMS 0x0000000093100000, 0x0000000093100000| Complete 
| 306|0x0000000093200000, 0x0000000093300000, 0x0000000093300000|100%| E|CS|TAMS 0x0000000093200000, 0x0000000093200000| Complete 
| 307|0x0000000093300000, 0x0000000093400000, 0x0000000093400000|100%| E|CS|TAMS 0x0000000093300000, 0x0000000093300000| Complete 
| 308|0x0000000093400000, 0x0000000093500000, 0x0000000093500000|100%| E|CS|TAMS 0x0000000093400000, 0x0000000093400000| Complete 
| 309|0x0000000093500000, 0x0000000093600000, 0x0000000093600000|100%| E|CS|TAMS 0x0000000093500000, 0x0000000093500000| Complete 

Card table byte_map: [0x000001c9afc40000,0x000001c9b0040000] _byte_map_base: 0x000001c9af840000

Marking Bits (Prev, Next): (CMBitMap*) 0x000001c99c306ee0, (CMBitMap*) 0x000001c99c306ea8
 Prev Bits: [0x000001c9b2440000, 0x000001c9b4440000)
 Next Bits: [0x000001c9b0440000, 0x000001c9b2440000)

Polling page: 0x000001c99fdb0000

Metaspace:

Usage:
  Non-class:    106.64 MB capacity,   104.64 MB ( 98%) used,     1.58 MB (  1%) free+waste,   433.25 KB ( <1%) overhead. 
      Class:     16.39 MB capacity,    15.08 MB ( 92%) used,     1.12 MB (  7%) free+waste,   196.38 KB (  1%) overhead. 
       Both:    123.03 MB capacity,   119.72 MB ( 97%) used,     2.70 MB (  2%) free+waste,   629.63 KB ( <1%) overhead. 

Virtual space:
  Non-class space:      108.00 MB reserved,     106.68 MB ( 99%) committed 
      Class space:        1.00 GB reserved,      16.45 MB (  2%) committed 
             Both:        1.11 GB reserved,     123.13 MB ( 11%) committed 

Chunk freelists:
   Non-Class:  32.00 KB
       Class:  21.00 KB
        Both:  53.00 KB

MaxMetaspaceSize: 17179869184.00 GB
CompressedClassSpaceSize: 1.00 GB

CodeHeap 'non-profiled nmethods': size=120000Kb used=14106Kb max_used=14106Kb free=105893Kb
 bounds [0x000001c9a78a0000, 0x000001c9a8670000, 0x000001c9aedd0000]
CodeHeap 'profiled nmethods': size=120000Kb used=43437Kb max_used=43437Kb free=76563Kb
 bounds [0x000001c9a0370000, 0x000001c9a2df0000, 0x000001c9a78a0000]
CodeHeap 'non-nmethods': size=5760Kb used=2367Kb max_used=2428Kb free=3392Kb
 bounds [0x000001c99fdd0000, 0x000001c9a0040000, 0x000001c9a0370000]
 total_blobs=21023 nmethods=20048 adapters=884
 compilation: enabled
              stopped_count=0, restarted_count=0
 full_count=0

Compilation events (20 events):
Event: 3430.834 Thread 0x000001c9b78ae000 nmethod 22070 0x000001c9a8667e90 code [0x000001c9a8668040, 0x000001c9a86681f8]
Event: 3430.891 Thread 0x000001c9b78af800 22072   !   3       jdk.nio.zipfs.ZipFileSystem::newInputStream (75 bytes)
Event: 3430.893 Thread 0x000001c9b78af800 nmethod 22072 0x000001c9a2ddf710 code [0x000001c9a2ddfa60, 0x000001c9a2de0ca8]
Event: 3430.894 Thread 0x000001c9b78ae000 22073  s    4       jdk.nio.zipfs.ZipDirectoryStream::close (6 bytes)
Event: 3430.895 Thread 0x000001c9b78ae000 nmethod 22073 0x000001c9a8668410 code [0x000001c9a86685a0, 0x000001c9a8668798]
Event: 3430.945 Thread 0x000001c9b78ae000 22074       4       java.util.ImmutableCollections$List12::get (32 bytes)
Event: 3430.946 Thread 0x000001c9b78ae000 nmethod 22074 0x000001c9a8668810 code [0x000001c9a86689a0, 0x000001c9a8668a38]
Event: 3430.946 Thread 0x000001c9b78ae000 22075   !   4       com.sun.tools.javac.api.ClientCodeWrapper$WrappedJavaFileManager::inferBinaryName (32 bytes)
Event: 3430.948 Thread 0x000001c9b78af800 22076       3       com.sun.tools.javac.comp.Annotate::unblockAnnotations (22 bytes)
Event: 3430.948 Thread 0x000001c9b78af800 nmethod 22076 0x000001c9a2de1610 code [0x000001c9a2de17c0, 0x000001c9a2de1948]
Event: 3430.949 Thread 0x000001c9b78af800 22077       3       com.sun.tools.javac.file.JavacFileManager::list (110 bytes)
Event: 3430.949 Thread 0x000001c9b78af800 nmethod 22077 0x000001c9a2de1a10 code [0x000001c9a2de1dc0, 0x000001c9a2de3498]
Event: 3430.949 Thread 0x000001c9b78af800 22078   !   3       com.sun.tools.javac.comp.Enter::classEnter (92 bytes)
Event: 3430.953 Thread 0x000001c9b78af800 nmethod 22078 0x000001c9a2de3d10 code [0x000001c9a2de3fe0, 0x000001c9a2de5168]
Event: 3430.953 Thread 0x000001c9b78af800 22079       3       com.sun.tools.javac.comp.Enter::visitTree (6 bytes)
Event: 3430.953 Thread 0x000001c9b78af800 nmethod 22079 0x000001c9a2de5990 code [0x000001c9a2de5b40, 0x000001c9a2de5c58]
Event: 3430.957 Thread 0x000001c9b78af800 22081       3       java.util.EnumSet::allOf (11 bytes)
Event: 3430.957 Thread 0x000001c9b78af800 nmethod 22081 0x000001c9a2de5d10 code [0x000001c9a2de5ee0, 0x000001c9a2de60b8]
Event: 3430.957 Thread 0x000001c9b78af800 22082       3       java.util.RegularEnumSet::addAll (23 bytes)
Event: 3430.957 Thread 0x000001c9b78af800 nmethod 22082 0x000001c9a2de6190 code [0x000001c9a2de6340, 0x000001c9a2de6498]

GC Heap History (20 events):
Event: 26.093 GC heap before
{Heap before GC invocations=50 (full 0):
 garbage-first heap   total 264192K, used 183814K [0x0000000080000000, 0x0000000100000000)
  region size 1024K, 51 young (52224K), 4 survivors (4096K)
 Metaspace       used 103758K, capacity 106432K, committed 106624K, reserved 1142784K
  class space    used 13277K, capacity 14227K, committed 14284K, reserved 1048576K
}
Event: 26.101 GC heap after
{Heap after GC invocations=51 (full 0):
 garbage-first heap   total 264192K, used 138774K [0x0000000080000000, 0x0000000100000000)
  region size 1024K, 6 young (6144K), 6 survivors (6144K)
 Metaspace       used 103758K, capacity 106432K, committed 106624K, reserved 1142784K
  class space    used 13277K, capacity 14227K, committed 14284K, reserved 1048576K
}
Event: 26.380 GC heap before
{Heap before GC invocations=51 (full 0):
 garbage-first heap   total 264192K, used 193046K [0x0000000080000000, 0x0000000100000000)
  region size 1024K, 56 young (57344K), 6 survivors (6144K)
 Metaspace       used 103986K, capacity 106632K, committed 107008K, reserved 1142784K
  class space    used 13299K, capacity 14271K, committed 14412K, reserved 1048576K
}
Event: 26.388 GC heap after
{Heap after GC invocations=52 (full 0):
 garbage-first heap   total 264192K, used 146229K [0x0000000080000000, 0x0000000100000000)
  region size 1024K, 7 young (7168K), 7 survivors (7168K)
 Metaspace       used 103986K, capacity 106632K, committed 107008K, reserved 1142784K
  class space    used 13299K, capacity 14271K, committed 14412K, reserved 1048576K
}
Event: 26.524 GC heap before
{Heap before GC invocations=52 (full 0):
 garbage-first heap   total 264192K, used 198453K [0x0000000080000000, 0x0000000100000000)
  region size 1024K, 57 young (58368K), 7 survivors (7168K)
 Metaspace       used 104046K, capacity 106702K, committed 107008K, reserved 1142784K
  class space    used 13300K, capacity 14272K, committed 14412K, reserved 1048576K
}
Event: 26.531 GC heap after
{Heap after GC invocations=53 (full 0):
 garbage-first heap   total 264192K, used 152203K [0x0000000080000000, 0x0000000100000000)
  region size 1024K, 8 young (8192K), 8 survivors (8192K)
 Metaspace       used 104046K, capacity 106702K, committed 107008K, reserved 1142784K
  class space    used 13300K, capacity 14272K, committed 14412K, reserved 1048576K
}
Event: 26.711 GC heap before
{Heap before GC invocations=53 (full 0):
 garbage-first heap   total 264192K, used 209547K [0x0000000080000000, 0x0000000100000000)
  region size 1024K, 58 young (59392K), 8 survivors (8192K)
 Metaspace       used 104136K, capacity 106775K, committed 107008K, reserved 1142784K
  class space    used 13304K, capacity 14275K, committed 14412K, reserved 1048576K
}
Event: 26.717 GC heap after
{Heap after GC invocations=54 (full 0):
 garbage-first heap   total 264192K, used 158817K [0x0000000080000000, 0x0000000100000000)
  region size 1024K, 1 young (1024K), 1 survivors (1024K)
 Metaspace       used 104136K, capacity 106775K, committed 107008K, reserved 1142784K
  class space    used 13304K, capacity 14275K, committed 14412K, reserved 1048576K
}
Event: 26.885 GC heap before
{Heap before GC invocations=54 (full 0):
 garbage-first heap   total 264192K, used 210017K [0x0000000080000000, 0x0000000100000000)
  region size 1024K, 51 young (52224K), 1 survivors (1024K)
 Metaspace       used 104179K, capacity 106853K, committed 107008K, reserved 1142784K
  class space    used 13306K, capacity 14279K, committed 14412K, reserved 1048576K
}
Event: 26.888 GC heap after
{Heap after GC invocations=55 (full 0):
 garbage-first heap   total 317440K, used 158859K [0x0000000080000000, 0x0000000100000000)
  region size 1024K, 1 young (1024K), 1 survivors (1024K)
 Metaspace       used 104179K, capacity 106853K, committed 107008K, reserved 1142784K
  class space    used 13306K, capacity 14279K, committed 14412K, reserved 1048576K
}
Event: 28.607 GC heap before
{Heap before GC invocations=55 (full 0):
 garbage-first heap   total 317440K, used 231563K [0x0000000080000000, 0x0000000100000000)
  region size 1024K, 73 young (74752K), 1 survivors (1024K)
 Metaspace       used 107315K, capacity 109974K, committed 110336K, reserved 1144832K
  class space    used 13758K, capacity 14797K, committed 14924K, reserved 1048576K
}
Event: 28.609 GC heap after
{Heap after GC invocations=56 (full 0):
 garbage-first heap   total 317440K, used 151411K [0x0000000080000000, 0x0000000100000000)
  region size 1024K, 2 young (2048K), 2 survivors (2048K)
 Metaspace       used 107315K, capacity 109974K, committed 110336K, reserved 1144832K
  class space    used 13758K, capacity 14797K, committed 14924K, reserved 1048576K
}
Event: 30.307 GC heap before
{Heap before GC invocations=56 (full 0):
 garbage-first heap   total 317440K, used 234355K [0x0000000080000000, 0x0000000100000000)
  region size 1024K, 82 young (83968K), 2 survivors (2048K)
 Metaspace       used 113484K, capacity 116385K, committed 116608K, reserved 1150976K
  class space    used 14430K, capacity 15522K, committed 15564K, reserved 1048576K
}
Event: 30.314 GC heap after
{Heap after GC invocations=57 (full 0):
 garbage-first heap   total 317440K, used 156731K [0x0000000080000000, 0x0000000100000000)
  region size 1024K, 5 young (5120K), 5 survivors (5120K)
 Metaspace       used 113484K, capacity 116385K, committed 116608K, reserved 1150976K
  class space    used 14430K, capacity 15522K, committed 15564K, reserved 1048576K
}
Event: 31.094 GC heap before
{Heap before GC invocations=57 (full 0):
 garbage-first heap   total 317440K, used 243771K [0x0000000080000000, 0x0000000100000000)
  region size 1024K, 89 young (91136K), 5 survivors (5120K)
 Metaspace       used 118096K, capacity 121389K, committed 121600K, reserved 1155072K
  class space    used 15093K, capacity 16386K, committed 16460K, reserved 1048576K
}
Event: 31.108 GC heap after
{Heap after GC invocations=58 (full 0):
 garbage-first heap   total 317440K, used 160985K [0x0000000080000000, 0x0000000100000000)
  region size 1024K, 11 young (11264K), 11 survivors (11264K)
 Metaspace       used 118096K, capacity 121389K, committed 121600K, reserved 1155072K
  class space    used 15093K, capacity 16386K, committed 16460K, reserved 1048576K
}
Event: 437.473 GC heap before
{Heap before GC invocations=58 (full 0):
 garbage-first heap   total 317440K, used 267481K [0x0000000080000000, 0x0000000100000000)
  region size 1024K, 98 young (100352K), 11 survivors (11264K)
 Metaspace       used 120892K, capacity 124319K, committed 124416K, reserved 1157120K
  class space    used 15374K, capacity 16677K, committed 16716K, reserved 1048576K
}
Event: 437.509 GC heap after
{Heap after GC invocations=59 (full 0):
 garbage-first heap   total 317440K, used 156980K [0x0000000080000000, 0x0000000100000000)
  region size 1024K, 3 young (3072K), 3 survivors (3072K)
 Metaspace       used 120892K, capacity 124319K, committed 124416K, reserved 1157120K
  class space    used 15374K, capacity 16677K, committed 16716K, reserved 1048576K
}
Event: 3425.829 GC heap before
{Heap before GC invocations=59 (full 0):
 garbage-first heap   total 317440K, used 257332K [0x0000000080000000, 0x0000000100000000)
  region size 1024K, 102 young (104448K), 3 survivors (3072K)
 Metaspace       used 121776K, capacity 125181K, committed 125440K, reserved 1159168K
  class space    used 15390K, capacity 16701K, committed 16716K, reserved 1048576K
}
Event: 3425.847 GC heap after
{Heap after GC invocations=60 (full 0):
 garbage-first heap   total 317440K, used 156546K [0x0000000080000000, 0x0000000100000000)
  region size 1024K, 3 young (3072K), 3 survivors (3072K)
 Metaspace       used 121776K, capacity 125181K, committed 125440K, reserved 1159168K
  class space    used 15390K, capacity 16701K, committed 16716K, reserved 1048576K
}

Deoptimization events (20 events):
Event: 3429.642 Thread 0x000001c9c30b1000 DEOPT PACKING pc=0x000001c9a865432c sp=0x0000007e449f8f40
Event: 3429.642 Thread 0x000001c9c30b1000 DEOPT UNPACKING pc=0x000001c99fdd83af sp=0x0000007e449f8ed0 mode 2
Event: 3429.643 Thread 0x000001c9c30b1000 Uncommon trap: trap_request=0xffffffbe fr.pc=0x000001c9a865432c relative=0x000000000000054c
Event: 3429.643 Thread 0x000001c9c30b1000 Uncommon trap: reason=profile_predicate action=maybe_recompile pc=0x000001c9a865432c method=sun.nio.fs.WindowsPath.hashCode()I @ 19 c2
Event: 3429.643 Thread 0x000001c9c30b1000 DEOPT PACKING pc=0x000001c9a865432c sp=0x0000007e449f8f40
Event: 3429.643 Thread 0x000001c9c30b1000 DEOPT UNPACKING pc=0x000001c99fdd83af sp=0x0000007e449f8ed0 mode 2
Event: 3429.660 Thread 0x000001c9c30b1000 Uncommon trap: trap_request=0xffffffbe fr.pc=0x000001c9a865432c relative=0x000000000000054c
Event: 3429.660 Thread 0x000001c9c30b1000 Uncommon trap: reason=profile_predicate action=maybe_recompile pc=0x000001c9a865432c method=sun.nio.fs.WindowsPath.hashCode()I @ 19 c2
Event: 3429.660 Thread 0x000001c9c30b1000 DEOPT PACKING pc=0x000001c9a865432c sp=0x0000007e449f8f40
Event: 3429.660 Thread 0x000001c9c30b1000 DEOPT UNPACKING pc=0x000001c99fdd83af sp=0x0000007e449f8ed0 mode 2
Event: 3429.661 Thread 0x000001c9c30b1000 Uncommon trap: trap_request=0xffffffbe fr.pc=0x000001c9a865432c relative=0x000000000000054c
Event: 3429.661 Thread 0x000001c9c30b1000 Uncommon trap: reason=profile_predicate action=maybe_recompile pc=0x000001c9a865432c method=sun.nio.fs.WindowsPath.hashCode()I @ 19 c2
Event: 3429.661 Thread 0x000001c9c30b1000 DEOPT PACKING pc=0x000001c9a865432c sp=0x0000007e449f8f40
Event: 3429.661 Thread 0x000001c9c30b1000 DEOPT UNPACKING pc=0x000001c99fdd83af sp=0x0000007e449f8ed0 mode 2
Event: 3430.691 Thread 0x000001c9c30b1000 Uncommon trap: trap_request=0xffffff4d fr.pc=0x000001c9a796d53c relative=0x000000000000045c
Event: 3430.691 Thread 0x000001c9c30b1000 Uncommon trap: reason=unstable_if action=reinterpret pc=0x000001c9a796d53c method=javax.lang.model.SourceVersion.isIdentifier(Ljava/lang/CharSequence;)Z @ 54 c2
Event: 3430.691 Thread 0x000001c9c30b1000 DEOPT PACKING pc=0x000001c9a796d53c sp=0x0000007e449f88b0
Event: 3430.691 Thread 0x000001c9c30b1000 DEOPT UNPACKING pc=0x000001c99fdd83af sp=0x0000007e449f8840 mode 2
Event: 3430.949 Thread 0x000001c9c30b1000 DEOPT PACKING pc=0x000001c9a2dd9276 sp=0x0000007e449f8d90
Event: 3430.949 Thread 0x000001c9c30b1000 DEOPT UNPACKING pc=0x000001c99fdf8ede sp=0x0000007e449f8250 mode 0

Classes redefined (0 events):
No events

Internal exceptions (20 events):
Event: 3426.589 Thread 0x000001c9ba408800 Exception <a 'sun/nio/fs/WindowsException'{0x00000000923724e0}> (0x00000000923724e0) thrown at [./src/hotspot/share/prims/jni.cpp, line 615]
Event: 3429.089 Thread 0x000001c9bcda5000 Exception <a 'sun/nio/fs/WindowsException'{0x000000008f4c39d8}> (0x000000008f4c39d8) thrown at [./src/hotspot/share/prims/jni.cpp, line 615]
Event: 3429.089 Thread 0x000001c9bcda5000 Exception <a 'sun/nio/fs/WindowsException'{0x000000008f4c3ac0}> (0x000000008f4c3ac0) thrown at [./src/hotspot/share/prims/jni.cpp, line 615]
Event: 3429.465 Thread 0x000001c9c30b1000 Implicit null exception at 0x000001c9a7c27d77 to 0x000001c9a7c27f10
Event: 3430.623 Thread 0x000001c9c30b1000 Exception <a 'sun/nio/fs/WindowsException'{0x000000008e0ca198}> (0x000000008e0ca198) thrown at [./src/hotspot/share/prims/jni.cpp, line 615]
Event: 3430.667 Thread 0x000001c9c30b1000 Exception <a 'sun/nio/fs/WindowsException'{0x000000008dfbe0d8}> (0x000000008dfbe0d8) thrown at [./src/hotspot/share/prims/jni.cpp, line 615]
Event: 3430.667 Thread 0x000001c9c30b1000 Exception <a 'sun/nio/fs/WindowsException'{0x000000008dfbe1b0}> (0x000000008dfbe1b0) thrown at [./src/hotspot/share/prims/jni.cpp, line 615]
Event: 3430.943 Thread 0x000001c9c30b1000 Exception <a 'sun/nio/fs/WindowsException'{0x000000008d5ee670}> (0x000000008d5ee670) thrown at [./src/hotspot/share/prims/jni.cpp, line 615]
Event: 3430.948 Thread 0x000001c9c30b1000 Exception <a 'sun/nio/fs/WindowsException'{0x000000008d400fa8}> (0x000000008d400fa8) thrown at [./src/hotspot/share/prims/jni.cpp, line 615]
Event: 3430.948 Thread 0x000001c9c30b1000 Exception <a 'sun/nio/fs/WindowsException'{0x000000008d401138}> (0x000000008d401138) thrown at [./src/hotspot/share/prims/jni.cpp, line 615]
Event: 3430.951 Thread 0x000001c9c30b1000 Exception <a 'sun/nio/fs/WindowsException'{0x000000008d450548}> (0x000000008d450548) thrown at [./src/hotspot/share/prims/jni.cpp, line 615]
Event: 3430.951 Thread 0x000001c9c30b1000 Exception <a 'sun/nio/fs/WindowsException'{0x000000008d4506a8}> (0x000000008d4506a8) thrown at [./src/hotspot/share/prims/jni.cpp, line 615]
Event: 3430.951 Thread 0x000001c9c30b1000 Exception <a 'sun/nio/fs/WindowsException'{0x000000008d453ee8}> (0x000000008d453ee8) thrown at [./src/hotspot/share/prims/jni.cpp, line 615]
Event: 3430.952 Thread 0x000001c9c30b1000 Exception <a 'sun/nio/fs/WindowsException'{0x000000008d4581d0}> (0x000000008d4581d0) thrown at [./src/hotspot/share/prims/jni.cpp, line 615]
Event: 3430.954 Thread 0x000001c9c30b1000 Exception <a 'sun/nio/fs/WindowsException'{0x000000008d468a68}> (0x000000008d468a68) thrown at [./src/hotspot/share/prims/jni.cpp, line 615]
Event: 3430.954 Thread 0x000001c9c30b1000 Exception <a 'sun/nio/fs/WindowsException'{0x000000008d468bc8}> (0x000000008d468bc8) thrown at [./src/hotspot/share/prims/jni.cpp, line 615]
Event: 3430.957 Thread 0x000001c9c30b1000 Exception <a 'sun/nio/fs/WindowsException'{0x000000008d474990}> (0x000000008d474990) thrown at [./src/hotspot/share/prims/jni.cpp, line 615]
Event: 3430.957 Thread 0x000001c9c30b1000 Exception <a 'sun/nio/fs/WindowsException'{0x000000008d474b00}> (0x000000008d474b00) thrown at [./src/hotspot/share/prims/jni.cpp, line 615]
Event: 3430.959 Thread 0x000001c9c30b1000 Exception <a 'sun/nio/fs/WindowsException'{0x000000008d4a17f8}> (0x000000008d4a17f8) thrown at [./src/hotspot/share/prims/jni.cpp, line 615]
Event: 3430.959 Thread 0x000001c9c30b1000 Exception <a 'sun/nio/fs/WindowsException'{0x000000008d4a1970}> (0x000000008d4a1970) thrown at [./src/hotspot/share/prims/jni.cpp, line 615]

Events (20 events):
Event: 3429.467 loading class org/gradle/api/internal/tasks/compile/incremental/recomp/RecompilationSpec done
Event: 3429.467 loading class org/gradle/api/internal/tasks/compile/incremental/processing/AnnotationProcessingData
Event: 3429.467 loading class org/gradle/api/internal/tasks/compile/incremental/processing/AnnotationProcessingData done
Event: 3429.469 loading class org/gradle/api/tasks/util/PatternSet
Event: 3429.469 loading class org/gradle/api/tasks/util/PatternSet done
Event: 3429.469 loading class org/gradle/api/tasks/util/PatternSet
Event: 3429.469 loading class org/gradle/api/tasks/util/PatternSet done
Event: 3429.469 loading class org/gradle/api/tasks/util/PatternFilterable
Event: 3429.469 loading class org/gradle/api/tasks/util/PatternFilterable done
Event: 3429.470 loading class org/gradle/api/tasks/util/PatternSet
Event: 3429.470 loading class org/gradle/api/tasks/util/PatternSet done
Event: 3429.470 loading class org/gradle/api/internal/file/CompositeFileTree
Event: 3429.470 loading class org/gradle/api/internal/file/CompositeFileTree done
Event: 3429.470 loading class org/gradle/api/internal/file/FileCollectionInternal
Event: 3429.470 loading class org/gradle/api/internal/file/FileCollectionInternal done
Event: 3429.476 loading class org/gradle/internal/execution/history/OutputsCleaner$1
Event: 3429.476 loading class org/gradle/internal/execution/history/OutputsCleaner$1 done
Event: 3429.520 Executing VM operation: RevokeBias
Event: 3429.522 Executing VM operation: RevokeBias done
Event: 3429.522 Thread 0x000001c9bcdaa000 Thread exited: 0x000001c9bcdaa000


Dynamic libraries:
0x00007ff7a4ab0000 - 0x00007ff7a4aba000 	D:\Android Studio\jre\bin\java.exe
0x00007ffcfa6d0000 - 0x00007ffcfa8c5000 	C:\Windows\SYSTEM32\ntdll.dll
0x00007ffcfa5d0000 - 0x00007ffcfa68e000 	C:\Windows\System32\KERNEL32.DLL
0x00007ffcf7df0000 - 0x00007ffcf80b9000 	C:\Windows\System32\KERNELBASE.dll
0x00007ffcf84c0000 - 0x00007ffcf85c0000 	C:\Windows\System32\ucrtbase.dll
0x00007ffc987d0000 - 0x00007ffc987e9000 	D:\Android Studio\jre\bin\jli.dll
0x00007ffcf9e30000 - 0x00007ffcf9fd1000 	C:\Windows\System32\USER32.dll
0x00007ffcf8250000 - 0x00007ffcf8272000 	C:\Windows\System32\win32u.dll
0x00007ffcfa200000 - 0x00007ffcfa22b000 	C:\Windows\System32\GDI32.dll
0x00007ffce00a0000 - 0x00007ffce033a000 	C:\Windows\WinSxS\amd64_microsoft.windows.common-controls_6595b64144ccf1df_6.0.19041.1110_none_60b5254171f9507e\COMCTL32.dll
0x00007ffcf8110000 - 0x00007ffcf821b000 	C:\Windows\System32\gdi32full.dll
0x00007ffcf99f0000 - 0x00007ffcf9a8e000 	C:\Windows\System32\msvcrt.dll
0x00007ffcf83c0000 - 0x00007ffcf845d000 	C:\Windows\System32\msvcp_win.dll
0x00007ffc987b0000 - 0x00007ffc987c7000 	D:\Android Studio\jre\bin\VCRUNTIME140.dll
0x00007ffcfa230000 - 0x00007ffcfa260000 	C:\Windows\System32\IMM32.DLL
0x00007ffc98710000 - 0x00007ffc987ad000 	D:\Android Studio\jre\bin\msvcp140.dll
0x00007ffca9580000 - 0x00007ffcaa04f000 	D:\Android Studio\jre\bin\server\jvm.dll
0x00007ffcf9c00000 - 0x00007ffcf9cac000 	C:\Windows\System32\ADVAPI32.dll
0x00007ffcf9fe0000 - 0x00007ffcfa07b000 	C:\Windows\System32\sechost.dll
0x00007ffcfa3f0000 - 0x00007ffcfa51a000 	C:\Windows\System32\RPCRT4.dll
0x00007ffcf9aa0000 - 0x00007ffcf9aa8000 	C:\Windows\System32\PSAPI.DLL
0x00007ffcdfe10000 - 0x00007ffcdfe19000 	C:\Windows\SYSTEM32\WSOCK32.dll
0x00007ffcdccd0000 - 0x00007ffcdccf7000 	C:\Windows\SYSTEM32\WINMM.dll
0x00007ffceb670000 - 0x00007ffceb67a000 	C:\Windows\SYSTEM32\VERSION.dll
0x00007ffcf9cb0000 - 0x00007ffcf9d1b000 	C:\Windows\System32\WS2_32.dll
0x00007ffcf6670000 - 0x00007ffcf6682000 	C:\Windows\SYSTEM32\kernel.appcore.dll
0x00007ffcdd860000 - 0x00007ffcdd871000 	D:\Android Studio\jre\bin\verify.dll
0x00007ffcf5bb0000 - 0x00007ffcf5d94000 	C:\Windows\SYSTEM32\DBGHELP.DLL
0x00007ffcdfe40000 - 0x00007ffcdfe6c000 	C:\Windows\SYSTEM32\dbgcore.DLL
0x00007ffcf8330000 - 0x00007ffcf83b3000 	C:\Windows\System32\bcryptPrimitives.dll
0x00007ffcd6bc0000 - 0x00007ffcd6be9000 	D:\Android Studio\jre\bin\java.dll
0x00007ffcdf560000 - 0x00007ffcdf56b000 	D:\Android Studio\jre\bin\jimage.dll
0x00007ffcdc5a0000 - 0x00007ffcdc5b8000 	D:\Android Studio\jre\bin\zip.dll
0x00007ffcf8da0000 - 0x00007ffcf94df000 	C:\Windows\System32\SHELL32.dll
0x00007ffcf5ed0000 - 0x00007ffcf6660000 	C:\Windows\SYSTEM32\windows.storage.dll
0x00007ffcf9690000 - 0x00007ffcf99e5000 	C:\Windows\System32\combase.dll
0x00007ffcf7840000 - 0x00007ffcf786c000 	C:\Windows\SYSTEM32\Wldp.dll
0x00007ffcfa520000 - 0x00007ffcfa5cd000 	C:\Windows\System32\SHCORE.dll
0x00007ffcf9b90000 - 0x00007ffcf9be5000 	C:\Windows\System32\shlwapi.dll
0x00007ffcf7d30000 - 0x00007ffcf7d4f000 	C:\Windows\SYSTEM32\profapi.dll
0x00007ffccfc60000 - 0x00007ffccfc7a000 	D:\Android Studio\jre\bin\net.dll
0x00007ffcf2770000 - 0x00007ffcf2878000 	C:\Windows\SYSTEM32\WINHTTP.dll
0x00007ffcf75a0000 - 0x00007ffcf760a000 	C:\Windows\system32\mswsock.dll
0x00007ffcb5fb0000 - 0x00007ffcb5fc4000 	D:\Android Studio\jre\bin\nio.dll
0x00007ffcaa060000 - 0x00007ffcaa087000 	C:\Users\Dell\.gradle\native\8bec1ad78214c89d9ad589b4d07fe93259594b29d510b10fafb7a158f7737e5d\windows-amd64\native-platform.dll
0x00007ffc9d440000 - 0x00007ffc9d57d000 	C:\Users\Dell\.gradle\native\53dbd7edfb1c66fb8903c78663c9afc45aea4f116125fa6feffd364cf09443e8\windows-amd64\native-platform-file-events.dll
0x00007ffcdda30000 - 0x00007ffcdda3a000 	D:\Android Studio\jre\bin\management.dll
0x00007ffcdd900000 - 0x00007ffcdd90c000 	D:\Android Studio\jre\bin\management_ext.dll
0x00007ffcf7790000 - 0x00007ffcf77a8000 	C:\Windows\SYSTEM32\CRYPTSP.dll
0x00007ffcf6eb0000 - 0x00007ffcf6ee4000 	C:\Windows\system32\rsaenh.dll
0x00007ffcf8220000 - 0x00007ffcf8247000 	C:\Windows\System32\bcrypt.dll
0x00007ffcf7cb0000 - 0x00007ffcf7cde000 	C:\Windows\SYSTEM32\USERENV.dll
0x00007ffcf77b0000 - 0x00007ffcf77bc000 	C:\Windows\SYSTEM32\CRYPTBASE.dll
0x00007ffcf7240000 - 0x00007ffcf727b000 	C:\Windows\SYSTEM32\IPHLPAPI.DLL
0x00007ffcf9a90000 - 0x00007ffcf9a98000 	C:\Windows\System32\NSI.dll
0x00007ffcf12c0000 - 0x00007ffcf12d7000 	C:\Windows\SYSTEM32\dhcpcsvc6.DLL
0x00007ffcf12a0000 - 0x00007ffcf12bd000 	C:\Windows\SYSTEM32\dhcpcsvc.DLL
0x00007ffcf72e0000 - 0x00007ffcf73ac000 	C:\Windows\SYSTEM32\DNSAPI.dll
0x00007ffcf1330000 - 0x00007ffcf1357000 	D:\Android Studio\jre\bin\sunec.dll

dbghelp: loaded successfully - version: 4.0.5 - missing functions: none
symbol engine: initialized successfully - sym options: 0x614 - pdb path: .;D:\Android Studio\jre\bin;C:\Windows\SYSTEM32;C:\Windows\WinSxS\amd64_microsoft.windows.common-controls_6595b64144ccf1df_6.0.19041.1110_none_60b5254171f9507e;D:\Android Studio\jre\bin\server;C:\Users\Dell\.gradle\native\8bec1ad78214c89d9ad589b4d07fe93259594b29d510b10fafb7a158f7737e5d\windows-amd64;C:\Users\Dell\.gradle\native\53dbd7edfb1c66fb8903c78663c9afc45aea4f116125fa6feffd364cf09443e8\windows-amd64

VM Arguments:
jvm_args: --add-opens=java.base/java.util=ALL-UNNAMED --add-opens=java.base/java.lang=ALL-UNNAMED --add-opens=java.base/java.lang.invoke=ALL-UNNAMED --add-opens=java.base/java.util=ALL-UNNAMED --add-opens=java.prefs/java.util.prefs=ALL-UNNAMED --add-opens=java.prefs/java.util.prefs=ALL-UNNAMED --add-opens=java.base/java.nio.charset=ALL-UNNAMED --add-opens=java.base/java.net=ALL-UNNAMED --add-opens=java.base/java.util.concurrent.atomic=ALL-UNNAMED -Xmx2048m -Dfile.encoding=UTF-8 -Duser.country=US -Duser.language=en -Duser.variant 
java_command: org.gradle.launcher.daemon.bootstrap.GradleDaemon 7.0.2
java_class_path (initial): C:\Users\Dell\.gradle\wrapper\dists\gradle-7.0.2-bin\857tjihv64xamwrf0h14cai3r\gradle-7.0.2\lib\gradle-launcher-7.0.2.jar
Launcher Type: SUN_STANDARD

[Global flags]
     intx CICompilerCount                          = 4                                         {product} {ergonomic}
     uint ConcGCThreads                            = 2                                         {product} {ergonomic}
     uint G1ConcRefinementThreads                  = 8                                         {product} {ergonomic}
   size_t G1HeapRegionSize                         = 1048576                                   {product} {ergonomic}
    uintx GCDrainStackTargetSize                   = 64                                        {product} {ergonomic}
   size_t InitialHeapSize                          = 130023424                                 {product} {ergonomic}
   size_t MarkStackSize                            = 4194304                                   {product} {ergonomic}
   size_t MaxHeapSize                              = 2147483648                                {product} {command line}
   size_t MaxNewSize                               = 1287651328                                {product} {ergonomic}
   size_t MinHeapDeltaBytes                        = 1048576                                   {product} {ergonomic}
    uintx NonNMethodCodeHeapSize                   = 5836300                                {pd product} {ergonomic}
    uintx NonProfiledCodeHeapSize                  = 122910970                              {pd product} {ergonomic}
    uintx ProfiledCodeHeapSize                     = 122910970                              {pd product} {ergonomic}
    uintx ReservedCodeCacheSize                    = 251658240                              {pd product} {ergonomic}
     bool SegmentedCodeCache                       = true                                      {product} {ergonomic}
     bool UseCompressedClassPointers               = true                                 {lp64_product} {ergonomic}
     bool UseCompressedOops                        = true                                 {lp64_product} {ergonomic}
     bool UseG1GC                                  = true                                      {product} {ergonomic}
     bool UseLargePagesIndividualAllocation        = false                                  {pd product} {ergonomic}

Logging:
Log output configuration:
 #0: stdout all=warning uptime,level,tags
 #1: stderr all=off uptime,level,tags

Environment Variables:
PATH=D:\VMware\bin\;C:\Program Files\Common Files\Oracle\Java\javapath;C:\Windows\system32;C:\Windows;C:\Windows\System32\Wbem;C:\Windows\System32\WindowsPowerShell\v1.0\;C:\Windows\System32\OpenSSH\;C:\Program Files\NVIDIA Corporation\NVIDIA NvDLISR;C:\Program Files\Microsoft SQL Server\Client SDK\ODBC\170\Tools\Binn\;C:\Program Files (x86)\Microsoft SQL Server\150\Tools\Binn\;C:\Program Files\Microsoft SQL Server\150\Tools\Binn\;C:\Program Files\Microsoft SQL Server\150\DTS\Binn\;C:\Program Files (x86)\Microsoft SQL Server\150\DTS\Binn\;C:\Program Files\Azure Data Studio\bin;C:\Program Files\Microsoft SQL Server\130\Tools\Binn\;D:\Git\Git\cmd;C:\Program Files (x86)\NVIDIA Corporation\PhysX\Common;C:\Users\Dell\AppData\Local\Microsoft\WindowsApps;;C:\Program Files\Azure Data Studio\bin;D:\Visual Studio Code\Microsoft VS Code\bin
USERNAME=Dell
OS=Windows_NT
PROCESSOR_IDENTIFIER=Intel64 Family 6 Model 140 Stepping 1, GenuineIntel



---------------  S Y S T E M  ---------------

OS: Windows 10 , 64 bit Build 19041 (10.0.19041.1202)
OS uptime: 0 days 1:00 hours

CPU:total 8 (initial active 8) (4 cores per cpu, 2 threads per core) family 6 model 140 stepping 1 microcode 0x86, cmov, cx8, fxsr, mmx, sse, sse2, sse3, ssse3, sse4.1, sse4.2, popcnt, avx, avx2, aes, clmul, erms, 3dnowpref, lzcnt, ht, tsc, tscinvbit, bmi1, bmi2, adx, evex, sha, fma

Memory: 4k page, system-wide physical 7914M (295M free)
TotalPageFile size 12825M (AvailPageFile size 0M)
current process WorkingSet (physical memory assigned to process): 365M, peak: 681M
current process commit charge ("private bytes"): 691M, peak: 716M

vm_info: OpenJDK 64-Bit Server VM (11.0.10+0-b96-7249189) for windows-amd64 JRE (11.0.10+0-b96-7249189), built on Mar 31 2021 21:44:00 by "builder" with MS VC++ 14.0 (VS2015)

END.
