#
# There is insufficient memory for the Java Runtime Environment to continue.
# Native memory allocation (malloc) failed to allocate 536176 bytes for Chunk::new
# Possible reasons:
#   The system is out of physical RAM or swap space
#   The process is running with CompressedOops enabled, and the Java Heap may be blocking the growth of the native heap
# Possible solutions:
#   Reduce memory load on the system
#   Increase physical memory or swap space
#   Check if swap backing store is full
#   Decrease Java heap size (-Xmx/-Xms)
#   Decrease number of Java threads
#   Decrease Java thread stack sizes (-Xss)
#   Set larger code cache with -XX:ReservedCodeCacheSize=
#   JVM is running with Unscaled Compressed Oops mode in which the Java heap is
#     placed in the first 4GB address space. The Java Heap base address is the
#     maximum limit for the native heap growth. Please use -XX:HeapBaseMinAddress
#     to set the Java Heap base and to place the Java Heap above 4GB virtual address.
# This output file may be truncated or incomplete.
#
#  Out of Memory Error (./src/hotspot/share/memory/arena.cpp:197), pid=1472, tid=9176
#
# JRE version: OpenJDK Runtime Environment (11.0.10) (build 11.0.10+0-b96-7249189)
# Java VM: OpenJDK 64-Bit Server VM (11.0.10+0-b96-7249189, mixed mode, tiered, compressed oops, g1 gc, windows-amd64)
# No core dump will be written. Minidumps are not enabled by default on client versions of Windows
#

---------------  S U M M A R Y ------------

Command Line: --add-opens=java.base/java.util=ALL-UNNAMED --add-opens=java.base/java.lang=ALL-UNNAMED --add-opens=java.base/java.lang.invoke=ALL-UNNAMED --add-opens=java.base/java.util=ALL-UNNAMED --add-opens=java.prefs/java.util.prefs=ALL-UNNAMED --add-opens=java.prefs/java.util.prefs=ALL-UNNAMED --add-opens=java.base/java.nio.charset=ALL-UNNAMED --add-opens=java.base/java.net=ALL-UNNAMED --add-opens=java.base/java.util.concurrent.atomic=ALL-UNNAMED -Xmx2048m -Dfile.encoding=UTF-8 -Duser.country=US -Duser.language=en -Duser.variant org.gradle.launcher.daemon.bootstrap.GradleDaemon 7.0.2

Host: 11th Gen Intel(R) Core(TM) i5-1135G7 @ 2.40GHz, 8 cores, 7G,  Windows 10 , 64 bit Build 19041 (10.0.19041.1202)
Time: Sun Nov 14 22:00:50 2021 SE Asia Standard Time elapsed time: 16.273719 seconds (0d 0h 0m 16s)

---------------  T H R E A D  ---------------

Current thread (0x0000022dccdf2800):  JavaThread "C2 CompilerThread0" daemon [_thread_in_native, id=9176, stack(0x00000095a7f00000,0x00000095a8000000)]


Current CompileTask:
C2:  16273 5017   !   4       java.util.zip.ZipFile::getInputStream (323 bytes)

Stack: [0x00000095a7f00000,0x00000095a8000000]
Native frames: (J=compiled Java code, j=interpreted, Vv=VM code, C=native code)
V  [jvm.dll+0x5ecfaa]
V  [jvm.dll+0x722bd5]
V  [jvm.dll+0x72412d]
V  [jvm.dll+0x7247e3]
V  [jvm.dll+0x242928]
V  [jvm.dll+0xbc4fc]
V  [jvm.dll+0xbca0c]
V  [jvm.dll+0x352d7d]
V  [jvm.dll+0x197e0c]
V  [jvm.dll+0x1fb70e]
V  [jvm.dll+0x1fa7f4]
V  [jvm.dll+0x18354c]
V  [jvm.dll+0x208ee7]
V  [jvm.dll+0x207731]
V  [jvm.dll+0x6eb1cf]
V  [jvm.dll+0x6e3d45]
V  [jvm.dll+0x5ebe96]
C  [ucrtbase.dll+0x21bb2]
C  [KERNEL32.DLL+0x17034]
C  [ntdll.dll+0x52651]


---------------  P R O C E S S  ---------------

Threads class SMR info:
_java_thread_list=0x0000022dd1138bc0, length=49, elements={
0x0000022db2218800, 0x0000022dccdd0000, 0x0000022dccdda000, 0x0000022dccdec000,
0x0000022dccdef800, 0x0000022dccdf1800, 0x0000022dccdf2800, 0x0000022dccdf4000,
0x0000022dccdfb800, 0x0000022dcd8a2000, 0x0000022dcf10a000, 0x0000022dd0bcd000,
0x0000022dcfd24800, 0x0000022dcec5b800, 0x0000022dcedb8800, 0x0000022dcfb67000,
0x0000022dd048c000, 0x0000022dd030b000, 0x0000022dcdc05000, 0x0000022dd097c800,
0x0000022dd097e800, 0x0000022dd097c000, 0x0000022dd097b000, 0x0000022dd097d800,
0x0000022dd097a000, 0x0000022dd097f000, 0x0000022dd0979800, 0x0000022dd0980000,
0x0000022dd3101000, 0x0000022dd3101800, 0x0000022dd30fd000, 0x0000022dd3103800,
0x0000022dd30ff000, 0x0000022dd30fe800, 0x0000022dd3105000, 0x0000022dd3106000,
0x0000022dd3100000, 0x0000022dd3106800, 0x0000022dd3107800, 0x0000022dd3108000,
0x0000022dd3109000, 0x0000022dd310b800, 0x0000022dd310a000, 0x0000022dd310a800,
0x0000022dcdaa3000, 0x0000022dcda9f000, 0x0000022dcdaa3800, 0x0000022dcdaa0800,
0x0000022dcdaa4800
}

Java Threads: ( => current thread )
  0x0000022db2218800 JavaThread "main" [_thread_blocked, id=1616, stack(0x00000095a7300000,0x00000095a7400000)]
  0x0000022dccdd0000 JavaThread "Reference Handler" daemon [_thread_blocked, id=10960, stack(0x00000095a7a00000,0x00000095a7b00000)]
  0x0000022dccdda000 JavaThread "Finalizer" daemon [_thread_blocked, id=12144, stack(0x00000095a7b00000,0x00000095a7c00000)]
  0x0000022dccdec000 JavaThread "Signal Dispatcher" daemon [_thread_blocked, id=5304, stack(0x00000095a7c00000,0x00000095a7d00000)]
  0x0000022dccdef800 JavaThread "Attach Listener" daemon [_thread_blocked, id=2284, stack(0x00000095a7d00000,0x00000095a7e00000)]
  0x0000022dccdf1800 JavaThread "Service Thread" daemon [_thread_blocked, id=5044, stack(0x00000095a7e00000,0x00000095a7f00000)]
=>0x0000022dccdf2800 JavaThread "C2 CompilerThread0" daemon [_thread_in_native, id=9176, stack(0x00000095a7f00000,0x00000095a8000000)]
  0x0000022dccdf4000 JavaThread "C1 CompilerThread0" daemon [_thread_blocked, id=2764, stack(0x00000095a8000000,0x00000095a8100000)]
  0x0000022dccdfb800 JavaThread "Sweeper thread" daemon [_thread_blocked, id=6112, stack(0x00000095a8100000,0x00000095a8200000)]
  0x0000022dcd8a2000 JavaThread "Common-Cleaner" daemon [_thread_blocked, id=5332, stack(0x00000095a8200000,0x00000095a8300000)]
  0x0000022dcf10a000 JavaThread "Daemon health stats" [_thread_blocked, id=5276, stack(0x00000095a8700000,0x00000095a8800000)]
  0x0000022dd0bcd000 JavaThread "Incoming local TCP Connector on port 50452" [_thread_in_native, id=14104, stack(0x00000095a8500000,0x00000095a8600000)]
  0x0000022dcfd24800 JavaThread "Daemon periodic checks" [_thread_blocked, id=11504, stack(0x00000095a8600000,0x00000095a8700000)]
  0x0000022dcec5b800 JavaThread "Daemon" [_thread_blocked, id=7572, stack(0x00000095a8800000,0x00000095a8900000)]
  0x0000022dcedb8800 JavaThread "Handler for socket connection from /127.0.0.1:50452 to /127.0.0.1:50453" [_thread_in_native, id=5928, stack(0x00000095a8900000,0x00000095a8a00000)]
  0x0000022dcfb67000 JavaThread "Cancel handler" [_thread_blocked, id=9956, stack(0x00000095a8a00000,0x00000095a8b00000)]
  0x0000022dd048c000 JavaThread "Daemon worker" [_thread_in_vm, id=7828, stack(0x00000095a8b00000,0x00000095a8c00000)]
  0x0000022dd030b000 JavaThread "Asynchronous log dispatcher for DefaultDaemonConnection: socket connection from /127.0.0.1:50452 to /127.0.0.1:50453" [_thread_blocked, id=660, stack(0x00000095a8c00000,0x00000095a8d00000)]
  0x0000022dcdc05000 JavaThread "Stdin handler" [_thread_blocked, id=6852, stack(0x00000095a8d00000,0x00000095a8e00000)]
  0x0000022dd097c800 JavaThread "Daemon client event forwarder" [_thread_blocked, id=4480, stack(0x00000095a8e00000,0x00000095a8f00000)]
  0x0000022dd097e800 JavaThread "Cache worker for file hash cache (C:\Users\Dell\.gradle\caches\7.0.2\fileHashes)" [_thread_blocked, id=11696, stack(0x00000095a9500000,0x00000095a9600000)]
  0x0000022dd097c000 JavaThread "File lock request listener" [_thread_in_native, id=4672, stack(0x00000095a9600000,0x00000095a9700000)]
  0x0000022dd097b000 JavaThread "Cache worker for journal cache (C:\Users\Dell\.gradle\caches\journal-1)" [_thread_blocked, id=4532, stack(0x00000095a9800000,0x00000095a9900000)]
  0x0000022dd097d800 JavaThread "Cache worker for file hash cache (D:\ThucHanhDiDong\Bai_Tap_Tuan_8\NguyenThanhNhan\.gradle\7.0.2\fileHashes)" [_thread_blocked, id=5768, stack(0x00000095a9a00000,0x00000095a9b00000)]
  0x0000022dd097a000 JavaThread "File watcher server" daemon [_thread_in_native, id=12020, stack(0x00000095a9b00000,0x00000095a9c00000)]
  0x0000022dd097f000 JavaThread "File watcher consumer" daemon [_thread_blocked, id=148, stack(0x00000095a9c00000,0x00000095a9d00000)]
  0x0000022dd0979800 JavaThread "Cache worker for checksums cache (D:\ThucHanhDiDong\Bai_Tap_Tuan_8\NguyenThanhNhan\.gradle\checksums)" [_thread_blocked, id=4844, stack(0x00000095a9d00000,0x00000095a9e00000)]
  0x0000022dd0980000 JavaThread "Cache worker for cache directory md-supplier (C:\Users\Dell\.gradle\caches\7.0.2\md-supplier)" [_thread_blocked, id=9760, stack(0x00000095a9e00000,0x00000095a9f00000)]
  0x0000022dd3101000 JavaThread "Cache worker for cache directory md-rule (C:\Users\Dell\.gradle\caches\7.0.2\md-rule)" [_thread_blocked, id=748, stack(0x00000095a9f00000,0x00000095aa000000)]
  0x0000022dd3101800 JavaThread "Cache worker for execution history cache (C:\Users\Dell\.gradle\caches\7.0.2\executionHistory)" [_thread_blocked, id=13192, stack(0x00000095aa000000,0x00000095aa100000)]
  0x0000022dd30fd000 JavaThread "jar transforms" [_thread_blocked, id=6268, stack(0x00000095aa200000,0x00000095aa300000)]
  0x0000022dd3103800 JavaThread "jar transforms Thread 2" [_thread_blocked, id=13744, stack(0x00000095aa300000,0x00000095aa400000)]
  0x0000022dd30ff000 JavaThread "Cache worker for file content cache (C:\Users\Dell\.gradle\caches\7.0.2\fileContent)" [_thread_blocked, id=2036, stack(0x00000095aa400000,0x00000095aa500000)]
  0x0000022dd30fe800 JavaThread "Cache worker for dependencies-accessors (D:\ThucHanhDiDong\Bai_Tap_Tuan_8\NguyenThanhNhan\.gradle\7.0.2\dependencies-accessors)" [_thread_blocked, id=13636, stack(0x00000095aa500000,0x00000095aa600000)]
  0x0000022dd3105000 JavaThread "jar transforms Thread 3" [_thread_blocked, id=2900, stack(0x00000095aa600000,0x00000095aa700000)]
  0x0000022dd3106000 JavaThread "Cache worker for Build Output Cleanup Cache (D:\ThucHanhDiDong\Bai_Tap_Tuan_8\NguyenThanhNhan\.gradle\buildOutputCleanup)" [_thread_blocked, id=10060, stack(0x00000095aa700000,0x00000095aa800000)]
  0x0000022dd3100000 JavaThread "Build operations" [_thread_blocked, id=3592, stack(0x00000095aa800000,0x00000095aa900000)]
  0x0000022dd3106800 JavaThread "Build operations Thread 2" [_thread_blocked, id=11804, stack(0x00000095aa900000,0x00000095aaa00000)]
  0x0000022dd3107800 JavaThread "Build operations Thread 3" [_thread_blocked, id=7532, stack(0x00000095aaa00000,0x00000095aab00000)]
  0x0000022dd3108000 JavaThread "Build operations Thread 4" [_thread_blocked, id=3020, stack(0x00000095aab00000,0x00000095aac00000)]
  0x0000022dd3109000 JavaThread "Build operations Thread 5" [_thread_blocked, id=1688, stack(0x00000095aac00000,0x00000095aad00000)]
  0x0000022dd310b800 JavaThread "Build operations Thread 6" [_thread_blocked, id=13776, stack(0x00000095aad00000,0x00000095aae00000)]
  0x0000022dd310a000 JavaThread "Build operations Thread 7" [_thread_blocked, id=7252, stack(0x00000095aae00000,0x00000095aaf00000)]
  0x0000022dd310a800 JavaThread "Build operations Thread 8" [_thread_blocked, id=9476, stack(0x00000095aaf00000,0x00000095ab000000)]
  0x0000022dcdaa3000 JavaThread "jar transforms Thread 4" [_thread_blocked, id=4384, stack(0x00000095ab000000,0x00000095ab100000)]
  0x0000022dcda9f000 JavaThread "jar transforms Thread 5" [_thread_blocked, id=9068, stack(0x00000095ab100000,0x00000095ab200000)]
  0x0000022dcdaa3800 JavaThread "jar transforms Thread 6" [_thread_blocked, id=13384, stack(0x00000095ab200000,0x00000095ab300000)]
  0x0000022dcdaa0800 JavaThread "jar transforms Thread 7" [_thread_blocked, id=12752, stack(0x00000095ab300000,0x00000095ab400000)]
  0x0000022dcdaa4800 JavaThread "jar transforms Thread 8" [_thread_blocked, id=12432, stack(0x00000095ab400000,0x00000095ab500000)]

Other Threads:
  0x0000022dccdce000 VMThread "VM Thread" [stack: 0x00000095a7900000,0x00000095a7a00000] [id=4912]
  0x0000022dcd8af000 WatcherThread [stack: 0x00000095a8300000,0x00000095a8400000] [id=3032]
  0x0000022db2230000 GCTaskThread "GC Thread#0" [stack: 0x00000095a7400000,0x00000095a7500000] [id=11296]
  0x0000022dce570000 GCTaskThread "GC Thread#1" [stack: 0x00000095a8400000,0x00000095a8500000] [id=10008]
  0x0000022dcedfd800 GCTaskThread "GC Thread#2" [stack: 0x00000095a8f00000,0x00000095a9000000] [id=10468]
  0x0000022dcee02800 GCTaskThread "GC Thread#3" [stack: 0x00000095a9000000,0x00000095a9100000] [id=13216]
  0x0000022dcee03000 GCTaskThread "GC Thread#4" [stack: 0x00000095a9100000,0x00000095a9200000] [id=7652]
  0x0000022dcedfc800 GCTaskThread "GC Thread#5" [stack: 0x00000095a9200000,0x00000095a9300000] [id=8008]
  0x0000022dcee04000 GCTaskThread "GC Thread#6" [stack: 0x00000095a9300000,0x00000095a9400000] [id=10572]
  0x0000022dcedfe000 GCTaskThread "GC Thread#7" [stack: 0x00000095a9400000,0x00000095a9500000] [id=11340]
  0x0000022db2266000 ConcurrentGCThread "G1 Main Marker" [stack: 0x00000095a7500000,0x00000095a7600000] [id=3800]
  0x0000022db2267800 ConcurrentGCThread "G1 Conc#0" [stack: 0x00000095a7600000,0x00000095a7700000] [id=8868]
  0x0000022dcedff000 ConcurrentGCThread "G1 Conc#1" [stack: 0x00000095a9700000,0x00000095a9800000] [id=4740]
  0x0000022dccc20800 ConcurrentGCThread "G1 Refine#0" [stack: 0x00000095a7700000,0x00000095a7800000] [id=9636]
  0x0000022dccc21800 ConcurrentGCThread "G1 Young RemSet Sampling" [stack: 0x00000095a7800000,0x00000095a7900000] [id=13332]

Threads with active compile tasks:
C2 CompilerThread0  16287 5017   !   4       java.util.zip.ZipFile::getInputStream (323 bytes)
C1 CompilerThread0  16287 5049       3       sun.reflect.annotation.AnnotationInvocationHandler::invoke (178 bytes)

VM state:not at safepoint (normal execution)

VM Mutex/Monitor currently owned by a thread: None

Heap address: 0x0000000080000000, size: 2048 MB, Compressed Oops mode: 32-bit
Narrow klass base: 0x0000000000000000, Narrow klass shift: 3
Compressed class space size: 1073741824 Address: 0x0000000100000000

Heap:
 garbage-first heap   total 126976K, used 76060K [0x0000000080000000, 0x0000000100000000)
  region size 1024K, 47 young (48128K), 3 survivors (3072K)
 Metaspace       used 47199K, capacity 48444K, committed 48512K, reserved 1091584K
  class space    used 6031K, capacity 6471K, committed 6528K, reserved 1048576K
Heap Regions: E=young(eden), S=young(survivor), O=old, HS=humongous(starts), HC=humongous(continues), CS=collection set, F=free, A=archive, TAMS=top-at-mark-start (previous, next)
|   0|0x0000000080000000, 0x0000000080100000, 0x0000000080100000|100%| O|  |TAMS 0x0000000080100000, 0x0000000080000000| Untracked 
|   1|0x0000000080100000, 0x0000000080200000, 0x0000000080200000|100%| O|  |TAMS 0x0000000080200000, 0x0000000080100000| Untracked 
|   2|0x0000000080200000, 0x0000000080300000, 0x0000000080300000|100%| O|  |TAMS 0x0000000080300000, 0x0000000080200000| Untracked 
|   3|0x0000000080300000, 0x0000000080400000, 0x0000000080400000|100%|HS|  |TAMS 0x0000000080400000, 0x0000000080300000| Complete 
|   4|0x0000000080400000, 0x0000000080500000, 0x0000000080500000|100%|HC|  |TAMS 0x0000000080500000, 0x0000000080400000| Complete 
|   5|0x0000000080500000, 0x0000000080600000, 0x0000000080600000|100%|HC|  |TAMS 0x0000000080600000, 0x0000000080500000| Complete 
|   6|0x0000000080600000, 0x0000000080700000, 0x0000000080700000|100%| O|  |TAMS 0x0000000080700000, 0x0000000080600000| Untracked 
|   7|0x0000000080700000, 0x0000000080800000, 0x0000000080800000|100%| O|  |TAMS 0x0000000080800000, 0x0000000080700000| Untracked 
|   8|0x0000000080800000, 0x0000000080900000, 0x0000000080900000|100%| O|  |TAMS 0x0000000080900000, 0x0000000080800000| Untracked 
|   9|0x0000000080900000, 0x0000000080a00000, 0x0000000080a00000|100%| O|  |TAMS 0x0000000080a00000, 0x0000000080900000| Untracked 
|  10|0x0000000080a00000, 0x0000000080b00000, 0x0000000080b00000|100%| O|  |TAMS 0x0000000080b00000, 0x0000000080a00000| Untracked 
|  11|0x0000000080b00000, 0x0000000080c00000, 0x0000000080c00000|100%| O|  |TAMS 0x0000000080c00000, 0x0000000080b00000| Untracked 
|  12|0x0000000080c00000, 0x0000000080d00000, 0x0000000080d00000|100%| O|  |TAMS 0x0000000080d00000, 0x0000000080c00000| Untracked 
|  13|0x0000000080d00000, 0x0000000080e00000, 0x0000000080e00000|100%| O|  |TAMS 0x0000000080e00000, 0x0000000080d00000| Untracked 
|  14|0x0000000080e00000, 0x0000000080f00000, 0x0000000080f00000|100%| O|  |TAMS 0x0000000080f00000, 0x0000000080e00000| Untracked 
|  15|0x0000000080f00000, 0x0000000081000000, 0x0000000081000000|100%| O|  |TAMS 0x0000000080f69c00, 0x0000000080f00000| Untracked 
|  16|0x0000000081000000, 0x0000000081100000, 0x0000000081100000|100%|HS|  |TAMS 0x0000000081000000, 0x0000000081000000| Complete 
|  17|0x0000000081100000, 0x0000000081200000, 0x0000000081200000|100%| O|  |TAMS 0x0000000081100000, 0x0000000081100000| Untracked 
|  18|0x0000000081200000, 0x0000000081300000, 0x0000000081300000|100%| O|  |TAMS 0x0000000081200000, 0x0000000081200000| Untracked 
|  19|0x0000000081300000, 0x0000000081400000, 0x0000000081400000|100%| O|  |TAMS 0x0000000081300000, 0x0000000081300000| Untracked 
|  20|0x0000000081400000, 0x0000000081500000, 0x0000000081500000|100%| O|  |TAMS 0x0000000081400000, 0x0000000081400000| Untracked 
|  21|0x0000000081500000, 0x0000000081600000, 0x0000000081600000|100%| O|  |TAMS 0x0000000081500000, 0x0000000081500000| Untracked 
|  22|0x0000000081600000, 0x0000000081700000, 0x0000000081700000|100%| O|  |TAMS 0x0000000081600000, 0x0000000081600000| Untracked 
|  23|0x0000000081700000, 0x0000000081800000, 0x0000000081800000|100%| O|  |TAMS 0x0000000081700000, 0x0000000081700000| Untracked 
|  24|0x0000000081800000, 0x0000000081900000, 0x0000000081900000|100%| O|  |TAMS 0x0000000081800000, 0x0000000081800000| Untracked 
|  25|0x0000000081900000, 0x0000000081a00000, 0x0000000081a00000|100%| O|  |TAMS 0x0000000081900000, 0x0000000081900000| Untracked 
|  26|0x0000000081a00000, 0x0000000081a73200, 0x0000000081b00000| 44%| O|  |TAMS 0x0000000081a00000, 0x0000000081a00000| Untracked 
|  27|0x0000000081b00000, 0x0000000081c00000, 0x0000000081c00000|100%|HS|  |TAMS 0x0000000081b00000, 0x0000000081b00000| Complete 
|  28|0x0000000081c00000, 0x0000000081d00000, 0x0000000081d00000|100%|HS|  |TAMS 0x0000000081c00000, 0x0000000081c00000| Complete 
|  29|0x0000000081d00000, 0x0000000081e00000, 0x0000000081e00000|100%|HC|  |TAMS 0x0000000081d00000, 0x0000000081d00000| Complete 
|  30|0x0000000081e00000, 0x0000000081e00000, 0x0000000081f00000|  0%| F|  |TAMS 0x0000000081e00000, 0x0000000081e00000| Untracked 
|  31|0x0000000081f00000, 0x0000000081f00000, 0x0000000082000000|  0%| F|  |TAMS 0x0000000081f00000, 0x0000000081f00000| Untracked 
|  32|0x0000000082000000, 0x0000000082000000, 0x0000000082100000|  0%| F|  |TAMS 0x0000000082000000, 0x0000000082000000| Untracked 
|  33|0x0000000082100000, 0x0000000082100000, 0x0000000082200000|  0%| F|  |TAMS 0x0000000082100000, 0x0000000082100000| Untracked 
|  34|0x0000000082200000, 0x0000000082200000, 0x0000000082300000|  0%| F|  |TAMS 0x0000000082200000, 0x0000000082200000| Untracked 
|  35|0x0000000082300000, 0x0000000082300000, 0x0000000082400000|  0%| F|  |TAMS 0x0000000082300000, 0x0000000082300000| Untracked 
|  36|0x0000000082400000, 0x0000000082400000, 0x0000000082500000|  0%| F|  |TAMS 0x0000000082400000, 0x0000000082400000| Untracked 
|  37|0x0000000082500000, 0x0000000082500000, 0x0000000082600000|  0%| F|  |TAMS 0x0000000082500000, 0x0000000082500000| Untracked 
|  38|0x0000000082600000, 0x0000000082600000, 0x0000000082700000|  0%| F|  |TAMS 0x0000000082600000, 0x0000000082600000| Untracked 
|  39|0x0000000082700000, 0x0000000082700000, 0x0000000082800000|  0%| F|  |TAMS 0x0000000082700000, 0x0000000082700000| Untracked 
|  40|0x0000000082800000, 0x0000000082800000, 0x0000000082900000|  0%| F|  |TAMS 0x0000000082800000, 0x0000000082800000| Untracked 
|  41|0x0000000082900000, 0x0000000082900000, 0x0000000082a00000|  0%| F|  |TAMS 0x0000000082900000, 0x0000000082900000| Untracked 
|  42|0x0000000082a00000, 0x0000000082a00000, 0x0000000082b00000|  0%| F|  |TAMS 0x0000000082a00000, 0x0000000082a00000| Untracked 
|  43|0x0000000082b00000, 0x0000000082b00000, 0x0000000082c00000|  0%| F|  |TAMS 0x0000000082b00000, 0x0000000082b00000| Untracked 
|  44|0x0000000082c00000, 0x0000000082c00000, 0x0000000082d00000|  0%| F|  |TAMS 0x0000000082c00000, 0x0000000082c00000| Untracked 
|  45|0x0000000082d00000, 0x0000000082d00000, 0x0000000082e00000|  0%| F|  |TAMS 0x0000000082d00000, 0x0000000082d00000| Untracked 
|  46|0x0000000082e00000, 0x0000000082e00000, 0x0000000082f00000|  0%| F|  |TAMS 0x0000000082e00000, 0x0000000082e00000| Untracked 
|  47|0x0000000082f00000, 0x0000000082f00000, 0x0000000083000000|  0%| F|  |TAMS 0x0000000082f00000, 0x0000000082f00000| Untracked 
|  48|0x0000000083000000, 0x0000000083000000, 0x0000000083100000|  0%| F|  |TAMS 0x0000000083000000, 0x0000000083000000| Untracked 
|  49|0x0000000083100000, 0x0000000083100000, 0x0000000083200000|  0%| F|  |TAMS 0x0000000083100000, 0x0000000083100000| Untracked 
|  50|0x0000000083200000, 0x0000000083200000, 0x0000000083300000|  0%| F|  |TAMS 0x0000000083200000, 0x0000000083200000| Untracked 
|  51|0x0000000083300000, 0x0000000083300000, 0x0000000083400000|  0%| F|  |TAMS 0x0000000083300000, 0x0000000083300000| Untracked 
|  52|0x0000000083400000, 0x0000000083400000, 0x0000000083500000|  0%| F|  |TAMS 0x0000000083400000, 0x0000000083400000| Untracked 
|  53|0x0000000083500000, 0x0000000083500000, 0x0000000083600000|  0%| F|  |TAMS 0x0000000083500000, 0x0000000083500000| Untracked 
|  54|0x0000000083600000, 0x0000000083600000, 0x0000000083700000|  0%| F|  |TAMS 0x0000000083600000, 0x0000000083600000| Untracked 
|  55|0x0000000083700000, 0x0000000083700000, 0x0000000083800000|  0%| F|  |TAMS 0x0000000083700000, 0x0000000083700000| Untracked 
|  56|0x0000000083800000, 0x0000000083800000, 0x0000000083900000|  0%| F|  |TAMS 0x0000000083800000, 0x0000000083800000| Untracked 
|  57|0x0000000083900000, 0x0000000083900000, 0x0000000083a00000|  0%| F|  |TAMS 0x0000000083900000, 0x0000000083900000| Untracked 
|  58|0x0000000083a00000, 0x0000000083a00000, 0x0000000083b00000|  0%| F|  |TAMS 0x0000000083a00000, 0x0000000083a00000| Untracked 
|  59|0x0000000083b00000, 0x0000000083b00000, 0x0000000083c00000|  0%| F|  |TAMS 0x0000000083b00000, 0x0000000083b00000| Untracked 
|  60|0x0000000083c00000, 0x0000000083cd3ea0, 0x0000000083d00000| 82%| S|CS|TAMS 0x0000000083c00000, 0x0000000083c00000| Complete 
|  61|0x0000000083d00000, 0x0000000083e00000, 0x0000000083e00000|100%| S|CS|TAMS 0x0000000083d00000, 0x0000000083d00000| Complete 
|  62|0x0000000083e00000, 0x0000000083f00000, 0x0000000083f00000|100%| S|CS|TAMS 0x0000000083e00000, 0x0000000083e00000| Complete 
|  63|0x0000000083f00000, 0x0000000083f00000, 0x0000000084000000|  0%| F|  |TAMS 0x0000000083f00000, 0x0000000083f00000| Untracked 
|  64|0x0000000084000000, 0x0000000084000000, 0x0000000084100000|  0%| F|  |TAMS 0x0000000084000000, 0x0000000084000000| Untracked 
|  65|0x0000000084100000, 0x0000000084100000, 0x0000000084200000|  0%| F|  |TAMS 0x0000000084100000, 0x0000000084100000| Untracked 
|  66|0x0000000084200000, 0x0000000084200000, 0x0000000084300000|  0%| F|  |TAMS 0x0000000084200000, 0x0000000084200000| Untracked 
|  67|0x0000000084300000, 0x0000000084300000, 0x0000000084400000|  0%| F|  |TAMS 0x0000000084300000, 0x0000000084300000| Untracked 
|  68|0x0000000084400000, 0x0000000084400000, 0x0000000084500000|  0%| F|  |TAMS 0x0000000084400000, 0x0000000084400000| Untracked 
|  69|0x0000000084500000, 0x0000000084500000, 0x0000000084600000|  0%| F|  |TAMS 0x0000000084500000, 0x0000000084500000| Untracked 
|  70|0x0000000084600000, 0x0000000084600000, 0x0000000084700000|  0%| F|  |TAMS 0x0000000084600000, 0x0000000084600000| Untracked 
|  71|0x0000000084700000, 0x0000000084700000, 0x0000000084800000|  0%| F|  |TAMS 0x0000000084700000, 0x0000000084700000| Untracked 
|  72|0x0000000084800000, 0x0000000084800000, 0x0000000084900000|  0%| F|  |TAMS 0x0000000084800000, 0x0000000084800000| Untracked 
|  73|0x0000000084900000, 0x0000000084900000, 0x0000000084a00000|  0%| F|  |TAMS 0x0000000084900000, 0x0000000084900000| Untracked 
|  74|0x0000000084a00000, 0x0000000084a00000, 0x0000000084b00000|  0%| F|  |TAMS 0x0000000084a00000, 0x0000000084a00000| Untracked 
|  75|0x0000000084b00000, 0x0000000084b00000, 0x0000000084c00000|  0%| F|  |TAMS 0x0000000084b00000, 0x0000000084b00000| Untracked 
|  76|0x0000000084c00000, 0x0000000084c00000, 0x0000000084d00000|  0%| F|  |TAMS 0x0000000084c00000, 0x0000000084c00000| Untracked 
|  77|0x0000000084d00000, 0x0000000084d00000, 0x0000000084e00000|  0%| F|  |TAMS 0x0000000084d00000, 0x0000000084d00000| Untracked 
|  78|0x0000000084e00000, 0x0000000084e00000, 0x0000000084f00000|  0%| F|  |TAMS 0x0000000084e00000, 0x0000000084e00000| Untracked 
|  79|0x0000000084f00000, 0x0000000084f00000, 0x0000000085000000|  0%| F|  |TAMS 0x0000000084f00000, 0x0000000084f00000| Untracked 
|  80|0x0000000085000000, 0x0000000085100000, 0x0000000085100000|100%| E|  |TAMS 0x0000000085000000, 0x0000000085000000| Complete 
|  81|0x0000000085100000, 0x0000000085200000, 0x0000000085200000|100%| E|CS|TAMS 0x0000000085100000, 0x0000000085100000| Complete 
|  82|0x0000000085200000, 0x0000000085300000, 0x0000000085300000|100%| E|CS|TAMS 0x0000000085200000, 0x0000000085200000| Complete 
|  83|0x0000000085300000, 0x0000000085400000, 0x0000000085400000|100%| E|CS|TAMS 0x0000000085300000, 0x0000000085300000| Complete 
|  84|0x0000000085400000, 0x0000000085500000, 0x0000000085500000|100%| E|CS|TAMS 0x0000000085400000, 0x0000000085400000| Complete 
|  85|0x0000000085500000, 0x0000000085600000, 0x0000000085600000|100%| E|CS|TAMS 0x0000000085500000, 0x0000000085500000| Complete 
|  86|0x0000000085600000, 0x0000000085700000, 0x0000000085700000|100%| E|CS|TAMS 0x0000000085600000, 0x0000000085600000| Complete 
|  87|0x0000000085700000, 0x0000000085800000, 0x0000000085800000|100%| E|CS|TAMS 0x0000000085700000, 0x0000000085700000| Complete 
|  88|0x0000000085800000, 0x0000000085900000, 0x0000000085900000|100%| E|CS|TAMS 0x0000000085800000, 0x0000000085800000| Complete 
|  89|0x0000000085900000, 0x0000000085a00000, 0x0000000085a00000|100%| E|  |TAMS 0x0000000085900000, 0x0000000085900000| Complete 
|  90|0x0000000085a00000, 0x0000000085b00000, 0x0000000085b00000|100%| E|CS|TAMS 0x0000000085a00000, 0x0000000085a00000| Complete 
|  91|0x0000000085b00000, 0x0000000085c00000, 0x0000000085c00000|100%| E|CS|TAMS 0x0000000085b00000, 0x0000000085b00000| Complete 
|  92|0x0000000085c00000, 0x0000000085d00000, 0x0000000085d00000|100%| E|CS|TAMS 0x0000000085c00000, 0x0000000085c00000| Complete 
|  93|0x0000000085d00000, 0x0000000085e00000, 0x0000000085e00000|100%| E|CS|TAMS 0x0000000085d00000, 0x0000000085d00000| Complete 
|  94|0x0000000085e00000, 0x0000000085f00000, 0x0000000085f00000|100%| E|CS|TAMS 0x0000000085e00000, 0x0000000085e00000| Complete 
|  95|0x0000000085f00000, 0x0000000086000000, 0x0000000086000000|100%| E|CS|TAMS 0x0000000085f00000, 0x0000000085f00000| Complete 
|  96|0x0000000086000000, 0x0000000086100000, 0x0000000086100000|100%| E|CS|TAMS 0x0000000086000000, 0x0000000086000000| Complete 
|  97|0x0000000086100000, 0x0000000086200000, 0x0000000086200000|100%| E|CS|TAMS 0x0000000086100000, 0x0000000086100000| Complete 
|  98|0x0000000086200000, 0x0000000086300000, 0x0000000086300000|100%| E|CS|TAMS 0x0000000086200000, 0x0000000086200000| Complete 
|  99|0x0000000086300000, 0x0000000086400000, 0x0000000086400000|100%| E|CS|TAMS 0x0000000086300000, 0x0000000086300000| Complete 
| 100|0x0000000086400000, 0x0000000086500000, 0x0000000086500000|100%| E|CS|TAMS 0x0000000086400000, 0x0000000086400000| Complete 
| 101|0x0000000086500000, 0x0000000086600000, 0x0000000086600000|100%| E|CS|TAMS 0x0000000086500000, 0x0000000086500000| Complete 
| 102|0x0000000086600000, 0x0000000086700000, 0x0000000086700000|100%| E|CS|TAMS 0x0000000086600000, 0x0000000086600000| Complete 
| 103|0x0000000086700000, 0x0000000086800000, 0x0000000086800000|100%| E|CS|TAMS 0x0000000086700000, 0x0000000086700000| Complete 
| 104|0x0000000086800000, 0x0000000086900000, 0x0000000086900000|100%| E|CS|TAMS 0x0000000086800000, 0x0000000086800000| Complete 
| 105|0x0000000086900000, 0x0000000086a00000, 0x0000000086a00000|100%| E|CS|TAMS 0x0000000086900000, 0x0000000086900000| Complete 
| 106|0x0000000086a00000, 0x0000000086b00000, 0x0000000086b00000|100%| E|CS|TAMS 0x0000000086a00000, 0x0000000086a00000| Complete 
| 107|0x0000000086b00000, 0x0000000086c00000, 0x0000000086c00000|100%| E|CS|TAMS 0x0000000086b00000, 0x0000000086b00000| Complete 
| 108|0x0000000086c00000, 0x0000000086d00000, 0x0000000086d00000|100%| E|CS|TAMS 0x0000000086c00000, 0x0000000086c00000| Complete 
| 109|0x0000000086d00000, 0x0000000086e00000, 0x0000000086e00000|100%| E|CS|TAMS 0x0000000086d00000, 0x0000000086d00000| Complete 
| 110|0x0000000086e00000, 0x0000000086f00000, 0x0000000086f00000|100%| E|CS|TAMS 0x0000000086e00000, 0x0000000086e00000| Complete 
| 111|0x0000000086f00000, 0x0000000087000000, 0x0000000087000000|100%| E|CS|TAMS 0x0000000086f00000, 0x0000000086f00000| Complete 
| 112|0x0000000087000000, 0x0000000087100000, 0x0000000087100000|100%| E|CS|TAMS 0x0000000087000000, 0x0000000087000000| Complete 
| 113|0x0000000087100000, 0x0000000087200000, 0x0000000087200000|100%| E|CS|TAMS 0x0000000087100000, 0x0000000087100000| Complete 
| 114|0x0000000087200000, 0x0000000087300000, 0x0000000087300000|100%| E|CS|TAMS 0x0000000087200000, 0x0000000087200000| Complete 
| 115|0x0000000087300000, 0x0000000087400000, 0x0000000087400000|100%| E|CS|TAMS 0x0000000087300000, 0x0000000087300000| Complete 
| 116|0x0000000087400000, 0x0000000087500000, 0x0000000087500000|100%| E|CS|TAMS 0x0000000087400000, 0x0000000087400000| Complete 
| 117|0x0000000087500000, 0x0000000087600000, 0x0000000087600000|100%| E|CS|TAMS 0x0000000087500000, 0x0000000087500000| Complete 
| 118|0x0000000087600000, 0x0000000087700000, 0x0000000087700000|100%| E|CS|TAMS 0x0000000087600000, 0x0000000087600000| Complete 
| 119|0x0000000087700000, 0x0000000087800000, 0x0000000087800000|100%| E|CS|TAMS 0x0000000087700000, 0x0000000087700000| Complete 
| 120|0x0000000087800000, 0x0000000087900000, 0x0000000087900000|100%| E|CS|TAMS 0x0000000087800000, 0x0000000087800000| Complete 
| 121|0x0000000087900000, 0x0000000087a00000, 0x0000000087a00000|100%| E|CS|TAMS 0x0000000087900000, 0x0000000087900000| Complete 
| 122|0x0000000087a00000, 0x0000000087b00000, 0x0000000087b00000|100%| E|CS|TAMS 0x0000000087a00000, 0x0000000087a00000| Complete 
| 123|0x0000000087b00000, 0x0000000087c00000, 0x0000000087c00000|100%| E|CS|TAMS 0x0000000087b00000, 0x0000000087b00000| Complete 

Card table byte_map: [0x0000022dc5b80000,0x0000022dc5f80000] _byte_map_base: 0x0000022dc5780000

Marking Bits (Prev, Next): (CMBitMap*) 0x0000022db225d328, (CMBitMap*) 0x0000022db225d360
 Prev Bits: [0x0000022dc6380000, 0x0000022dc8380000)
 Next Bits: [0x0000022dc8380000, 0x0000022dca380000)

Polling page: 0x0000022db0970000

Metaspace:

Usage:
  Non-class:     40.99 MB capacity,    40.23 MB ( 98%) used,   656.23 KB (  2%) free+waste,   123.00 KB ( <1%) overhead. 
      Class:      6.32 MB capacity,     5.89 MB ( 93%) used,   377.27 KB (  6%) free+waste,    58.63 KB ( <1%) overhead. 
       Both:     47.31 MB capacity,    46.12 MB ( 97%) used,     1.01 MB (  2%) free+waste,   181.63 KB ( <1%) overhead. 

Virtual space:
  Non-class space:       42.00 MB reserved,      41.00 MB ( 98%) committed 
      Class space:        1.00 GB reserved,       6.38 MB ( <1%) committed 
             Both:        1.04 GB reserved,      47.38 MB (  4%) committed 

Chunk freelists:
   Non-Class:  11.00 KB
       Class:  25.00 KB
        Both:  36.00 KB

MaxMetaspaceSize: 17179869184.00 GB
CompressedClassSpaceSize: 1.00 GB

CodeHeap 'non-profiled nmethods': size=120000Kb used=2951Kb max_used=2951Kb free=117049Kb
 bounds [0x0000022dbd7e0000, 0x0000022dbdad0000, 0x0000022dc4d10000]
CodeHeap 'profiled nmethods': size=120000Kb used=10174Kb max_used=10174Kb free=109825Kb
 bounds [0x0000022db62b0000, 0x0000022db6ca0000, 0x0000022dbd7e0000]
CodeHeap 'non-nmethods': size=5760Kb used=2228Kb max_used=2272Kb free=3531Kb
 bounds [0x0000022db5d10000, 0x0000022db5f80000, 0x0000022db62b0000]
 total_blobs=5829 nmethods=5043 adapters=697
 compilation: enabled
              stopped_count=0, restarted_count=0
 full_count=0

Compilation events (20 events):
Event: 16.267 Thread 0x0000022dccdf4000 nmethod 5033 0x0000022db6c8a290 code [0x0000022db6c8a4a0, 0x0000022db6c8acc8]
Event: 16.267 Thread 0x0000022dccdf4000 5034       3       sun.reflect.generics.repository.ConstructorRepository::computeParameterTypes (62 bytes)
Event: 16.267 Thread 0x0000022dccdf4000 nmethod 5034 0x0000022db6c8af90 code [0x0000022db6c8b1c0, 0x0000022db6c8bb88]
Event: 16.268 Thread 0x0000022dccdf4000 5035       3       sun.reflect.annotation.AnnotationParser::annotationForMap (16 bytes)
Event: 16.268 Thread 0x0000022dccdf4000 nmethod 5035 0x0000022db6c8be90 code [0x0000022db6c8c060, 0x0000022db6c8c448]
Event: 16.268 Thread 0x0000022dccdf4000 5036       3       sun.reflect.annotation.AnnotationParser$1::<init> (15 bytes)
Event: 16.268 Thread 0x0000022dccdf4000 nmethod 5036 0x0000022db6c8c590 code [0x0000022db6c8c740, 0x0000022db6c8c958]
Event: 16.268 Thread 0x0000022dccdf4000 5037       3       sun.reflect.annotation.AnnotationParser$1::run (5 bytes)
Event: 16.268 Thread 0x0000022dccdf4000 nmethod 5037 0x0000022db6c8ca10 code [0x0000022db6c8cbc0, 0x0000022db6c8cd08]
Event: 16.268 Thread 0x0000022dccdf4000 5038       3       java.beans.PropertyDescriptor::<init> (302 bytes)
Event: 16.272 Thread 0x0000022dccdf4000 nmethod 5038 0x0000022db6c8cd90 code [0x0000022db6c8d480, 0x0000022db6c92098]
Event: 16.272 Thread 0x0000022dccdf4000 5044       3       java.beans.FeatureDescriptor::setTransient (30 bytes)
Event: 16.272 Thread 0x0000022dccdf4000 nmethod 5044 0x0000022db6c93490 code [0x0000022db6c93720, 0x0000022db6c942e8]
Event: 16.272 Thread 0x0000022dccdf4000 5041       3       java.util.TreeMap$EntryIterator::next (5 bytes)
Event: 16.272 Thread 0x0000022dccdf4000 nmethod 5041 0x0000022db6c94710 code [0x0000022db6c948e0, 0x0000022db6c94a68]
Event: 16.272 Thread 0x0000022dccdf4000 5042       3       java.util.TreeMap$EntryIterator::next (5 bytes)
Event: 16.273 Thread 0x0000022dccdf4000 nmethod 5042 0x0000022db6c94b10 code [0x0000022db6c94cc0, 0x0000022db6c94de8]
Event: 16.273 Thread 0x0000022dccdf4000 5043       3       java.util.Collections$UnmodifiableMap$UnmodifiableEntrySet$UnmodifiableEntry::getKey (10 bytes)
Event: 16.273 Thread 0x0000022dccdf4000 nmethod 5043 0x0000022db6c94e90 code [0x0000022db6c95040, 0x0000022db6c95208]
Event: 16.273 Thread 0x0000022dccdf4000 5039       3       com.sun.beans.introspect.PropertyInfo::getReadMethod (19 bytes)

GC Heap History (14 events):
Event: 4.158 GC heap before
{Heap before GC invocations=0 (full 0):
 garbage-first heap   total 126976K, used 29696K [0x0000000080000000, 0x0000000100000000)
  region size 1024K, 24 young (24576K), 0 survivors (0K)
 Metaspace       used 9790K, capacity 9986K, committed 10112K, reserved 1058816K
  class space    used 1021K, capacity 1102K, committed 1152K, reserved 1048576K
}
Event: 4.163 GC heap after
{Heap after GC invocations=1 (full 0):
 garbage-first heap   total 126976K, used 9916K [0x0000000080000000, 0x0000000100000000)
  region size 1024K, 3 young (3072K), 3 survivors (3072K)
 Metaspace       used 9790K, capacity 9986K, committed 10112K, reserved 1058816K
  class space    used 1021K, capacity 1102K, committed 1152K, reserved 1048576K
}
Event: 7.463 GC heap before
{Heap before GC invocations=1 (full 0):
 garbage-first heap   total 126976K, used 82620K [0x0000000080000000, 0x0000000100000000)
  region size 1024K, 74 young (75776K), 3 survivors (3072K)
 Metaspace       used 17688K, capacity 18150K, committed 18432K, reserved 1064960K
  class space    used 2088K, capacity 2236K, committed 2304K, reserved 1048576K
}
Event: 7.467 GC heap after
{Heap after GC invocations=2 (full 0):
 garbage-first heap   total 126976K, used 16331K [0x0000000080000000, 0x0000000100000000)
  region size 1024K, 10 young (10240K), 10 survivors (10240K)
 Metaspace       used 17688K, capacity 18150K, committed 18432K, reserved 1064960K
  class space    used 2088K, capacity 2236K, committed 2304K, reserved 1048576K
}
Event: 7.669 GC heap before
{Heap before GC invocations=2 (full 0):
 garbage-first heap   total 126976K, used 38859K [0x0000000080000000, 0x0000000100000000)
  region size 1024K, 33 young (33792K), 10 survivors (10240K)
 Metaspace       used 20595K, capacity 21118K, committed 21248K, reserved 1067008K
  class space    used 2514K, capacity 2720K, committed 2816K, reserved 1048576K
}
Event: 7.675 GC heap after
{Heap after GC invocations=3 (full 0):
 garbage-first heap   total 126976K, used 16598K [0x0000000080000000, 0x0000000100000000)
  region size 1024K, 1 young (1024K), 1 survivors (1024K)
 Metaspace       used 20595K, capacity 21118K, committed 21248K, reserved 1067008K
  class space    used 2514K, capacity 2720K, committed 2816K, reserved 1048576K
}
Event: 8.191 GC heap before
{Heap before GC invocations=4 (full 0):
 garbage-first heap   total 126976K, used 79062K [0x0000000080000000, 0x0000000100000000)
  region size 1024K, 62 young (63488K), 1 survivors (1024K)
 Metaspace       used 26480K, capacity 27130K, committed 27392K, reserved 1073152K
  class space    used 3492K, capacity 3753K, committed 3840K, reserved 1048576K
}
Event: 8.193 GC heap after
{Heap after GC invocations=5 (full 0):
 garbage-first heap   total 126976K, used 18568K [0x0000000080000000, 0x0000000100000000)
  region size 1024K, 3 young (3072K), 3 survivors (3072K)
 Metaspace       used 26480K, capacity 27130K, committed 27392K, reserved 1073152K
  class space    used 3492K, capacity 3753K, committed 3840K, reserved 1048576K
}
Event: 8.771 GC heap before
{Heap before GC invocations=5 (full 0):
 garbage-first heap   total 126976K, used 66696K [0x0000000080000000, 0x0000000100000000)
  region size 1024K, 51 young (52224K), 3 survivors (3072K)
 Metaspace       used 35044K, capacity 35798K, committed 35840K, reserved 1081344K
  class space    used 4536K, capacity 4832K, committed 4864K, reserved 1048576K
}
Event: 8.777 GC heap after
{Heap after GC invocations=6 (full 0):
 garbage-first heap   total 126976K, used 21867K [0x0000000080000000, 0x0000000100000000)
  region size 1024K, 6 young (6144K), 6 survivors (6144K)
 Metaspace       used 35044K, capacity 35798K, committed 35840K, reserved 1081344K
  class space    used 4536K, capacity 4832K, committed 4864K, reserved 1048576K
}
Event: 9.521 GC heap before
{Heap before GC invocations=7 (full 0):
 garbage-first heap   total 126976K, used 86379K [0x0000000080000000, 0x0000000100000000)
  region size 1024K, 67 young (68608K), 6 survivors (6144K)
 Metaspace       used 39519K, capacity 40430K, committed 40576K, reserved 1085440K
  class space    used 5054K, capacity 5390K, committed 5504K, reserved 1048576K
}
Event: 9.529 GC heap after
{Heap after GC invocations=8 (full 0):
 garbage-first heap   total 126976K, used 26553K [0x0000000080000000, 0x0000000100000000)
  region size 1024K, 8 young (8192K), 8 survivors (8192K)
 Metaspace       used 39519K, capacity 40430K, committed 40576K, reserved 1085440K
  class space    used 5054K, capacity 5390K, committed 5504K, reserved 1048576K
}
Event: 10.454 GC heap before
{Heap before GC invocations=8 (full 0):
 garbage-first heap   total 126976K, used 90041K [0x0000000080000000, 0x0000000100000000)
  region size 1024K, 69 young (70656K), 8 survivors (8192K)
 Metaspace       used 45219K, capacity 46343K, committed 46464K, reserved 1089536K
  class space    used 5813K, capacity 6227K, committed 6272K, reserved 1048576K
}
Event: 10.462 GC heap after
{Heap after GC invocations=9 (full 0):
 garbage-first heap   total 126976K, used 28956K [0x0000000080000000, 0x0000000100000000)
  region size 1024K, 3 young (3072K), 3 survivors (3072K)
 Metaspace       used 45219K, capacity 46343K, committed 46464K, reserved 1089536K
  class space    used 5813K, capacity 6227K, committed 6272K, reserved 1048576K
}

Deoptimization events (20 events):
Event: 16.149 Thread 0x0000022dd048c000 DEOPT PACKING pc=0x0000022db63466b4 sp=0x00000095a8bf9f50
Event: 16.149 Thread 0x0000022dd048c000 DEOPT UNPACKING pc=0x0000022db5d38ede sp=0x00000095a8bf94a0 mode 0
Event: 16.150 Thread 0x0000022dd048c000 DEOPT PACKING pc=0x0000022db6c60d71 sp=0x00000095a8bf9f10
Event: 16.150 Thread 0x0000022dd048c000 DEOPT UNPACKING pc=0x0000022db5d38ede sp=0x00000095a8bf9408 mode 0
Event: 16.205 Thread 0x0000022dd048c000 DEOPT PACKING pc=0x0000022db6c7072a sp=0x00000095a8bf2330
Event: 16.205 Thread 0x0000022dd048c000 DEOPT UNPACKING pc=0x0000022db5d38ede sp=0x00000095a8bf1920 mode 0
Event: 16.206 Thread 0x0000022dd048c000 Uncommon trap: trap_request=0xffffff4d fr.pc=0x0000022dbd84c7d8 relative=0x00000000000012d8
Event: 16.206 Thread 0x0000022dd048c000 Uncommon trap: reason=unstable_if action=reinterpret pc=0x0000022dbd84c7d8 method=java.util.jar.JarFile.checkForSpecialAttributes()V @ 53 c2
Event: 16.206 Thread 0x0000022dd048c000 DEOPT PACKING pc=0x0000022dbd84c7d8 sp=0x00000095a8bf28a0
Event: 16.206 Thread 0x0000022dd048c000 DEOPT UNPACKING pc=0x0000022db5d183af sp=0x00000095a8bf2860 mode 2
Event: 16.223 Thread 0x0000022dd048c000 DEOPT PACKING pc=0x0000022db6c7072a sp=0x00000095a8bf22a0
Event: 16.223 Thread 0x0000022dd048c000 DEOPT UNPACKING pc=0x0000022db5d38ede sp=0x00000095a8bf1878 mode 0
Event: 16.238 Thread 0x0000022dd048c000 DEOPT PACKING pc=0x0000022db6c7072a sp=0x00000095a8bf22a0
Event: 16.238 Thread 0x0000022dd048c000 DEOPT UNPACKING pc=0x0000022db5d38ede sp=0x00000095a8bf1878 mode 0
Event: 16.250 Thread 0x0000022dd048c000 DEOPT PACKING pc=0x0000022db6c7072a sp=0x00000095a8bf2170
Event: 16.250 Thread 0x0000022dd048c000 DEOPT UNPACKING pc=0x0000022db5d38ede sp=0x00000095a8bf1748 mode 0
Event: 16.256 Thread 0x0000022dd048c000 DEOPT PACKING pc=0x0000022db6c7072a sp=0x00000095a8bf2170
Event: 16.256 Thread 0x0000022dd048c000 DEOPT UNPACKING pc=0x0000022db5d38ede sp=0x00000095a8bf1748 mode 0
Event: 16.264 Thread 0x0000022dd048c000 DEOPT PACKING pc=0x0000022db6525517 sp=0x00000095a8bf22c0
Event: 16.264 Thread 0x0000022dd048c000 DEOPT UNPACKING pc=0x0000022db5d38ede sp=0x00000095a8bf1848 mode 0

Classes redefined (0 events):
No events

Internal exceptions (20 events):
Event: 16.208 Thread 0x0000022dd048c000 Exception <a 'java/security/PrivilegedActionException'{0x00000000858857c0}> (0x00000000858857c0) thrown at [./src/hotspot/share/prims/jvm.cpp, line 1306]
Event: 16.208 Thread 0x0000022dd048c000 Exception <a 'java/security/PrivilegedActionException'{0x00000000858867d8}> (0x00000000858867d8) thrown at [./src/hotspot/share/prims/jvm.cpp, line 1306]
Event: 16.208 Thread 0x0000022dd048c000 Exception <a 'java/security/PrivilegedActionException'{0x0000000085889158}> (0x0000000085889158) thrown at [./src/hotspot/share/prims/jvm.cpp, line 1306]
Event: 16.208 Thread 0x0000022dd048c000 Exception <a 'java/security/PrivilegedActionException'{0x000000008588a170}> (0x000000008588a170) thrown at [./src/hotspot/share/prims/jvm.cpp, line 1306]
Event: 16.218 Thread 0x0000022dd048c000 Exception <a 'java/security/PrivilegedActionException'{0x000000008574fb88}> (0x000000008574fb88) thrown at [./src/hotspot/share/prims/jvm.cpp, line 1306]
Event: 16.218 Thread 0x0000022dd048c000 Exception <a 'java/security/PrivilegedActionException'{0x0000000085750ba0}> (0x0000000085750ba0) thrown at [./src/hotspot/share/prims/jvm.cpp, line 1306]
Event: 16.218 Thread 0x0000022dd048c000 Exception <a 'java/security/PrivilegedActionException'{0x0000000085753520}> (0x0000000085753520) thrown at [./src/hotspot/share/prims/jvm.cpp, line 1306]
Event: 16.218 Thread 0x0000022dd048c000 Exception <a 'java/security/PrivilegedActionException'{0x0000000085754538}> (0x0000000085754538) thrown at [./src/hotspot/share/prims/jvm.cpp, line 1306]
Event: 16.219 Thread 0x0000022dd048c000 Exception <a 'java/security/PrivilegedActionException'{0x0000000085756f68}> (0x0000000085756f68) thrown at [./src/hotspot/share/prims/jvm.cpp, line 1306]
Event: 16.219 Thread 0x0000022dd048c000 Exception <a 'java/security/PrivilegedActionException'{0x0000000085757f80}> (0x0000000085757f80) thrown at [./src/hotspot/share/prims/jvm.cpp, line 1306]
Event: 16.219 Thread 0x0000022dd048c000 Exception <a 'java/security/PrivilegedActionException'{0x000000008575a908}> (0x000000008575a908) thrown at [./src/hotspot/share/prims/jvm.cpp, line 1306]
Event: 16.219 Thread 0x0000022dd048c000 Exception <a 'java/security/PrivilegedActionException'{0x000000008575b920}> (0x000000008575b920) thrown at [./src/hotspot/share/prims/jvm.cpp, line 1306]
Event: 16.219 Thread 0x0000022dd048c000 Exception <a 'java/security/PrivilegedActionException'{0x000000008575e2f8}> (0x000000008575e2f8) thrown at [./src/hotspot/share/prims/jvm.cpp, line 1306]
Event: 16.219 Thread 0x0000022dd048c000 Exception <a 'java/security/PrivilegedActionException'{0x000000008575f310}> (0x000000008575f310) thrown at [./src/hotspot/share/prims/jvm.cpp, line 1306]
Event: 16.219 Thread 0x0000022dd048c000 Exception <a 'java/security/PrivilegedActionException'{0x0000000085761d40}> (0x0000000085761d40) thrown at [./src/hotspot/share/prims/jvm.cpp, line 1306]
Event: 16.219 Thread 0x0000022dd048c000 Exception <a 'java/security/PrivilegedActionException'{0x0000000085762d58}> (0x0000000085762d58) thrown at [./src/hotspot/share/prims/jvm.cpp, line 1306]
Event: 16.265 Thread 0x0000022dd048c000 Exception <a 'java/lang/ClassNotFoundException'{0x00000000853f4e10}: org/gradle/api/internal/project/DefaultProject_DecoratedBeanInfo> (0x00000000853f4e10) thrown at [./src/hotspot/share/classfile/systemDictionary.cpp, line 231]
Event: 16.265 Thread 0x0000022dd048c000 Exception <a 'java/lang/ClassNotFoundException'{0x00000000852210d8}: org/gradle/api/internal/project/DefaultProjectBeanInfo> (0x00000000852210d8) thrown at [./src/hotspot/share/classfile/systemDictionary.cpp, line 231]
Event: 16.266 Thread 0x0000022dd048c000 Exception <a 'java/lang/ClassNotFoundException'{0x000000008524cfc0}: org/gradle/api/internal/project/DefaultProjectCustomizer> (0x000000008524cfc0) thrown at [./src/hotspot/share/classfile/systemDictionary.cpp, line 231]
Event: 16.270 Thread 0x0000022dd048c000 Exception <a 'java/lang/ClassNotFoundException'{0x00000000851067e8}: org/gradle/api/internal/project/DefaultProject_DecoratedCustomizer> (0x00000000851067e8) thrown at [./src/hotspot/share/classfile/systemDictionary.cpp, line 231]

Events (20 events):
Event: 16.265 loading class org/gradle/api/internal/project/DefaultProjectBeanInfo done
Event: 16.265 loading class org/gradle/api/internal/project/DefaultProjectBeanInfo
Event: 16.265 loading class org/gradle/api/internal/project/DefaultProjectBeanInfo done
Event: 16.265 loading class org/gradle/api/internal/project/DefaultProjectCustomizer
Event: 16.265 loading class org/gradle/api/internal/project/DefaultProjectCustomizer done
Event: 16.265 loading class org/gradle/api/internal/project/DefaultProjectCustomizer
Event: 16.265 loading class org/gradle/api/internal/project/DefaultProjectCustomizer done
Event: 16.265 loading class org/gradle/api/internal/project/DefaultProjectCustomizer
Event: 16.265 loading class org/gradle/api/internal/project/DefaultProjectCustomizer done
Event: 16.266 loading class org/gradle/api/internal/project/DefaultProjectCustomizer
Event: 16.266 loading class org/gradle/api/internal/project/DefaultProjectCustomizer done
Event: 16.269 loading class org/gradle/api/internal/project/DefaultProject_DecoratedCustomizer
Event: 16.269 loading class org/gradle/api/internal/project/DefaultProject_DecoratedCustomizer done
Event: 16.269 loading class org/gradle/api/internal/project/DefaultProject_DecoratedCustomizer
Event: 16.269 loading class org/gradle/api/internal/project/DefaultProject_DecoratedCustomizer done
Event: 16.269 loading class org/gradle/api/internal/project/DefaultProject_DecoratedCustomizer
Event: 16.269 loading class org/gradle/api/internal/project/DefaultProject_DecoratedCustomizer done
Event: 16.270 loading class org/gradle/api/internal/project/DefaultProject_DecoratedCustomizer
Event: 16.270 loading class org/gradle/api/internal/project/DefaultProject_DecoratedCustomizer done
Event: 16.272 loading class org/xml/sax/Locator


Dynamic libraries:
0x00007ff7a4ab0000 - 0x00007ff7a4aba000 	D:\Android Studio\jre\bin\java.exe
0x00007ffcfa6d0000 - 0x00007ffcfa8c5000 	C:\Windows\SYSTEM32\ntdll.dll
0x00007ffcfa5d0000 - 0x00007ffcfa68e000 	C:\Windows\System32\KERNEL32.DLL
0x00007ffcf7df0000 - 0x00007ffcf80b9000 	C:\Windows\System32\KERNELBASE.dll
0x00007ffcf84c0000 - 0x00007ffcf85c0000 	C:\Windows\System32\ucrtbase.dll
0x00007ffcf28f0000 - 0x00007ffcf2909000 	D:\Android Studio\jre\bin\jli.dll
0x00007ffcf9e30000 - 0x00007ffcf9fd1000 	C:\Windows\System32\USER32.dll
0x00007ffce00a0000 - 0x00007ffce033a000 	C:\Windows\WinSxS\amd64_microsoft.windows.common-controls_6595b64144ccf1df_6.0.19041.1110_none_60b5254171f9507e\COMCTL32.dll
0x00007ffcf8250000 - 0x00007ffcf8272000 	C:\Windows\System32\win32u.dll
0x00007ffcf99f0000 - 0x00007ffcf9a8e000 	C:\Windows\System32\msvcrt.dll
0x00007ffcfa200000 - 0x00007ffcfa22b000 	C:\Windows\System32\GDI32.dll
0x00007ffcf8110000 - 0x00007ffcf821b000 	C:\Windows\System32\gdi32full.dll
0x00007ffcf83c0000 - 0x00007ffcf845d000 	C:\Windows\System32\msvcp_win.dll
0x00007ffcf28d0000 - 0x00007ffcf28e7000 	D:\Android Studio\jre\bin\VCRUNTIME140.dll
0x00007ffcfa230000 - 0x00007ffcfa260000 	C:\Windows\System32\IMM32.DLL
0x00007ffccc320000 - 0x00007ffccc3bd000 	D:\Android Studio\jre\bin\msvcp140.dll
0x00007ffca9580000 - 0x00007ffcaa04f000 	D:\Android Studio\jre\bin\server\jvm.dll
0x00007ffcf9c00000 - 0x00007ffcf9cac000 	C:\Windows\System32\ADVAPI32.dll
0x00007ffcf9fe0000 - 0x00007ffcfa07b000 	C:\Windows\System32\sechost.dll
0x00007ffcfa3f0000 - 0x00007ffcfa51a000 	C:\Windows\System32\RPCRT4.dll
0x00007ffcf9aa0000 - 0x00007ffcf9aa8000 	C:\Windows\System32\PSAPI.DLL
0x00007ffceb670000 - 0x00007ffceb67a000 	C:\Windows\SYSTEM32\VERSION.dll
0x00007ffcdccd0000 - 0x00007ffcdccf7000 	C:\Windows\SYSTEM32\WINMM.dll
0x00007ffcdfe10000 - 0x00007ffcdfe19000 	C:\Windows\SYSTEM32\WSOCK32.dll
0x00007ffcf9cb0000 - 0x00007ffcf9d1b000 	C:\Windows\System32\WS2_32.dll
0x00007ffcf6670000 - 0x00007ffcf6682000 	C:\Windows\SYSTEM32\kernel.appcore.dll
0x00007ffcdd860000 - 0x00007ffcdd871000 	D:\Android Studio\jre\bin\verify.dll
0x00007ffcf5bb0000 - 0x00007ffcf5d94000 	C:\Windows\SYSTEM32\DBGHELP.DLL
0x00007ffcdfe40000 - 0x00007ffcdfe6c000 	C:\Windows\SYSTEM32\dbgcore.DLL
0x00007ffcf8330000 - 0x00007ffcf83b3000 	C:\Windows\System32\bcryptPrimitives.dll
0x00007ffcd6bc0000 - 0x00007ffcd6be9000 	D:\Android Studio\jre\bin\java.dll
0x00007ffcdf560000 - 0x00007ffcdf56b000 	D:\Android Studio\jre\bin\jimage.dll
0x00007ffcdc5a0000 - 0x00007ffcdc5b8000 	D:\Android Studio\jre\bin\zip.dll
0x00007ffcf8da0000 - 0x00007ffcf94df000 	C:\Windows\System32\SHELL32.dll
0x00007ffcf5ed0000 - 0x00007ffcf6660000 	C:\Windows\SYSTEM32\windows.storage.dll
0x00007ffcf9690000 - 0x00007ffcf99e5000 	C:\Windows\System32\combase.dll
0x00007ffcf7840000 - 0x00007ffcf786c000 	C:\Windows\SYSTEM32\Wldp.dll
0x00007ffcfa520000 - 0x00007ffcfa5cd000 	C:\Windows\System32\SHCORE.dll
0x00007ffcf9b90000 - 0x00007ffcf9be5000 	C:\Windows\System32\shlwapi.dll
0x00007ffcf7d30000 - 0x00007ffcf7d4f000 	C:\Windows\SYSTEM32\profapi.dll
0x00007ffccfc60000 - 0x00007ffccfc7a000 	D:\Android Studio\jre\bin\net.dll
0x00007ffcf2770000 - 0x00007ffcf2878000 	C:\Windows\SYSTEM32\WINHTTP.dll
0x00007ffcf75a0000 - 0x00007ffcf760a000 	C:\Windows\system32\mswsock.dll
0x00007ffcb5fb0000 - 0x00007ffcb5fc4000 	D:\Android Studio\jre\bin\nio.dll
0x00007ffcaa060000 - 0x00007ffcaa087000 	C:\Users\Dell\.gradle\native\8bec1ad78214c89d9ad589b4d07fe93259594b29d510b10fafb7a158f7737e5d\windows-amd64\native-platform.dll
0x00007ffc9d440000 - 0x00007ffc9d57d000 	C:\Users\Dell\.gradle\native\53dbd7edfb1c66fb8903c78663c9afc45aea4f116125fa6feffd364cf09443e8\windows-amd64\native-platform-file-events.dll
0x00007ffcdda30000 - 0x00007ffcdda3a000 	D:\Android Studio\jre\bin\management.dll
0x00007ffcdd900000 - 0x00007ffcdd90c000 	D:\Android Studio\jre\bin\management_ext.dll
0x00007ffcf7790000 - 0x00007ffcf77a8000 	C:\Windows\SYSTEM32\CRYPTSP.dll
0x00007ffcf6eb0000 - 0x00007ffcf6ee4000 	C:\Windows\system32\rsaenh.dll
0x00007ffcf8220000 - 0x00007ffcf8247000 	C:\Windows\System32\bcrypt.dll
0x00007ffcf7cb0000 - 0x00007ffcf7cde000 	C:\Windows\SYSTEM32\USERENV.dll
0x00007ffcf77b0000 - 0x00007ffcf77bc000 	C:\Windows\SYSTEM32\CRYPTBASE.dll
0x00007ffcf7240000 - 0x00007ffcf727b000 	C:\Windows\SYSTEM32\IPHLPAPI.DLL
0x00007ffcf9a90000 - 0x00007ffcf9a98000 	C:\Windows\System32\NSI.dll
0x00007ffcf12c0000 - 0x00007ffcf12d7000 	C:\Windows\SYSTEM32\dhcpcsvc6.DLL
0x00007ffcf12a0000 - 0x00007ffcf12bd000 	C:\Windows\SYSTEM32\dhcpcsvc.DLL
0x00007ffcf72e0000 - 0x00007ffcf73ac000 	C:\Windows\SYSTEM32\DNSAPI.dll

dbghelp: loaded successfully - version: 4.0.5 - missing functions: none
symbol engine: initialized successfully - sym options: 0x614 - pdb path: .;D:\Android Studio\jre\bin;C:\Windows\SYSTEM32;C:\Windows\WinSxS\amd64_microsoft.windows.common-controls_6595b64144ccf1df_6.0.19041.1110_none_60b5254171f9507e;D:\Android Studio\jre\bin\server;C:\Users\Dell\.gradle\native\8bec1ad78214c89d9ad589b4d07fe93259594b29d510b10fafb7a158f7737e5d\windows-amd64;C:\Users\Dell\.gradle\native\53dbd7edfb1c66fb8903c78663c9afc45aea4f116125fa6feffd364cf09443e8\windows-amd64

VM Arguments:
jvm_args: --add-opens=java.base/java.util=ALL-UNNAMED --add-opens=java.base/java.lang=ALL-UNNAMED --add-opens=java.base/java.lang.invoke=ALL-UNNAMED --add-opens=java.base/java.util=ALL-UNNAMED --add-opens=java.prefs/java.util.prefs=ALL-UNNAMED --add-opens=java.prefs/java.util.prefs=ALL-UNNAMED --add-opens=java.base/java.nio.charset=ALL-UNNAMED --add-opens=java.base/java.net=ALL-UNNAMED --add-opens=java.base/java.util.concurrent.atomic=ALL-UNNAMED -Xmx2048m -Dfile.encoding=UTF-8 -Duser.country=US -Duser.language=en -Duser.variant 
java_command: org.gradle.launcher.daemon.bootstrap.GradleDaemon 7.0.2
java_class_path (initial): C:\Users\Dell\.gradle\wrapper\dists\gradle-7.0.2-bin\857tjihv64xamwrf0h14cai3r\gradle-7.0.2\lib\gradle-launcher-7.0.2.jar
Launcher Type: SUN_STANDARD

[Global flags]
     intx CICompilerCount                          = 4                                         {product} {ergonomic}
     uint ConcGCThreads                            = 2                                         {product} {ergonomic}
     uint G1ConcRefinementThreads                  = 8                                         {product} {ergonomic}
   size_t G1HeapRegionSize                         = 1048576                                   {product} {ergonomic}
    uintx GCDrainStackTargetSize                   = 64                                        {product} {ergonomic}
   size_t InitialHeapSize                          = 130023424                                 {product} {ergonomic}
   size_t MarkStackSize                            = 4194304                                   {product} {ergonomic}
   size_t MaxHeapSize                              = 2147483648                                {product} {command line}
   size_t MaxNewSize                               = 1287651328                                {product} {ergonomic}
   size_t MinHeapDeltaBytes                        = 1048576                                   {product} {ergonomic}
    uintx NonNMethodCodeHeapSize                   = 5836300                                {pd product} {ergonomic}
    uintx NonProfiledCodeHeapSize                  = 122910970                              {pd product} {ergonomic}
    uintx ProfiledCodeHeapSize                     = 122910970                              {pd product} {ergonomic}
    uintx ReservedCodeCacheSize                    = 251658240                              {pd product} {ergonomic}
     bool SegmentedCodeCache                       = true                                      {product} {ergonomic}
     bool UseCompressedClassPointers               = true                                 {lp64_product} {ergonomic}
     bool UseCompressedOops                        = true                                 {lp64_product} {ergonomic}
     bool UseG1GC                                  = true                                      {product} {ergonomic}
     bool UseLargePagesIndividualAllocation        = false                                  {pd product} {ergonomic}

Logging:
Log output configuration:
 #0: stdout all=warning uptime,level,tags
 #1: stderr all=off uptime,level,tags

Environment Variables:
PATH=D:\VMware\bin\;C:\Program Files\Common Files\Oracle\Java\javapath;C:\Windows\system32;C:\Windows;C:\Windows\System32\Wbem;C:\Windows\System32\WindowsPowerShell\v1.0\;C:\Windows\System32\OpenSSH\;C:\Program Files\NVIDIA Corporation\NVIDIA NvDLISR;C:\Program Files\Microsoft SQL Server\Client SDK\ODBC\170\Tools\Binn\;C:\Program Files (x86)\Microsoft SQL Server\150\Tools\Binn\;C:\Program Files\Microsoft SQL Server\150\Tools\Binn\;C:\Program Files\Microsoft SQL Server\150\DTS\Binn\;C:\Program Files (x86)\Microsoft SQL Server\150\DTS\Binn\;C:\Program Files\Azure Data Studio\bin;C:\Program Files\Microsoft SQL Server\130\Tools\Binn\;D:\Git\Git\cmd;C:\Program Files (x86)\NVIDIA Corporation\PhysX\Common;C:\Users\Dell\AppData\Local\Microsoft\WindowsApps;;C:\Program Files\Azure Data Studio\bin;D:\Visual Studio Code\Microsoft VS Code\bin
USERNAME=Dell
OS=Windows_NT
PROCESSOR_IDENTIFIER=Intel64 Family 6 Model 140 Stepping 1, GenuineIntel



---------------  S Y S T E M  ---------------

OS: Windows 10 , 64 bit Build 19041 (10.0.19041.1202)
OS uptime: 0 days 1:00 hours

CPU:total 8 (initial active 8) (4 cores per cpu, 2 threads per core) family 6 model 140 stepping 1 microcode 0x86, cmov, cx8, fxsr, mmx, sse, sse2, sse3, ssse3, sse4.1, sse4.2, popcnt, avx, avx2, aes, clmul, erms, 3dnowpref, lzcnt, ht, tsc, tscinvbit, bmi1, bmi2, adx, evex, sha, fma

Memory: 4k page, system-wide physical 7914M (297M free)
TotalPageFile size 12709M (AvailPageFile size 0M)
current process WorkingSet (physical memory assigned to process): 253M, peak: 271M
current process commit charge ("private bytes"): 309M, peak: 327M

vm_info: OpenJDK 64-Bit Server VM (11.0.10+0-b96-7249189) for windows-amd64 JRE (11.0.10+0-b96-7249189), built on Mar 31 2021 21:44:00 by "builder" with MS VC++ 14.0 (VS2015)

END.
