#
# There is insufficient memory for the Java Runtime Environment to continue.
# Native memory allocation (malloc) failed to allocate 1034576 bytes for Chunk::new
# Possible reasons:
#   The system is out of physical RAM or swap space
#   The process is running with CompressedOops enabled, and the Java Heap may be blocking the growth of the native heap
# Possible solutions:
#   Reduce memory load on the system
#   Increase physical memory or swap space
#   Check if swap backing store is full
#   Decrease Java heap size (-Xmx/-Xms)
#   Decrease number of Java threads
#   Decrease Java thread stack sizes (-Xss)
#   Set larger code cache with -XX:ReservedCodeCacheSize=
#   JVM is running with Unscaled Compressed Oops mode in which the Java heap is
#     placed in the first 4GB address space. The Java Heap base address is the
#     maximum limit for the native heap growth. Please use -XX:HeapBaseMinAddress
#     to set the Java Heap base and to place the Java Heap above 4GB virtual address.
# This output file may be truncated or incomplete.
#
#  Out of Memory Error (./src/hotspot/share/memory/arena.cpp:197), pid=9204, tid=2032
#
# JRE version: OpenJDK Runtime Environment (11.0.10) (build 11.0.10+0-b96-7249189)
# Java VM: OpenJDK 64-Bit Server VM (11.0.10+0-b96-7249189, mixed mode, tiered, compressed oops, g1 gc, windows-amd64)
# No core dump will be written. Minidumps are not enabled by default on client versions of Windows
#

---------------  S U M M A R Y ------------

Command Line: --add-opens=java.base/java.util=ALL-UNNAMED --add-opens=java.base/java.lang=ALL-UNNAMED --add-opens=java.base/java.lang.invoke=ALL-UNNAMED --add-opens=java.base/java.util=ALL-UNNAMED --add-opens=java.prefs/java.util.prefs=ALL-UNNAMED --add-opens=java.prefs/java.util.prefs=ALL-UNNAMED --add-opens=java.base/java.nio.charset=ALL-UNNAMED --add-opens=java.base/java.net=ALL-UNNAMED --add-opens=java.base/java.util.concurrent.atomic=ALL-UNNAMED -Xmx2048m -Dfile.encoding=UTF-8 -Duser.country=US -Duser.language=en -Duser.variant org.gradle.launcher.daemon.bootstrap.GradleDaemon 7.0.2

Host: 11th Gen Intel(R) Core(TM) i5-1135G7 @ 2.40GHz, 8 cores, 7G,  Windows 10 , 64 bit Build 19041 (10.0.19041.1202)
Time: Fri Nov 12 14:15:56 2021 SE Asia Standard Time elapsed time: 12.484882 seconds (0d 0h 0m 12s)

---------------  T H R E A D  ---------------

Current thread (0x0000029caa1af800):  JavaThread "C2 CompilerThread0" daemon [_thread_in_native, id=2032, stack(0x000000c41ff00000,0x000000c420000000)]


Current CompileTask:
C2:  12484 6053       4       java.lang.Class::getMethodsRecursive (99 bytes)

Stack: [0x000000c41ff00000,0x000000c420000000]
Native frames: (J=compiled Java code, j=interpreted, Vv=VM code, C=native code)
V  [jvm.dll+0x5ecfaa]
V  [jvm.dll+0x722bd5]
V  [jvm.dll+0x72412d]
V  [jvm.dll+0x7247e3]
V  [jvm.dll+0x242928]
V  [jvm.dll+0xbc4fc]
V  [jvm.dll+0xbca0c]
V  [jvm.dll+0x352d7d]
V  [jvm.dll+0x19800c]
V  [jvm.dll+0x1fb70e]
V  [jvm.dll+0x1fa7f4]
V  [jvm.dll+0x18354c]
V  [jvm.dll+0x208ee7]
V  [jvm.dll+0x207731]
V  [jvm.dll+0x6eb1cf]
V  [jvm.dll+0x6e3d45]
V  [jvm.dll+0x5ebe96]
C  [ucrtbase.dll+0x21bb2]
C  [KERNEL32.DLL+0x17034]
C  [ntdll.dll+0x52651]


---------------  P R O C E S S  ---------------

Threads class SMR info:
_java_thread_list=0x0000029caddf5dc0, length=50, elements={
0x0000029c8fd29000, 0x0000029caa192000, 0x0000029caa194000, 0x0000029caab12800,
0x0000029caa1ab000, 0x0000029caa1ad000, 0x0000029caa1af800, 0x0000029caa1b3800,
0x0000029caa1bd000, 0x0000029caac72000, 0x0000029cacfa0000, 0x0000029cacfa0800,
0x0000029cacf9e000, 0x0000029cacf9b000, 0x0000029cacf9f000, 0x0000029cacfa1800,
0x0000029cacf9b800, 0x0000029cacf9c800, 0x0000029cacf9d800, 0x0000029cadd3b800,
0x0000029cadd36800, 0x0000029cadd37800, 0x0000029cadd35800, 0x0000029cadd3d000,
0x0000029cadd3e000, 0x0000029cadd39000, 0x0000029cadd3c000, 0x0000029cadd39800,
0x0000029cadd38000, 0x0000029cadd3e800, 0x0000029cadd40800, 0x0000029cadd3a800,
0x0000029cadd42000, 0x0000029cadd41000, 0x0000029cadd43800, 0x0000029cadd44800,
0x0000029cabd8a800, 0x0000029cabd87000, 0x0000029cabd89000, 0x0000029cabd88000,
0x0000029cabd86800, 0x0000029cabd89800, 0x0000029cabd85800, 0x0000029cabd90000,
0x0000029cabd8c000, 0x0000029cabd8d000, 0x0000029cabd8f800, 0x0000029cabd8b800,
0x0000029cabd91000, 0x0000029cabd93800
}

Java Threads: ( => current thread )
  0x0000029c8fd29000 JavaThread "main" [_thread_blocked, id=5456, stack(0x000000c41f300000,0x000000c41f400000)]
  0x0000029caa192000 JavaThread "Reference Handler" daemon [_thread_blocked, id=12204, stack(0x000000c41fa00000,0x000000c41fb00000)]
  0x0000029caa194000 JavaThread "Finalizer" daemon [_thread_blocked, id=14852, stack(0x000000c41fb00000,0x000000c41fc00000)]
  0x0000029caab12800 JavaThread "Signal Dispatcher" daemon [_thread_blocked, id=12796, stack(0x000000c41fc00000,0x000000c41fd00000)]
  0x0000029caa1ab000 JavaThread "Attach Listener" daemon [_thread_blocked, id=9904, stack(0x000000c41fd00000,0x000000c41fe00000)]
  0x0000029caa1ad000 JavaThread "Service Thread" daemon [_thread_blocked, id=13076, stack(0x000000c41fe00000,0x000000c41ff00000)]
=>0x0000029caa1af800 JavaThread "C2 CompilerThread0" daemon [_thread_in_native, id=2032, stack(0x000000c41ff00000,0x000000c420000000)]
  0x0000029caa1b3800 JavaThread "C1 CompilerThread0" daemon [_thread_blocked, id=3296, stack(0x000000c420000000,0x000000c420100000)]
  0x0000029caa1bd000 JavaThread "Sweeper thread" daemon [_thread_blocked, id=14288, stack(0x000000c420100000,0x000000c420200000)]
  0x0000029caac72000 JavaThread "Common-Cleaner" daemon [_thread_blocked, id=13768, stack(0x000000c420200000,0x000000c420300000)]
  0x0000029cacfa0000 JavaThread "Daemon health stats" [_thread_blocked, id=7276, stack(0x000000c420600000,0x000000c420700000)]
  0x0000029cacfa0800 JavaThread "Incoming local TCP Connector on port 50957" [_thread_in_native, id=2024, stack(0x000000c420400000,0x000000c420500000)]
  0x0000029cacf9e000 JavaThread "Daemon periodic checks" [_thread_blocked, id=4720, stack(0x000000c420700000,0x000000c420800000)]
  0x0000029cacf9b000 JavaThread "Daemon" [_thread_blocked, id=14252, stack(0x000000c420800000,0x000000c420900000)]
  0x0000029cacf9f000 JavaThread "Handler for socket connection from /127.0.0.1:50957 to /127.0.0.1:50958" [_thread_in_native, id=4192, stack(0x000000c420900000,0x000000c420a00000)]
  0x0000029cacfa1800 JavaThread "Cancel handler" [_thread_blocked, id=8000, stack(0x000000c420a00000,0x000000c420b00000)]
  0x0000029cacf9b800 JavaThread "Daemon worker" [_thread_in_Java, id=3740, stack(0x000000c420b00000,0x000000c420c00000)]
  0x0000029cacf9c800 JavaThread "Asynchronous log dispatcher for DefaultDaemonConnection: socket connection from /127.0.0.1:50957 to /127.0.0.1:50958" [_thread_blocked, id=11244, stack(0x000000c420c00000,0x000000c420d00000)]
  0x0000029cacf9d800 JavaThread "Stdin handler" [_thread_blocked, id=12992, stack(0x000000c420d00000,0x000000c420e00000)]
  0x0000029cadd3b800 JavaThread "Daemon client event forwarder" [_thread_blocked, id=3064, stack(0x000000c420e00000,0x000000c420f00000)]
  0x0000029cadd36800 JavaThread "Cache worker for file hash cache (C:\Users\Dell\.gradle\caches\7.0.2\fileHashes)" [_thread_blocked, id=2832, stack(0x000000c421500000,0x000000c421600000)]
  0x0000029cadd37800 JavaThread "File lock request listener" [_thread_in_native, id=1284, stack(0x000000c421600000,0x000000c421700000)]
  0x0000029cadd35800 JavaThread "Cache worker for journal cache (C:\Users\Dell\.gradle\caches\journal-1)" [_thread_blocked, id=8408, stack(0x000000c421800000,0x000000c421900000)]
  0x0000029cadd3d000 JavaThread "Cache worker for file hash cache (D:\ThucHanhDiDong\Bai_Tap_Tuan_7\NguyenThanhNhan\.gradle\7.0.2\fileHashes)" [_thread_blocked, id=5344, stack(0x000000c421900000,0x000000c421a00000)]
  0x0000029cadd3e000 JavaThread "File watcher server" daemon [_thread_in_native, id=9728, stack(0x000000c421a00000,0x000000c421b00000)]
  0x0000029cadd39000 JavaThread "File watcher consumer" daemon [_thread_blocked, id=11440, stack(0x000000c421b00000,0x000000c421c00000)]
  0x0000029cadd3c000 JavaThread "Cache worker for checksums cache (D:\ThucHanhDiDong\Bai_Tap_Tuan_7\NguyenThanhNhan\.gradle\checksums)" [_thread_blocked, id=11256, stack(0x000000c421c00000,0x000000c421d00000)]
  0x0000029cadd39800 JavaThread "Cache worker for cache directory md-supplier (C:\Users\Dell\.gradle\caches\7.0.2\md-supplier)" [_thread_blocked, id=9484, stack(0x000000c421d00000,0x000000c421e00000)]
  0x0000029cadd38000 JavaThread "Cache worker for cache directory md-rule (C:\Users\Dell\.gradle\caches\7.0.2\md-rule)" [_thread_blocked, id=3928, stack(0x000000c421e00000,0x000000c421f00000)]
  0x0000029cadd3e800 JavaThread "Cache worker for execution history cache (C:\Users\Dell\.gradle\caches\7.0.2\executionHistory)" [_thread_blocked, id=924, stack(0x000000c421f00000,0x000000c422000000)]
  0x0000029cadd40800 JavaThread "jar transforms" [_thread_blocked, id=14132, stack(0x000000c422000000,0x000000c422100000)]
  0x0000029cadd3a800 JavaThread "jar transforms Thread 2" [_thread_blocked, id=10192, stack(0x000000c422100000,0x000000c422200000)]
  0x0000029cadd42000 JavaThread "Cache worker for file content cache (C:\Users\Dell\.gradle\caches\7.0.2\fileContent)" [_thread_blocked, id=15016, stack(0x000000c422200000,0x000000c422300000)]
  0x0000029cadd41000 JavaThread "Cache worker for dependencies-accessors (D:\ThucHanhDiDong\Bai_Tap_Tuan_7\NguyenThanhNhan\.gradle\7.0.2\dependencies-accessors)" [_thread_blocked, id=14572, stack(0x000000c422300000,0x000000c422400000)]
  0x0000029cadd43800 JavaThread "jar transforms Thread 3" [_thread_blocked, id=14444, stack(0x000000c422400000,0x000000c422500000)]
  0x0000029cadd44800 JavaThread "Cache worker for Build Output Cleanup Cache (D:\ThucHanhDiDong\Bai_Tap_Tuan_7\NguyenThanhNhan\.gradle\buildOutputCleanup)" [_thread_blocked, id=14528, stack(0x000000c422500000,0x000000c422600000)]
  0x0000029cabd8a800 JavaThread "Build operations" [_thread_blocked, id=6768, stack(0x000000c422600000,0x000000c422700000)]
  0x0000029cabd87000 JavaThread "Build operations Thread 2" [_thread_blocked, id=3576, stack(0x000000c422700000,0x000000c422800000)]
  0x0000029cabd89000 JavaThread "Build operations Thread 3" [_thread_blocked, id=4744, stack(0x000000c422800000,0x000000c422900000)]
  0x0000029cabd88000 JavaThread "Build operations Thread 4" [_thread_blocked, id=8416, stack(0x000000c422900000,0x000000c422a00000)]
  0x0000029cabd86800 JavaThread "Build operations Thread 5" [_thread_blocked, id=476, stack(0x000000c422a00000,0x000000c422b00000)]
  0x0000029cabd89800 JavaThread "Build operations Thread 6" [_thread_blocked, id=9516, stack(0x000000c422b00000,0x000000c422c00000)]
  0x0000029cabd85800 JavaThread "Build operations Thread 7" [_thread_blocked, id=2284, stack(0x000000c422c00000,0x000000c422d00000)]
  0x0000029cabd90000 JavaThread "Build operations Thread 8" [_thread_blocked, id=14616, stack(0x000000c422d00000,0x000000c422e00000)]
  0x0000029cabd8c000 JavaThread "jar transforms Thread 4" [_thread_blocked, id=6508, stack(0x000000c422e00000,0x000000c422f00000)]
  0x0000029cabd8d000 JavaThread "jar transforms Thread 5" [_thread_blocked, id=11728, stack(0x000000c422f00000,0x000000c423000000)]
  0x0000029cabd8f800 JavaThread "jar transforms Thread 6" [_thread_blocked, id=9368, stack(0x000000c423000000,0x000000c423100000)]
  0x0000029cabd8b800 JavaThread "jar transforms Thread 7" [_thread_blocked, id=3952, stack(0x000000c423100000,0x000000c423200000)]
  0x0000029cabd91000 JavaThread "jar transforms Thread 8" [_thread_blocked, id=9192, stack(0x000000c423200000,0x000000c423300000)]
  0x0000029cabd93800 JavaThread "Memory manager" [_thread_blocked, id=12536, stack(0x000000c423300000,0x000000c423400000)]

Other Threads:
  0x0000029caa18d800 VMThread "VM Thread" [stack: 0x000000c41f900000,0x000000c41fa00000] [id=7964]
  0x0000029caac87800 WatcherThread [stack: 0x000000c420300000,0x000000c420400000] [id=552]
  0x0000029c8fd42800 GCTaskThread "GC Thread#0" [stack: 0x000000c41f400000,0x000000c41f500000] [id=7332]
  0x0000029cab723000 GCTaskThread "GC Thread#1" [stack: 0x000000c420500000,0x000000c420600000] [id=5828]
  0x0000029cacfe5000 GCTaskThread "GC Thread#2" [stack: 0x000000c420f00000,0x000000c421000000] [id=10664]
  0x0000029cac07f800 GCTaskThread "GC Thread#3" [stack: 0x000000c421000000,0x000000c421100000] [id=12820]
  0x0000029cac080000 GCTaskThread "GC Thread#4" [stack: 0x000000c421100000,0x000000c421200000] [id=11188]
  0x0000029cacb81800 GCTaskThread "GC Thread#5" [stack: 0x000000c421200000,0x000000c421300000] [id=3416]
  0x0000029cacb82000 GCTaskThread "GC Thread#6" [stack: 0x000000c421300000,0x000000c421400000] [id=13924]
  0x0000029cac035800 GCTaskThread "GC Thread#7" [stack: 0x000000c421400000,0x000000c421500000] [id=936]
  0x0000029c8fd78800 ConcurrentGCThread "G1 Main Marker" [stack: 0x000000c41f500000,0x000000c41f600000] [id=7984]
  0x0000029c8fd7a000 ConcurrentGCThread "G1 Conc#0" [stack: 0x000000c41f600000,0x000000c41f700000] [id=3184]
  0x0000029cad7ad800 ConcurrentGCThread "G1 Conc#1" [stack: 0x000000c421700000,0x000000c421800000] [id=14096]
  0x0000029ca9fe0800 ConcurrentGCThread "G1 Refine#0" [stack: 0x000000c41f700000,0x000000c41f800000] [id=10160]
  0x0000029ca9fe1800 ConcurrentGCThread "G1 Young RemSet Sampling" [stack: 0x000000c41f800000,0x000000c41f900000] [id=12868]

Threads with active compile tasks:
C2 CompilerThread0  12502 6053       4       java.lang.Class::getMethodsRecursive (99 bytes)
C1 CompilerThread0  12502 6191       2       org.gradle.internal.operations.BuildOperationDescriptor$Builder::build (54 bytes)

VM state:not at safepoint (normal execution)

VM Mutex/Monitor currently owned by a thread: None

Heap address: 0x0000000080000000, size: 2048 MB, Compressed Oops mode: 32-bit
Narrow klass base: 0x0000000000000000, Narrow klass shift: 3
Compressed class space size: 1073741824 Address: 0x0000000100000000

Heap:
 garbage-first heap   total 152576K, used 76621K [0x0000000080000000, 0x0000000100000000)
  region size 1024K, 36 young (36864K), 8 survivors (8192K)
 Metaspace       used 64862K, capacity 66436K, committed 66688K, reserved 1107968K
  class space    used 8285K, capacity 8857K, committed 8908K, reserved 1048576K
Heap Regions: E=young(eden), S=young(survivor), O=old, HS=humongous(starts), HC=humongous(continues), CS=collection set, F=free, A=archive, TAMS=top-at-mark-start (previous, next)
|   0|0x0000000080000000, 0x0000000080100000, 0x0000000080100000|100%| O|  |TAMS 0x0000000080100000, 0x0000000080000000| Untracked 
|   1|0x0000000080100000, 0x0000000080200000, 0x0000000080200000|100%| O|  |TAMS 0x0000000080200000, 0x0000000080100000| Untracked 
|   2|0x0000000080200000, 0x0000000080300000, 0x0000000080300000|100%| O|  |TAMS 0x0000000080300000, 0x0000000080200000| Untracked 
|   3|0x0000000080300000, 0x0000000080400000, 0x0000000080400000|100%|HS|  |TAMS 0x0000000080400000, 0x0000000080300000| Complete 
|   4|0x0000000080400000, 0x0000000080500000, 0x0000000080500000|100%|HC|  |TAMS 0x0000000080500000, 0x0000000080400000| Complete 
|   5|0x0000000080500000, 0x0000000080600000, 0x0000000080600000|100%|HC|  |TAMS 0x0000000080600000, 0x0000000080500000| Complete 
|   6|0x0000000080600000, 0x0000000080700000, 0x0000000080700000|100%| O|  |TAMS 0x0000000080700000, 0x0000000080600000| Untracked 
|   7|0x0000000080700000, 0x0000000080800000, 0x0000000080800000|100%| O|  |TAMS 0x0000000080800000, 0x0000000080700000| Untracked 
|   8|0x0000000080800000, 0x0000000080900000, 0x0000000080900000|100%| O|  |TAMS 0x0000000080900000, 0x0000000080800000| Untracked 
|   9|0x0000000080900000, 0x0000000080a00000, 0x0000000080a00000|100%| O|  |TAMS 0x0000000080a00000, 0x0000000080900000| Untracked 
|  10|0x0000000080a00000, 0x0000000080b00000, 0x0000000080b00000|100%| O|  |TAMS 0x0000000080b00000, 0x0000000080a00000| Untracked 
|  11|0x0000000080b00000, 0x0000000080c00000, 0x0000000080c00000|100%| O|  |TAMS 0x0000000080c00000, 0x0000000080b00000| Untracked 
|  12|0x0000000080c00000, 0x0000000080d00000, 0x0000000080d00000|100%| O|  |TAMS 0x0000000080d00000, 0x0000000080c00000| Untracked 
|  13|0x0000000080d00000, 0x0000000080e00000, 0x0000000080e00000|100%| O|  |TAMS 0x0000000080e00000, 0x0000000080d00000| Untracked 
|  14|0x0000000080e00000, 0x0000000080f00000, 0x0000000080f00000|100%| O|  |TAMS 0x0000000080f00000, 0x0000000080e00000| Untracked 
|  15|0x0000000080f00000, 0x0000000081000000, 0x0000000081000000|100%| O|  |TAMS 0x0000000081000000, 0x0000000080f00000| Untracked 
|  16|0x0000000081000000, 0x0000000081100000, 0x0000000081100000|100%|HS|  |TAMS 0x0000000081100000, 0x0000000081000000| Complete 
|  17|0x0000000081100000, 0x0000000081200000, 0x0000000081200000|100%| O|  |TAMS 0x0000000081200000, 0x0000000081100000| Untracked 
|  18|0x0000000081200000, 0x0000000081300000, 0x0000000081300000|100%| O|  |TAMS 0x0000000081300000, 0x0000000081200000| Untracked 
|  19|0x0000000081300000, 0x0000000081400000, 0x0000000081400000|100%| O|  |TAMS 0x0000000081400000, 0x0000000081300000| Untracked 
|  20|0x0000000081400000, 0x0000000081500000, 0x0000000081500000|100%| O|  |TAMS 0x0000000081500000, 0x0000000081400000| Untracked 
|  21|0x0000000081500000, 0x0000000081600000, 0x0000000081600000|100%| O|  |TAMS 0x0000000081600000, 0x0000000081500000| Untracked 
|  22|0x0000000081600000, 0x0000000081700000, 0x0000000081700000|100%| O|  |TAMS 0x0000000081700000, 0x0000000081600000| Untracked 
|  23|0x0000000081700000, 0x0000000081800000, 0x0000000081800000|100%|HS|  |TAMS 0x0000000081800000, 0x0000000081700000| Complete 
|  24|0x0000000081800000, 0x0000000081900000, 0x0000000081900000|100%|HS|  |TAMS 0x0000000081900000, 0x0000000081800000| Complete 
|  25|0x0000000081900000, 0x0000000081a00000, 0x0000000081a00000|100%|HC|  |TAMS 0x0000000081a00000, 0x0000000081900000| Complete 
|  26|0x0000000081a00000, 0x0000000081b00000, 0x0000000081b00000|100%| O|  |TAMS 0x0000000081b00000, 0x0000000081a00000| Untracked 
|  27|0x0000000081b00000, 0x0000000081c00000, 0x0000000081c00000|100%| O|  |TAMS 0x0000000081c00000, 0x0000000081b00000| Untracked 
|  28|0x0000000081c00000, 0x0000000081d00000, 0x0000000081d00000|100%| O|  |TAMS 0x0000000081d00000, 0x0000000081c00000| Untracked 
|  29|0x0000000081d00000, 0x0000000081e00000, 0x0000000081e00000|100%| O|  |TAMS 0x0000000081e00000, 0x0000000081d00000| Untracked 
|  30|0x0000000081e00000, 0x0000000081f00000, 0x0000000081f00000|100%| O|  |TAMS 0x0000000081f00000, 0x0000000081e00000| Untracked 
|  31|0x0000000081f00000, 0x0000000082000000, 0x0000000082000000|100%| O|  |TAMS 0x0000000082000000, 0x0000000081f00000| Untracked 
|  32|0x0000000082000000, 0x0000000082100000, 0x0000000082100000|100%| O|  |TAMS 0x0000000082100000, 0x0000000082000000| Untracked 
|  33|0x0000000082100000, 0x0000000082200000, 0x0000000082200000|100%| O|  |TAMS 0x0000000082200000, 0x0000000082100000| Untracked 
|  34|0x0000000082200000, 0x0000000082300000, 0x0000000082300000|100%| O|  |TAMS 0x0000000082300000, 0x0000000082200000| Untracked 
|  35|0x0000000082300000, 0x0000000082400000, 0x0000000082400000|100%| O|  |TAMS 0x0000000082400000, 0x0000000082300000| Untracked 
|  36|0x0000000082400000, 0x0000000082500000, 0x0000000082500000|100%| O|  |TAMS 0x0000000082500000, 0x0000000082400000| Untracked 
|  37|0x0000000082500000, 0x0000000082600000, 0x0000000082600000|100%| O|  |TAMS 0x0000000082600000, 0x0000000082500000| Untracked 
|  38|0x0000000082600000, 0x0000000082700000, 0x0000000082700000|100%| O|  |TAMS 0x0000000082700000, 0x0000000082600000| Untracked 
|  39|0x0000000082700000, 0x0000000082800000, 0x0000000082800000|100%| O|  |TAMS 0x0000000082800000, 0x0000000082700000| Untracked 
|  40|0x0000000082800000, 0x00000000828be000, 0x0000000082900000| 74%| O|  |TAMS 0x00000000828be000, 0x0000000082800000| Untracked 
|  41|0x0000000082900000, 0x0000000082900000, 0x0000000082a00000|  0%| F|  |TAMS 0x0000000082900000, 0x0000000082900000| Untracked 
|  42|0x0000000082a00000, 0x0000000082a00000, 0x0000000082b00000|  0%| F|  |TAMS 0x0000000082a00000, 0x0000000082a00000| Untracked 
|  43|0x0000000082b00000, 0x0000000082b00000, 0x0000000082c00000|  0%| F|  |TAMS 0x0000000082b00000, 0x0000000082b00000| Untracked 
|  44|0x0000000082c00000, 0x0000000082c00000, 0x0000000082d00000|  0%| F|  |TAMS 0x0000000082c00000, 0x0000000082c00000| Untracked 
|  45|0x0000000082d00000, 0x0000000082d00000, 0x0000000082e00000|  0%| F|  |TAMS 0x0000000082d00000, 0x0000000082d00000| Untracked 
|  46|0x0000000082e00000, 0x0000000082e00000, 0x0000000082f00000|  0%| F|  |TAMS 0x0000000082e00000, 0x0000000082e00000| Untracked 
|  47|0x0000000082f00000, 0x0000000082f00000, 0x0000000083000000|  0%| F|  |TAMS 0x0000000082f00000, 0x0000000082f00000| Untracked 
|  48|0x0000000083000000, 0x0000000083000000, 0x0000000083100000|  0%| F|  |TAMS 0x0000000083000000, 0x0000000083000000| Untracked 
|  49|0x0000000083100000, 0x0000000083100000, 0x0000000083200000|  0%| F|  |TAMS 0x0000000083100000, 0x0000000083100000| Untracked 
|  50|0x0000000083200000, 0x0000000083200000, 0x0000000083300000|  0%| F|  |TAMS 0x0000000083200000, 0x0000000083200000| Untracked 
|  51|0x0000000083300000, 0x0000000083300000, 0x0000000083400000|  0%| F|  |TAMS 0x0000000083300000, 0x0000000083300000| Untracked 
|  52|0x0000000083400000, 0x0000000083400000, 0x0000000083500000|  0%| F|  |TAMS 0x0000000083400000, 0x0000000083400000| Untracked 
|  53|0x0000000083500000, 0x0000000083500000, 0x0000000083600000|  0%| F|  |TAMS 0x0000000083500000, 0x0000000083500000| Untracked 
|  54|0x0000000083600000, 0x0000000083600000, 0x0000000083700000|  0%| F|  |TAMS 0x0000000083600000, 0x0000000083600000| Untracked 
|  55|0x0000000083700000, 0x0000000083700000, 0x0000000083800000|  0%| F|  |TAMS 0x0000000083700000, 0x0000000083700000| Untracked 
|  56|0x0000000083800000, 0x0000000083800000, 0x0000000083900000|  0%| F|  |TAMS 0x0000000083800000, 0x0000000083800000| Untracked 
|  57|0x0000000083900000, 0x0000000083900000, 0x0000000083a00000|  0%| F|  |TAMS 0x0000000083900000, 0x0000000083900000| Untracked 
|  58|0x0000000083a00000, 0x0000000083a00000, 0x0000000083b00000|  0%| F|  |TAMS 0x0000000083a00000, 0x0000000083a00000| Untracked 
|  59|0x0000000083b00000, 0x0000000083b00000, 0x0000000083c00000|  0%| F|  |TAMS 0x0000000083b00000, 0x0000000083b00000| Untracked 
|  60|0x0000000083c00000, 0x0000000083c00000, 0x0000000083d00000|  0%| F|  |TAMS 0x0000000083c00000, 0x0000000083c00000| Untracked 
|  61|0x0000000083d00000, 0x0000000083d00000, 0x0000000083e00000|  0%| F|  |TAMS 0x0000000083d00000, 0x0000000083d00000| Untracked 
|  62|0x0000000083e00000, 0x0000000083e00000, 0x0000000083f00000|  0%| F|  |TAMS 0x0000000083e00000, 0x0000000083e00000| Untracked 
|  63|0x0000000083f00000, 0x0000000083f00000, 0x0000000084000000|  0%| F|  |TAMS 0x0000000083f00000, 0x0000000083f00000| Untracked 
|  64|0x0000000084000000, 0x0000000084000000, 0x0000000084100000|  0%| F|  |TAMS 0x0000000084000000, 0x0000000084000000| Untracked 
|  65|0x0000000084100000, 0x0000000084100000, 0x0000000084200000|  0%| F|  |TAMS 0x0000000084100000, 0x0000000084100000| Untracked 
|  66|0x0000000084200000, 0x0000000084200000, 0x0000000084300000|  0%| F|  |TAMS 0x0000000084200000, 0x0000000084200000| Untracked 
|  67|0x0000000084300000, 0x0000000084300000, 0x0000000084400000|  0%| F|  |TAMS 0x0000000084300000, 0x0000000084300000| Untracked 
|  68|0x0000000084400000, 0x0000000084400000, 0x0000000084500000|  0%| F|  |TAMS 0x0000000084400000, 0x0000000084400000| Untracked 
|  69|0x0000000084500000, 0x0000000084500000, 0x0000000084600000|  0%| F|  |TAMS 0x0000000084500000, 0x0000000084500000| Untracked 
|  70|0x0000000084600000, 0x0000000084600000, 0x0000000084700000|  0%| F|  |TAMS 0x0000000084600000, 0x0000000084600000| Untracked 
|  71|0x0000000084700000, 0x0000000084700000, 0x0000000084800000|  0%| F|  |TAMS 0x0000000084700000, 0x0000000084700000| Untracked 
|  72|0x0000000084800000, 0x0000000084800000, 0x0000000084900000|  0%| F|  |TAMS 0x0000000084800000, 0x0000000084800000| Untracked 
|  73|0x0000000084900000, 0x0000000084900000, 0x0000000084a00000|  0%| F|  |TAMS 0x0000000084900000, 0x0000000084900000| Untracked 
|  74|0x0000000084a00000, 0x0000000084a00000, 0x0000000084b00000|  0%| F|  |TAMS 0x0000000084a00000, 0x0000000084a00000| Untracked 
|  75|0x0000000084b00000, 0x0000000084b00000, 0x0000000084c00000|  0%| F|  |TAMS 0x0000000084b00000, 0x0000000084b00000| Untracked 
|  76|0x0000000084c00000, 0x0000000084c00000, 0x0000000084d00000|  0%| F|  |TAMS 0x0000000084c00000, 0x0000000084c00000| Untracked 
|  77|0x0000000084d00000, 0x0000000084d00000, 0x0000000084e00000|  0%| F|  |TAMS 0x0000000084d00000, 0x0000000084d00000| Untracked 
|  78|0x0000000084e00000, 0x0000000084e00000, 0x0000000084f00000|  0%| F|  |TAMS 0x0000000084e00000, 0x0000000084e00000| Untracked 
|  79|0x0000000084f00000, 0x0000000084f00000, 0x0000000085000000|  0%| F|  |TAMS 0x0000000084f00000, 0x0000000084f00000| Untracked 
|  80|0x0000000085000000, 0x0000000085015438, 0x0000000085100000|  8%| S|CS|TAMS 0x0000000085000000, 0x0000000085000000| Complete 
|  81|0x0000000085100000, 0x0000000085200000, 0x0000000085200000|100%| S|CS|TAMS 0x0000000085100000, 0x0000000085100000| Complete 
|  82|0x0000000085200000, 0x0000000085300000, 0x0000000085300000|100%| S|CS|TAMS 0x0000000085200000, 0x0000000085200000| Complete 
|  83|0x0000000085300000, 0x0000000085400000, 0x0000000085400000|100%| S|CS|TAMS 0x0000000085300000, 0x0000000085300000| Complete 
|  84|0x0000000085400000, 0x0000000085500000, 0x0000000085500000|100%| S|CS|TAMS 0x0000000085400000, 0x0000000085400000| Complete 
|  85|0x0000000085500000, 0x0000000085600000, 0x0000000085600000|100%| S|CS|TAMS 0x0000000085500000, 0x0000000085500000| Complete 
|  86|0x0000000085600000, 0x0000000085700000, 0x0000000085700000|100%| S|CS|TAMS 0x0000000085600000, 0x0000000085600000| Complete 
|  87|0x0000000085700000, 0x0000000085800000, 0x0000000085800000|100%| S|CS|TAMS 0x0000000085700000, 0x0000000085700000| Complete 
|  88|0x0000000085800000, 0x0000000085800000, 0x0000000085900000|  0%| F|  |TAMS 0x0000000085800000, 0x0000000085800000| Untracked 
|  89|0x0000000085900000, 0x0000000085900000, 0x0000000085a00000|  0%| F|  |TAMS 0x0000000085900000, 0x0000000085900000| Untracked 
|  90|0x0000000085a00000, 0x0000000085a00000, 0x0000000085b00000|  0%| F|  |TAMS 0x0000000085a00000, 0x0000000085a00000| Untracked 
|  91|0x0000000085b00000, 0x0000000085b00000, 0x0000000085c00000|  0%| F|  |TAMS 0x0000000085b00000, 0x0000000085b00000| Untracked 
|  92|0x0000000085c00000, 0x0000000085c00000, 0x0000000085d00000|  0%| F|  |TAMS 0x0000000085c00000, 0x0000000085c00000| Untracked 
|  93|0x0000000085d00000, 0x0000000085d00000, 0x0000000085e00000|  0%| F|  |TAMS 0x0000000085d00000, 0x0000000085d00000| Untracked 
|  94|0x0000000085e00000, 0x0000000085e00000, 0x0000000085f00000|  0%| F|  |TAMS 0x0000000085e00000, 0x0000000085e00000| Untracked 
|  95|0x0000000085f00000, 0x0000000085f00000, 0x0000000086000000|  0%| F|  |TAMS 0x0000000085f00000, 0x0000000085f00000| Untracked 
|  96|0x0000000086000000, 0x0000000086000000, 0x0000000086100000|  0%| F|  |TAMS 0x0000000086000000, 0x0000000086000000| Untracked 
|  97|0x0000000086100000, 0x0000000086100000, 0x0000000086200000|  0%| F|  |TAMS 0x0000000086100000, 0x0000000086100000| Untracked 
|  98|0x0000000086200000, 0x0000000086200000, 0x0000000086300000|  0%| F|  |TAMS 0x0000000086200000, 0x0000000086200000| Untracked 
|  99|0x0000000086300000, 0x0000000086300000, 0x0000000086400000|  0%| F|  |TAMS 0x0000000086300000, 0x0000000086300000| Untracked 
| 100|0x0000000086400000, 0x0000000086400000, 0x0000000086500000|  0%| F|  |TAMS 0x0000000086400000, 0x0000000086400000| Untracked 
| 101|0x0000000086500000, 0x0000000086500000, 0x0000000086600000|  0%| F|  |TAMS 0x0000000086500000, 0x0000000086500000| Untracked 
| 102|0x0000000086600000, 0x0000000086600000, 0x0000000086700000|  0%| F|  |TAMS 0x0000000086600000, 0x0000000086600000| Untracked 
| 103|0x0000000086700000, 0x0000000086700000, 0x0000000086800000|  0%| F|  |TAMS 0x0000000086700000, 0x0000000086700000| Untracked 
| 104|0x0000000086800000, 0x0000000086800000, 0x0000000086900000|  0%| F|  |TAMS 0x0000000086800000, 0x0000000086800000| Untracked 
| 105|0x0000000086900000, 0x0000000086900000, 0x0000000086a00000|  0%| F|  |TAMS 0x0000000086900000, 0x0000000086900000| Untracked 
| 106|0x0000000086a00000, 0x0000000086a00000, 0x0000000086b00000|  0%| F|  |TAMS 0x0000000086a00000, 0x0000000086a00000| Untracked 
| 107|0x0000000086b00000, 0x0000000086b00000, 0x0000000086c00000|  0%| F|  |TAMS 0x0000000086b00000, 0x0000000086b00000| Untracked 
| 108|0x0000000086c00000, 0x0000000086c00000, 0x0000000086d00000|  0%| F|  |TAMS 0x0000000086c00000, 0x0000000086c00000| Untracked 
| 109|0x0000000086d00000, 0x0000000086d00000, 0x0000000086e00000|  0%| F|  |TAMS 0x0000000086d00000, 0x0000000086d00000| Untracked 
| 110|0x0000000086e00000, 0x0000000086e00000, 0x0000000086f00000|  0%| F|  |TAMS 0x0000000086e00000, 0x0000000086e00000| Untracked 
| 111|0x0000000086f00000, 0x0000000086f00000, 0x0000000087000000|  0%| F|  |TAMS 0x0000000086f00000, 0x0000000086f00000| Untracked 
| 112|0x0000000087000000, 0x0000000087000000, 0x0000000087100000|  0%| F|  |TAMS 0x0000000087000000, 0x0000000087000000| Untracked 
| 113|0x0000000087100000, 0x0000000087100000, 0x0000000087200000|  0%| F|  |TAMS 0x0000000087100000, 0x0000000087100000| Untracked 
| 114|0x0000000087200000, 0x0000000087200000, 0x0000000087300000|  0%| F|  |TAMS 0x0000000087200000, 0x0000000087200000| Untracked 
| 115|0x0000000087300000, 0x0000000087300000, 0x0000000087400000|  0%| F|  |TAMS 0x0000000087300000, 0x0000000087300000| Untracked 
| 116|0x0000000087400000, 0x0000000087400000, 0x0000000087500000|  0%| F|  |TAMS 0x0000000087400000, 0x0000000087400000| Untracked 
| 117|0x0000000087500000, 0x0000000087500000, 0x0000000087600000|  0%| F|  |TAMS 0x0000000087500000, 0x0000000087500000| Untracked 
| 118|0x0000000087600000, 0x0000000087600000, 0x0000000087700000|  0%| F|  |TAMS 0x0000000087600000, 0x0000000087600000| Untracked 
| 119|0x0000000087700000, 0x0000000087700000, 0x0000000087800000|  0%| F|  |TAMS 0x0000000087700000, 0x0000000087700000| Untracked 
| 120|0x0000000087800000, 0x0000000087800000, 0x0000000087900000|  0%| F|  |TAMS 0x0000000087800000, 0x0000000087800000| Untracked 
| 121|0x0000000087900000, 0x0000000087a00000, 0x0000000087a00000|100%| E|  |TAMS 0x0000000087900000, 0x0000000087900000| Complete 
| 122|0x0000000087a00000, 0x0000000087b00000, 0x0000000087b00000|100%| E|CS|TAMS 0x0000000087a00000, 0x0000000087a00000| Complete 
| 123|0x0000000087b00000, 0x0000000087c00000, 0x0000000087c00000|100%| E|CS|TAMS 0x0000000087b00000, 0x0000000087b00000| Complete 
| 124|0x0000000087c00000, 0x0000000087d00000, 0x0000000087d00000|100%| E|CS|TAMS 0x0000000087c00000, 0x0000000087c00000| Complete 
| 125|0x0000000087d00000, 0x0000000087e00000, 0x0000000087e00000|100%| E|CS|TAMS 0x0000000087d00000, 0x0000000087d00000| Complete 
| 126|0x0000000087e00000, 0x0000000087f00000, 0x0000000087f00000|100%| E|CS|TAMS 0x0000000087e00000, 0x0000000087e00000| Complete 
| 127|0x0000000087f00000, 0x0000000088000000, 0x0000000088000000|100%| E|CS|TAMS 0x0000000087f00000, 0x0000000087f00000| Complete 
| 128|0x0000000088000000, 0x0000000088100000, 0x0000000088100000|100%| E|CS|TAMS 0x0000000088000000, 0x0000000088000000| Complete 
| 129|0x0000000088100000, 0x0000000088200000, 0x0000000088200000|100%| E|CS|TAMS 0x0000000088100000, 0x0000000088100000| Complete 
| 130|0x0000000088200000, 0x0000000088300000, 0x0000000088300000|100%| E|CS|TAMS 0x0000000088200000, 0x0000000088200000| Complete 
| 131|0x0000000088300000, 0x0000000088400000, 0x0000000088400000|100%| E|CS|TAMS 0x0000000088300000, 0x0000000088300000| Complete 
| 132|0x0000000088400000, 0x0000000088500000, 0x0000000088500000|100%| E|CS|TAMS 0x0000000088400000, 0x0000000088400000| Complete 
| 133|0x0000000088500000, 0x0000000088600000, 0x0000000088600000|100%| E|CS|TAMS 0x0000000088500000, 0x0000000088500000| Complete 
| 134|0x0000000088600000, 0x0000000088700000, 0x0000000088700000|100%| E|CS|TAMS 0x0000000088600000, 0x0000000088600000| Complete 
| 135|0x0000000088700000, 0x0000000088800000, 0x0000000088800000|100%| E|CS|TAMS 0x0000000088700000, 0x0000000088700000| Complete 
| 136|0x0000000088800000, 0x0000000088900000, 0x0000000088900000|100%| E|CS|TAMS 0x0000000088800000, 0x0000000088800000| Complete 
| 137|0x0000000088900000, 0x0000000088a00000, 0x0000000088a00000|100%| E|CS|TAMS 0x0000000088900000, 0x0000000088900000| Complete 
| 138|0x0000000088a00000, 0x0000000088b00000, 0x0000000088b00000|100%| E|CS|TAMS 0x0000000088a00000, 0x0000000088a00000| Complete 
| 139|0x0000000088b00000, 0x0000000088c00000, 0x0000000088c00000|100%| E|CS|TAMS 0x0000000088b00000, 0x0000000088b00000| Complete 
| 140|0x0000000088c00000, 0x0000000088d00000, 0x0000000088d00000|100%| E|CS|TAMS 0x0000000088c00000, 0x0000000088c00000| Complete 
| 141|0x0000000088d00000, 0x0000000088e00000, 0x0000000088e00000|100%| E|CS|TAMS 0x0000000088d00000, 0x0000000088d00000| Complete 
| 142|0x0000000088e00000, 0x0000000088f00000, 0x0000000088f00000|100%| E|CS|TAMS 0x0000000088e00000, 0x0000000088e00000| Complete 
| 143|0x0000000088f00000, 0x0000000089000000, 0x0000000089000000|100%| E|CS|TAMS 0x0000000088f00000, 0x0000000088f00000| Complete 
| 144|0x0000000089000000, 0x0000000089100000, 0x0000000089100000|100%| E|CS|TAMS 0x0000000089000000, 0x0000000089000000| Complete 
| 145|0x0000000089100000, 0x0000000089200000, 0x0000000089200000|100%| E|CS|TAMS 0x0000000089100000, 0x0000000089100000| Complete 
| 146|0x0000000089200000, 0x0000000089300000, 0x0000000089300000|100%| E|CS|TAMS 0x0000000089200000, 0x0000000089200000| Complete 
| 147|0x0000000089300000, 0x0000000089400000, 0x0000000089400000|100%| E|CS|TAMS 0x0000000089300000, 0x0000000089300000| Complete 
| 148|0x0000000089400000, 0x0000000089500000, 0x0000000089500000|100%| E|CS|TAMS 0x0000000089400000, 0x0000000089400000| Complete 

Card table byte_map: [0x0000029ca2f50000,0x0000029ca3350000] _byte_map_base: 0x0000029ca2b50000

Marking Bits (Prev, Next): (CMBitMap*) 0x0000029c8fd6ed28, (CMBitMap*) 0x0000029c8fd6ed60
 Prev Bits: [0x0000029ca3750000, 0x0000029ca5750000)
 Next Bits: [0x0000029ca5750000, 0x0000029ca7750000)

Polling page: 0x0000029c8dc10000

Metaspace:

Usage:
  Non-class:     56.29 MB capacity,    55.28 MB ( 98%) used,   876.95 KB (  2%) free+waste,   161.00 KB ( <1%) overhead. 
      Class:      8.65 MB capacity,     8.10 MB ( 94%) used,   490.95 KB (  6%) free+waste,    75.25 KB ( <1%) overhead. 
       Both:     64.94 MB capacity,    63.38 MB ( 98%) used,     1.34 MB (  2%) free+waste,   236.25 KB ( <1%) overhead. 

Virtual space:
  Non-class space:       58.00 MB reserved,      56.43 MB ( 97%) committed 
      Class space:        1.00 GB reserved,       8.70 MB ( <1%) committed 
             Both:        1.06 GB reserved,      65.13 MB (  6%) committed 

Chunk freelists:
   Non-Class:  72.00 KB
       Class:  39.00 KB
        Both:  111.00 KB

MaxMetaspaceSize: 17179869184.00 GB
CompressedClassSpaceSize: 1.00 GB

CodeHeap 'non-profiled nmethods': size=120000Kb used=2909Kb max_used=2909Kb free=117090Kb
 bounds [0x0000029c9b2f0000, 0x0000029c9b5d0000, 0x0000029ca2820000]
CodeHeap 'profiled nmethods': size=120000Kb used=12890Kb max_used=12890Kb free=107109Kb
 bounds [0x0000029c93dc0000, 0x0000029c94a60000, 0x0000029c9b2f0000]
CodeHeap 'non-nmethods': size=5760Kb used=2273Kb max_used=2299Kb free=3486Kb
 bounds [0x0000029c93820000, 0x0000029c93a90000, 0x0000029c93dc0000]
 total_blobs=6950 nmethods=6097 adapters=764
 compilation: enabled
              stopped_count=0, restarted_count=0
 full_count=0

Compilation events (20 events):
Event: 12.482 Thread 0x0000029caa1b3800 6167       2       org.gradle.api.internal.provider.DefaultProperty::calculateValueFrom (10 bytes)
Event: 12.482 Thread 0x0000029caa1b3800 nmethod 6167 0x0000029c94a4d890 code [0x0000029c94a4da40, 0x0000029c94a4dba8]
Event: 12.482 Thread 0x0000029caa1b3800 6168       2       org.gradle.api.internal.provider.DefaultProperty::calculateValueFrom (8 bytes)
Event: 12.482 Thread 0x0000029caa1b3800 nmethod 6168 0x0000029c94a4dc90 code [0x0000029c94a4de40, 0x0000029c94a4df68]
Event: 12.482 Thread 0x0000029caa1b3800 6169       2       org.gradle.api.internal.DelegatingDomainObjectSet::<init> (10 bytes)
Event: 12.482 Thread 0x0000029caa1b3800 nmethod 6169 0x0000029c94a4e010 code [0x0000029c94a4e1c0, 0x0000029c94a4e2f8]
Event: 12.482 Thread 0x0000029caa1b3800 6170       2       org.gradle.api.internal.artifacts.configurations.DefaultConfiguration::validateMutationType (8 bytes)
Event: 12.483 Thread 0x0000029caa1b3800 nmethod 6170 0x0000029c94a4e390 code [0x0000029c94a4e540, 0x0000029c94a4e738]
Event: 12.483 Thread 0x0000029caa1b3800 6171       2       org.gradle.api.internal.artifacts.configurations.DefaultConfiguration$$Lambda$390/0x0000000100581c40::get$Lambda (10 bytes)
Event: 12.483 Thread 0x0000029caa1b3800 nmethod 6171 0x0000029c94a4e810 code [0x0000029c94a4e9c0, 0x0000029c94a4ebb8]
Event: 12.483 Thread 0x0000029caa1b3800 6172       2       org.gradle.internal.operations.DefaultBuildOperationExecutor::getCurrentBuildOperation (11 bytes)
Event: 12.483 Thread 0x0000029caa1b3800 nmethod 6172 0x0000029c94a4ec90 code [0x0000029c94a4ee60, 0x0000029c94a4f008]
Event: 12.483 Thread 0x0000029caa1b3800 6173       2       org.gradle.internal.operations.DefaultBuildOperationRunner::getCurrentBuildOperation (11 bytes)
Event: 12.483 Thread 0x0000029caa1b3800 nmethod 6173 0x0000029c94a4f110 code [0x0000029c94a4f2e0, 0x0000029c94a4f488]
Event: 12.483 Thread 0x0000029caa1b3800 6174       2       java.lang.StringBuilder::append (6 bytes)
Event: 12.483 Thread 0x0000029caa1b3800 nmethod 6174 0x0000029c94a4f590 code [0x0000029c94a4f740, 0x0000029c94a4f868]
Event: 12.483 Thread 0x0000029caa1b3800 6175       2       java.lang.StringBuilder::append (6 bytes)
Event: 12.483 Thread 0x0000029caa1b3800 nmethod 6175 0x0000029c94a4f910 code [0x0000029c94a4fac0, 0x0000029c94a4fbe8]
Event: 12.483 Thread 0x0000029caa1b3800 6176       2       org.gradle.api.internal.provider.Providers$FixedValueProvider::<init> (10 bytes)
Event: 12.483 Thread 0x0000029caa1b3800 nmethod 6176 0x0000029c94a4fc90 code [0x0000029c94a4fe40, 0x0000029c94a4ff78]

GC Heap History (20 events):
Event: 0.431 GC heap before
{Heap before GC invocations=0 (full 0):
 garbage-first heap   total 126976K, used 29696K [0x0000000080000000, 0x0000000100000000)
  region size 1024K, 24 young (24576K), 0 survivors (0K)
 Metaspace       used 9785K, capacity 9986K, committed 10112K, reserved 1058816K
  class space    used 1022K, capacity 1102K, committed 1152K, reserved 1048576K
}
Event: 0.436 GC heap after
{Heap after GC invocations=1 (full 0):
 garbage-first heap   total 126976K, used 9269K [0x0000000080000000, 0x0000000100000000)
  region size 1024K, 3 young (3072K), 3 survivors (3072K)
 Metaspace       used 9785K, capacity 9986K, committed 10112K, reserved 1058816K
  class space    used 1022K, capacity 1102K, committed 1152K, reserved 1048576K
}
Event: 1.345 GC heap before
{Heap before GC invocations=1 (full 0):
 garbage-first heap   total 126976K, used 81973K [0x0000000080000000, 0x0000000100000000)
  region size 1024K, 74 young (75776K), 3 survivors (3072K)
 Metaspace       used 17669K, capacity 18086K, committed 18176K, reserved 1064960K
  class space    used 2089K, capacity 2236K, committed 2304K, reserved 1048576K
}
Event: 1.350 GC heap after
{Heap after GC invocations=2 (full 0):
 garbage-first heap   total 126976K, used 15881K [0x0000000080000000, 0x0000000100000000)
  region size 1024K, 10 young (10240K), 10 survivors (10240K)
 Metaspace       used 17669K, capacity 18086K, committed 18176K, reserved 1064960K
  class space    used 2089K, capacity 2236K, committed 2304K, reserved 1048576K
}
Event: 1.574 GC heap before
{Heap before GC invocations=2 (full 0):
 garbage-first heap   total 126976K, used 38409K [0x0000000080000000, 0x0000000100000000)
  region size 1024K, 33 young (33792K), 10 survivors (10240K)
 Metaspace       used 20589K, capacity 21118K, committed 21248K, reserved 1067008K
  class space    used 2519K, capacity 2720K, committed 2816K, reserved 1048576K
}
Event: 1.580 GC heap after
{Heap after GC invocations=3 (full 0):
 garbage-first heap   total 126976K, used 16711K [0x0000000080000000, 0x0000000100000000)
  region size 1024K, 1 young (1024K), 1 survivors (1024K)
 Metaspace       used 20589K, capacity 21118K, committed 21248K, reserved 1067008K
  class space    used 2519K, capacity 2720K, committed 2816K, reserved 1048576K
}
Event: 2.219 GC heap before
{Heap before GC invocations=4 (full 0):
 garbage-first heap   total 126976K, used 74055K [0x0000000080000000, 0x0000000100000000)
  region size 1024K, 57 young (58368K), 1 survivors (1024K)
 Metaspace       used 26196K, capacity 26749K, committed 27008K, reserved 1073152K
  class space    used 3440K, capacity 3666K, committed 3712K, reserved 1048576K
}
Event: 2.221 GC heap after
{Heap after GC invocations=5 (full 0):
 garbage-first heap   total 126976K, used 18390K [0x0000000080000000, 0x0000000100000000)
  region size 1024K, 3 young (3072K), 3 survivors (3072K)
 Metaspace       used 26196K, capacity 26749K, committed 27008K, reserved 1073152K
  class space    used 3440K, capacity 3666K, committed 3712K, reserved 1048576K
}
Event: 2.975 GC heap before
{Heap before GC invocations=5 (full 0):
 garbage-first heap   total 126976K, used 71638K [0x0000000080000000, 0x0000000100000000)
  region size 1024K, 56 young (57344K), 3 survivors (3072K)
 Metaspace       used 35024K, capacity 35830K, committed 35840K, reserved 1081344K
  class space    used 4545K, capacity 4864K, committed 4864K, reserved 1048576K
}
Event: 2.981 GC heap after
{Heap after GC invocations=6 (full 0):
 garbage-first heap   total 126976K, used 21885K [0x0000000080000000, 0x0000000100000000)
  region size 1024K, 6 young (6144K), 6 survivors (6144K)
 Metaspace       used 35024K, capacity 35830K, committed 35840K, reserved 1081344K
  class space    used 4545K, capacity 4864K, committed 4864K, reserved 1048576K
}
Event: 3.580 GC heap before
{Heap before GC invocations=7 (full 0):
 garbage-first heap   total 126976K, used 86397K [0x0000000080000000, 0x0000000100000000)
  region size 1024K, 67 young (68608K), 6 survivors (6144K)
 Metaspace       used 39473K, capacity 40430K, committed 40524K, reserved 1085440K
  class space    used 5058K, capacity 5390K, committed 5452K, reserved 1048576K
}
Event: 3.587 GC heap after
{Heap after GC invocations=8 (full 0):
 garbage-first heap   total 152576K, used 26924K [0x0000000080000000, 0x0000000100000000)
  region size 1024K, 9 young (9216K), 9 survivors (9216K)
 Metaspace       used 39473K, capacity 40430K, committed 40524K, reserved 1085440K
  class space    used 5058K, capacity 5390K, committed 5452K, reserved 1048576K
}
Event: 4.701 GC heap before
{Heap before GC invocations=8 (full 0):
 garbage-first heap   total 152576K, used 98604K [0x0000000080000000, 0x0000000100000000)
  region size 1024K, 79 young (80896K), 9 survivors (9216K)
 Metaspace       used 45731K, capacity 46885K, committed 47052K, reserved 1089536K
  class space    used 5882K, capacity 6300K, committed 6348K, reserved 1048576K
}
Event: 4.708 GC heap after
{Heap after GC invocations=9 (full 0):
 garbage-first heap   total 152576K, used 29163K [0x0000000080000000, 0x0000000100000000)
  region size 1024K, 8 young (8192K), 8 survivors (8192K)
 Metaspace       used 45731K, capacity 46885K, committed 47052K, reserved 1089536K
  class space    used 5882K, capacity 6300K, committed 6348K, reserved 1048576K
}
Event: 10.858 GC heap before
{Heap before GC invocations=9 (full 0):
 garbage-first heap   total 152576K, used 105963K [0x0000000080000000, 0x0000000100000000)
  region size 1024K, 80 young (81920K), 8 survivors (8192K)
 Metaspace       used 51416K, capacity 52840K, committed 52940K, reserved 1095680K
  class space    used 6563K, capacity 7074K, committed 7116K, reserved 1048576K
}
Event: 10.867 GC heap after
{Heap after GC invocations=10 (full 0):
 garbage-first heap   total 152576K, used 41104K [0x0000000080000000, 0x0000000100000000)
  region size 1024K, 10 young (10240K), 10 survivors (10240K)
 Metaspace       used 51416K, capacity 52840K, committed 52940K, reserved 1095680K
  class space    used 6563K, capacity 7074K, committed 7116K, reserved 1048576K
}
Event: 11.586 GC heap before
{Heap before GC invocations=10 (full 0):
 garbage-first heap   total 152576K, used 85136K [0x0000000080000000, 0x0000000100000000)
  region size 1024K, 54 young (55296K), 10 survivors (10240K)
 Metaspace       used 58520K, capacity 60076K, committed 60288K, reserved 1101824K
  class space    used 7442K, capacity 8010K, committed 8140K, reserved 1048576K
}
Event: 11.596 GC heap after
{Heap after GC invocations=11 (full 0):
 garbage-first heap   total 152576K, used 44695K [0x0000000080000000, 0x0000000100000000)
  region size 1024K, 3 young (3072K), 3 survivors (3072K)
 Metaspace       used 58520K, capacity 60076K, committed 60288K, reserved 1101824K
  class space    used 7442K, capacity 8010K, committed 8140K, reserved 1048576K
}
Event: 12.264 GC heap before
{Heap before GC invocations=12 (full 0):
 garbage-first heap   total 152576K, used 104087K [0x0000000080000000, 0x0000000100000000)
  region size 1024K, 61 young (62464K), 3 survivors (3072K)
 Metaspace       used 63189K, capacity 64784K, committed 65024K, reserved 1105920K
  class space    used 8061K, capacity 8647K, committed 8780K, reserved 1048576K
}
Event: 12.271 GC heap after
{Heap after GC invocations=13 (full 0):
 garbage-first heap   total 152576K, used 48973K [0x0000000080000000, 0x0000000100000000)
  region size 1024K, 8 young (8192K), 8 survivors (8192K)
 Metaspace       used 63189K, capacity 64784K, committed 65024K, reserved 1105920K
  class space    used 8061K, capacity 8647K, committed 8780K, reserved 1048576K
}

Deoptimization events (20 events):
Event: 12.258 Thread 0x0000029cacf9b800 Uncommon trap: trap_request=0xffffffbe fr.pc=0x0000029c9b5bc0c0 relative=0x00000000000007e0
Event: 12.258 Thread 0x0000029cacf9b800 Uncommon trap: reason=profile_predicate action=maybe_recompile pc=0x0000029c9b5bc0c0 method=java.lang.PublicMethods$MethodList.filter([Ljava/lang/reflect/Method;Ljava/lang/String;[Ljava/lang/Class;Z)Ljava/lang/PublicMethods$MethodList; @ 21 c2
Event: 12.258 Thread 0x0000029cacf9b800 DEOPT PACKING pc=0x0000029c9b5bc0c0 sp=0x000000c420bf3c80
Event: 12.258 Thread 0x0000029cacf9b800 DEOPT UNPACKING pc=0x0000029c938283af sp=0x000000c420bf3c38 mode 2
Event: 12.258 Thread 0x0000029cacf9b800 Uncommon trap: trap_request=0xffffffbe fr.pc=0x0000029c9b5bc0c0 relative=0x00000000000007e0
Event: 12.258 Thread 0x0000029cacf9b800 Uncommon trap: reason=profile_predicate action=maybe_recompile pc=0x0000029c9b5bc0c0 method=java.lang.PublicMethods$MethodList.filter([Ljava/lang/reflect/Method;Ljava/lang/String;[Ljava/lang/Class;Z)Ljava/lang/PublicMethods$MethodList; @ 21 c2
Event: 12.258 Thread 0x0000029cacf9b800 DEOPT PACKING pc=0x0000029c9b5bc0c0 sp=0x000000c420bf3be0
Event: 12.258 Thread 0x0000029cacf9b800 DEOPT UNPACKING pc=0x0000029c938283af sp=0x000000c420bf3b98 mode 2
Event: 12.258 Thread 0x0000029cacf9b800 Uncommon trap: trap_request=0xffffffbe fr.pc=0x0000029c9b5bc0c0 relative=0x00000000000007e0
Event: 12.258 Thread 0x0000029cacf9b800 Uncommon trap: reason=profile_predicate action=maybe_recompile pc=0x0000029c9b5bc0c0 method=java.lang.PublicMethods$MethodList.filter([Ljava/lang/reflect/Method;Ljava/lang/String;[Ljava/lang/Class;Z)Ljava/lang/PublicMethods$MethodList; @ 21 c2
Event: 12.258 Thread 0x0000029cacf9b800 DEOPT PACKING pc=0x0000029c9b5bc0c0 sp=0x000000c420bf41a0
Event: 12.258 Thread 0x0000029cacf9b800 DEOPT UNPACKING pc=0x0000029c938283af sp=0x000000c420bf4158 mode 2
Event: 12.258 Thread 0x0000029cacf9b800 Uncommon trap: trap_request=0xffffffbe fr.pc=0x0000029c9b5bc0c0 relative=0x00000000000007e0
Event: 12.258 Thread 0x0000029cacf9b800 Uncommon trap: reason=profile_predicate action=maybe_recompile pc=0x0000029c9b5bc0c0 method=java.lang.PublicMethods$MethodList.filter([Ljava/lang/reflect/Method;Ljava/lang/String;[Ljava/lang/Class;Z)Ljava/lang/PublicMethods$MethodList; @ 21 c2
Event: 12.258 Thread 0x0000029cacf9b800 DEOPT PACKING pc=0x0000029c9b5bc0c0 sp=0x000000c420bf4100
Event: 12.258 Thread 0x0000029cacf9b800 DEOPT UNPACKING pc=0x0000029c938283af sp=0x000000c420bf40b8 mode 2
Event: 12.292 Thread 0x0000029cacf9b800 Uncommon trap: trap_request=0xffffff4d fr.pc=0x0000029c9b5bd460 relative=0x0000000000000200
Event: 12.292 Thread 0x0000029cacf9b800 Uncommon trap: reason=unstable_if action=reinterpret pc=0x0000029c9b5bd460 method=java.lang.PublicMethods$MethodList.filter([Ljava/lang/reflect/Method;Ljava/lang/String;[Ljava/lang/Class;Z)Ljava/lang/PublicMethods$MethodList; @ 43 c2
Event: 12.292 Thread 0x0000029cacf9b800 DEOPT PACKING pc=0x0000029c9b5bd460 sp=0x000000c420bf4c20
Event: 12.292 Thread 0x0000029cacf9b800 DEOPT UNPACKING pc=0x0000029c938283af sp=0x000000c420bf4be0 mode 2

Classes redefined (0 events):
No events

Internal exceptions (20 events):
Event: 12.311 Thread 0x0000029cacf9b800 Exception <a 'java/lang/ClassNotFoundException'{0x0000000088e945f0}: org/gradle/api/internal/DefaultNamedDomainObjectSetCustomizer> (0x0000000088e945f0) thrown at [./src/hotspot/share/classfile/systemDictionary.cpp, line 231]
Event: 12.313 Thread 0x0000029cacf9b800 Exception <a 'java/lang/ClassNotFoundException'{0x0000000088edd280}: org/gradle/api/internal/AbstractNamedDomainObjectContainerCustomizer> (0x0000000088edd280) thrown at [./src/hotspot/share/classfile/systemDictionary.cpp, line 231]
Event: 12.314 Thread 0x0000029cacf9b800 Exception <a 'java/lang/ClassNotFoundException'{0x0000000088d24e58}: org/gradle/api/internal/FactoryNamedDomainObjectContainerCustomizer> (0x0000000088d24e58) thrown at [./src/hotspot/share/classfile/systemDictionary.cpp, line 231]
Event: 12.316 Thread 0x0000029cacf9b800 Exception <a 'java/lang/ClassNotFoundException'{0x0000000088d64e18}: org/gradle/api/internal/FactoryNamedDomainObjectContainer_DecoratedCustomizer> (0x0000000088d64e18) thrown at [./src/hotspot/share/classfile/systemDictionary.cpp, line 231]
Event: 12.334 Thread 0x0000029cacf9b800 Exception <a 'java/lang/ClassNotFoundException'{0x0000000088b7d6d8}: com/android/build/gradle/internal/dsl/BuildType_DecoratedBeanInfo> (0x0000000088b7d6d8) thrown at [./src/hotspot/share/classfile/systemDictionary.cpp, line 231]
Event: 12.334 Thread 0x0000029cacf9b800 Exception <a 'java/lang/ClassNotFoundException'{0x0000000088b96018}: com/android/build/gradle/internal/dsl/BuildTypeBeanInfo> (0x0000000088b96018) thrown at [./src/hotspot/share/classfile/systemDictionary.cpp, line 231]
Event: 12.335 Thread 0x0000029cacf9b800 Exception <a 'java/lang/ClassNotFoundException'{0x0000000088badb78}: com/android/builder/core/AbstractBuildTypeBeanInfo> (0x0000000088badb78) thrown at [./src/hotspot/share/classfile/systemDictionary.cpp, line 231]
Event: 12.335 Thread 0x0000029cacf9b800 Exception <a 'java/lang/ClassNotFoundException'{0x0000000088bc5e28}: com/android/builder/core/AbstractBuildTypeCustomizer> (0x0000000088bc5e28) thrown at [./src/hotspot/share/classfile/systemDictionary.cpp, line 231]
Event: 12.336 Thread 0x0000029cacf9b800 Exception <a 'java/lang/ClassNotFoundException'{0x0000000088bfaa60}: com/android/build/gradle/internal/dsl/BuildTypeCustomizer> (0x0000000088bfaa60) thrown at [./src/hotspot/share/classfile/systemDictionary.cpp, line 231]
Event: 12.339 Thread 0x0000029cacf9b800 Exception <a 'java/lang/ClassNotFoundException'{0x0000000088a875b0}: com/android/build/gradle/internal/dsl/BuildType_DecoratedCustomizer> (0x0000000088a875b0) thrown at [./src/hotspot/share/classfile/systemDictionary.cpp, line 231]
Event: 12.343 Thread 0x0000029cacf9b800 Exception <a 'java/lang/ClassNotFoundException'{0x0000000088949770}: build_5rsw9ygntt7i2eqnrtbe85pey$_run_closure1$_closure4BeanInfo> (0x0000000088949770) thrown at [./src/hotspot/share/classfile/systemDictionary.cpp, line 231]
Event: 12.343 Thread 0x0000029cacf9b800 Exception <a 'java/lang/ClassNotFoundException'{0x0000000088959ed8}: build_5rsw9ygntt7i2eqnrtbe85pey$_run_closure1$_closure4Customizer> (0x0000000088959ed8) thrown at [./src/hotspot/share/classfile/systemDictionary.cpp, line 231]
Event: 12.345 Thread 0x0000029cacf9b800 Exception <a 'java/lang/ClassNotFoundException'{0x0000000088982ee0}: build_5rsw9ygntt7i2eqnrtbe85pey$_run_closure1BeanInfo> (0x0000000088982ee0) thrown at [./src/hotspot/share/classfile/systemDictionary.cpp, line 231]
Event: 12.345 Thread 0x0000029cacf9b800 Exception <a 'java/lang/ClassNotFoundException'{0x0000000088992cf0}: build_5rsw9ygntt7i2eqnrtbe85pey$_run_closure1Customizer> (0x0000000088992cf0) thrown at [./src/hotspot/share/classfile/systemDictionary.cpp, line 231]
Event: 12.349 Thread 0x0000029cacf9b800 Exception <a 'java/lang/ClassNotFoundException'{0x00000000889f0a20}: org/gradle/api/JavaVersionBeanInfo> (0x00000000889f0a20) thrown at [./src/hotspot/share/classfile/systemDictionary.cpp, line 231]
Event: 12.349 Thread 0x0000029cacf9b800 Exception <a 'java/lang/ClassNotFoundException'{0x000000008881b1f8}: org/gradle/api/JavaVersionCustomizer> (0x000000008881b1f8) thrown at [./src/hotspot/share/classfile/systemDictionary.cpp, line 231]
Event: 12.352 Thread 0x0000029cacf9b800 Exception <a 'java/lang/ClassNotFoundException'{0x000000008886fe48}: com/android/build/gradle/internal/CompileOptions_DecoratedBeanInfo> (0x000000008886fe48) thrown at [./src/hotspot/share/classfile/systemDictionary.cpp, line 231]
Event: 12.353 Thread 0x0000029cacf9b800 Exception <a 'java/lang/ClassNotFoundException'{0x0000000088887510}: com/android/build/gradle/internal/CompileOptionsBeanInfo> (0x0000000088887510) thrown at [./src/hotspot/share/classfile/systemDictionary.cpp, line 231]
Event: 12.353 Thread 0x0000029cacf9b800 Exception <a 'java/lang/ClassNotFoundException'{0x000000008889f0f8}: com/android/build/gradle/internal/CompileOptionsCustomizer> (0x000000008889f0f8) thrown at [./src/hotspot/share/classfile/systemDictionary.cpp, line 231]
Event: 12.354 Thread 0x0000029cacf9b800 Exception <a 'java/lang/ClassNotFoundException'{0x00000000888c36c8}: com/android/build/gradle/internal/CompileOptions_DecoratedCustomizer> (0x00000000888c36c8) thrown at [./src/hotspot/share/classfile/systemDictionary.cpp, line 231]

Events (20 events):
Event: 12.472 loading class com/android/build/api/component/impl/AndroidTestImpl$renderscript$2
Event: 12.472 loading class com/android/build/api/component/impl/AndroidTestImpl$renderscript$2 done
Event: 12.473 loading class com/android/build/api/component/impl/AndroidTestImpl$proguardFiles$2
Event: 12.473 loading class com/android/build/api/component/impl/AndroidTestImpl$proguardFiles$2 done
Event: 12.473 loading class com/android/build/api/component/impl/AndroidTestImpl$resValues$2
Event: 12.473 loading class com/android/build/api/component/impl/AndroidTestImpl$resValues$2 done
Event: 12.473 loading class com/android/build/api/variant/impl/VariantApiExtensionsKt
Event: 12.473 loading class com/android/build/api/variant/impl/VariantApiExtensionsKt done
Event: 12.475 loading class com/android/build/api/component/impl/UnitTestImpl
Event: 12.475 loading class com/android/build/api/component/impl/UnitTestImpl done
Event: 12.475 loading class com/android/build/gradle/internal/component/UnitTestCreationConfig
Event: 12.475 loading class com/android/build/gradle/internal/component/UnitTestCreationConfig done
Event: 12.478 loading class com/android/build/api/component/impl/UnitTestImpl$manifestPlaceholders$2
Event: 12.478 loading class com/android/build/api/component/impl/UnitTestImpl$manifestPlaceholders$2 done
Event: 12.479 loading class com/android/build/gradle/internal/VariantManager$createVariantsFromCombination$2$variantExtensionConfig$1
Event: 12.479 loading class com/android/build/gradle/internal/VariantManager$createVariantsFromCombination$2$variantExtensionConfig$1 done
Event: 12.479 loading class com/android/build/api/variant/VariantExtensionConfig
Event: 12.479 loading class com/android/build/api/variant/VariantExtensionConfig done
Event: 12.483 loading class com/android/build/gradle/internal/feature/BundleAllClasses$CreationAction
Event: 12.483 loading class com/android/build/gradle/internal/feature/BundleAllClasses$CreationAction done


Dynamic libraries:
0x00007ff786960000 - 0x00007ff78696a000 	D:\Android Studio\jre\bin\java.exe
0x00007ffa31a70000 - 0x00007ffa31c65000 	C:\Windows\SYSTEM32\ntdll.dll
0x00007ffa31660000 - 0x00007ffa3171e000 	C:\Windows\System32\KERNEL32.DLL
0x00007ffa2f540000 - 0x00007ffa2f809000 	C:\Windows\System32\KERNELBASE.dll
0x00007ffa2f8c0000 - 0x00007ffa2f9c0000 	C:\Windows\System32\ucrtbase.dll
0x00007ff9f1f70000 - 0x00007ff9f1f87000 	D:\Android Studio\jre\bin\VCRUNTIME140.dll
0x00007ff9f07b0000 - 0x00007ff9f07c9000 	D:\Android Studio\jre\bin\jli.dll
0x00007ffa2fd10000 - 0x00007ffa2feb1000 	C:\Windows\System32\USER32.dll
0x00007ffa2f190000 - 0x00007ffa2f1b2000 	C:\Windows\System32\win32u.dll
0x00007ffa1bb50000 - 0x00007ffa1bdea000 	C:\Windows\WinSxS\amd64_microsoft.windows.common-controls_6595b64144ccf1df_6.0.19041.1110_none_60b5254171f9507e\COMCTL32.dll
0x00007ffa31720000 - 0x00007ffa3174b000 	C:\Windows\System32\GDI32.dll
0x00007ffa2fc70000 - 0x00007ffa2fd0e000 	C:\Windows\System32\msvcrt.dll
0x00007ffa2f210000 - 0x00007ffa2f31b000 	C:\Windows\System32\gdi32full.dll
0x00007ffa2f9c0000 - 0x00007ffa2fa5d000 	C:\Windows\System32\msvcp_win.dll
0x00007ffa2fec0000 - 0x00007ffa2fef0000 	C:\Windows\System32\IMM32.DLL
0x00007ff9db3c0000 - 0x00007ff9db45d000 	D:\Android Studio\jre\bin\msvcp140.dll
0x00007ff9db460000 - 0x00007ff9dbf2f000 	D:\Android Studio\jre\bin\server\jvm.dll
0x00007ffa315b0000 - 0x00007ffa3165c000 	C:\Windows\System32\ADVAPI32.dll
0x00007ffa308d0000 - 0x00007ffa3096b000 	C:\Windows\System32\sechost.dll
0x00007ffa2fac0000 - 0x00007ffa2fbea000 	C:\Windows\System32\RPCRT4.dll
0x00007ffa30020000 - 0x00007ffa30028000 	C:\Windows\System32\PSAPI.DLL
0x00007ffa257d0000 - 0x00007ffa257d9000 	C:\Windows\SYSTEM32\WSOCK32.dll
0x00007ffa14250000 - 0x00007ffa14277000 	C:\Windows\SYSTEM32\WINMM.dll
0x00007ffa30030000 - 0x00007ffa3009b000 	C:\Windows\System32\WS2_32.dll
0x00007ffa23770000 - 0x00007ffa2377a000 	C:\Windows\SYSTEM32\VERSION.dll
0x00007ffa2da10000 - 0x00007ffa2da22000 	C:\Windows\SYSTEM32\kernel.appcore.dll
0x00007ffa1eb20000 - 0x00007ffa1eb31000 	D:\Android Studio\jre\bin\verify.dll
0x00007ffa2cf70000 - 0x00007ffa2d154000 	C:\Windows\SYSTEM32\DBGHELP.DLL
0x00007ffa12a50000 - 0x00007ffa12a7c000 	C:\Windows\SYSTEM32\dbgcore.DLL
0x00007ffa2f320000 - 0x00007ffa2f3a3000 	C:\Windows\System32\bcryptPrimitives.dll
0x00007ffa1dcd0000 - 0x00007ffa1dcf9000 	D:\Android Studio\jre\bin\java.dll
0x00007ffa1eaf0000 - 0x00007ffa1eafb000 	D:\Android Studio\jre\bin\jimage.dll
0x00007ffa1af60000 - 0x00007ffa1af78000 	D:\Android Studio\jre\bin\zip.dll
0x00007ffa309d0000 - 0x00007ffa3110f000 	C:\Windows\System32\SHELL32.dll
0x00007ffa2d160000 - 0x00007ffa2d8f0000 	C:\Windows\SYSTEM32\windows.storage.dll
0x00007ffa31120000 - 0x00007ffa31475000 	C:\Windows\System32\combase.dll
0x00007ffa2ebe0000 - 0x00007ffa2ec0c000 	C:\Windows\SYSTEM32\Wldp.dll
0x00007ffa30130000 - 0x00007ffa301dd000 	C:\Windows\System32\SHCORE.dll
0x00007ffa30870000 - 0x00007ffa308c5000 	C:\Windows\System32\shlwapi.dll
0x00007ffa2f0d0000 - 0x00007ffa2f0ef000 	C:\Windows\SYSTEM32\profapi.dll
0x00007ffa1af40000 - 0x00007ffa1af5a000 	D:\Android Studio\jre\bin\net.dll
0x00007ffa26140000 - 0x00007ffa26248000 	C:\Windows\SYSTEM32\WINHTTP.dll
0x00007ffa2e940000 - 0x00007ffa2e9aa000 	C:\Windows\system32\mswsock.dll
0x00007ffa1af20000 - 0x00007ffa1af34000 	D:\Android Studio\jre\bin\nio.dll
0x00007ff9dc750000 - 0x00007ff9dc777000 	C:\Users\Dell\.gradle\native\8bec1ad78214c89d9ad589b4d07fe93259594b29d510b10fafb7a158f7737e5d\windows-amd64\native-platform.dll
0x00007ff9d4790000 - 0x00007ff9d48cd000 	C:\Users\Dell\.gradle\native\53dbd7edfb1c66fb8903c78663c9afc45aea4f116125fa6feffd364cf09443e8\windows-amd64\native-platform-file-events.dll
0x00007ffa1dcc0000 - 0x00007ffa1dcca000 	D:\Android Studio\jre\bin\management.dll
0x00007ffa1be10000 - 0x00007ffa1be1c000 	D:\Android Studio\jre\bin\management_ext.dll
0x00007ffa2eb30000 - 0x00007ffa2eb48000 	C:\Windows\SYSTEM32\CRYPTSP.dll
0x00007ffa2e250000 - 0x00007ffa2e284000 	C:\Windows\system32\rsaenh.dll
0x00007ffa2f3b0000 - 0x00007ffa2f3d7000 	C:\Windows\System32\bcrypt.dll
0x00007ffa2f090000 - 0x00007ffa2f0be000 	C:\Windows\SYSTEM32\USERENV.dll
0x00007ffa2eb50000 - 0x00007ffa2eb5c000 	C:\Windows\SYSTEM32\CRYPTBASE.dll
0x00007ffa2e5e0000 - 0x00007ffa2e61b000 	C:\Windows\SYSTEM32\IPHLPAPI.DLL
0x00007ffa30300000 - 0x00007ffa30308000 	C:\Windows\System32\NSI.dll
0x00007ffa24a70000 - 0x00007ffa24a87000 	C:\Windows\SYSTEM32\dhcpcsvc6.DLL
0x00007ffa24970000 - 0x00007ffa2498d000 	C:\Windows\SYSTEM32\dhcpcsvc.DLL
0x00007ffa2e670000 - 0x00007ffa2e73c000 	C:\Windows\SYSTEM32\DNSAPI.dll

dbghelp: loaded successfully - version: 4.0.5 - missing functions: none
symbol engine: initialized successfully - sym options: 0x614 - pdb path: .;D:\Android Studio\jre\bin;C:\Windows\SYSTEM32;C:\Windows\WinSxS\amd64_microsoft.windows.common-controls_6595b64144ccf1df_6.0.19041.1110_none_60b5254171f9507e;D:\Android Studio\jre\bin\server;C:\Users\Dell\.gradle\native\8bec1ad78214c89d9ad589b4d07fe93259594b29d510b10fafb7a158f7737e5d\windows-amd64;C:\Users\Dell\.gradle\native\53dbd7edfb1c66fb8903c78663c9afc45aea4f116125fa6feffd364cf09443e8\windows-amd64

VM Arguments:
jvm_args: --add-opens=java.base/java.util=ALL-UNNAMED --add-opens=java.base/java.lang=ALL-UNNAMED --add-opens=java.base/java.lang.invoke=ALL-UNNAMED --add-opens=java.base/java.util=ALL-UNNAMED --add-opens=java.prefs/java.util.prefs=ALL-UNNAMED --add-opens=java.prefs/java.util.prefs=ALL-UNNAMED --add-opens=java.base/java.nio.charset=ALL-UNNAMED --add-opens=java.base/java.net=ALL-UNNAMED --add-opens=java.base/java.util.concurrent.atomic=ALL-UNNAMED -Xmx2048m -Dfile.encoding=UTF-8 -Duser.country=US -Duser.language=en -Duser.variant 
java_command: org.gradle.launcher.daemon.bootstrap.GradleDaemon 7.0.2
java_class_path (initial): C:\Users\Dell\.gradle\wrapper\dists\gradle-7.0.2-bin\857tjihv64xamwrf0h14cai3r\gradle-7.0.2\lib\gradle-launcher-7.0.2.jar
Launcher Type: SUN_STANDARD

[Global flags]
     intx CICompilerCount                          = 4                                         {product} {ergonomic}
     uint ConcGCThreads                            = 2                                         {product} {ergonomic}
     uint G1ConcRefinementThreads                  = 8                                         {product} {ergonomic}
   size_t G1HeapRegionSize                         = 1048576                                   {product} {ergonomic}
    uintx GCDrainStackTargetSize                   = 64                                        {product} {ergonomic}
   size_t InitialHeapSize                          = 130023424                                 {product} {ergonomic}
   size_t MarkStackSize                            = 4194304                                   {product} {ergonomic}
   size_t MaxHeapSize                              = 2147483648                                {product} {command line}
   size_t MaxNewSize                               = 1287651328                                {product} {ergonomic}
   size_t MinHeapDeltaBytes                        = 1048576                                   {product} {ergonomic}
    uintx NonNMethodCodeHeapSize                   = 5836300                                {pd product} {ergonomic}
    uintx NonProfiledCodeHeapSize                  = 122910970                              {pd product} {ergonomic}
    uintx ProfiledCodeHeapSize                     = 122910970                              {pd product} {ergonomic}
    uintx ReservedCodeCacheSize                    = 251658240                              {pd product} {ergonomic}
     bool SegmentedCodeCache                       = true                                      {product} {ergonomic}
     bool UseCompressedClassPointers               = true                                 {lp64_product} {ergonomic}
     bool UseCompressedOops                        = true                                 {lp64_product} {ergonomic}
     bool UseG1GC                                  = true                                      {product} {ergonomic}
     bool UseLargePagesIndividualAllocation        = false                                  {pd product} {ergonomic}

Logging:
Log output configuration:
 #0: stdout all=warning uptime,level,tags
 #1: stderr all=off uptime,level,tags

Environment Variables:
PATH=D:\VMware\bin\;C:\Program Files\Common Files\Oracle\Java\javapath;C:\Windows\system32;C:\Windows;C:\Windows\System32\Wbem;C:\Windows\System32\WindowsPowerShell\v1.0\;C:\Windows\System32\OpenSSH\;C:\Program Files\NVIDIA Corporation\NVIDIA NvDLISR;C:\Program Files\Microsoft SQL Server\Client SDK\ODBC\170\Tools\Binn\;C:\Program Files (x86)\Microsoft SQL Server\150\Tools\Binn\;C:\Program Files\Microsoft SQL Server\150\Tools\Binn\;C:\Program Files\Microsoft SQL Server\150\DTS\Binn\;C:\Program Files (x86)\Microsoft SQL Server\150\DTS\Binn\;C:\Program Files\Azure Data Studio\bin;C:\Program Files\Microsoft SQL Server\130\Tools\Binn\;D:\Git\Git\cmd;C:\Program Files (x86)\NVIDIA Corporation\PhysX\Common;C:\Users\Dell\AppData\Local\Microsoft\WindowsApps;;C:\Program Files\Azure Data Studio\bin;D:\Visual Studio Code\Microsoft VS Code\bin
USERNAME=Dell
OS=Windows_NT
PROCESSOR_IDENTIFIER=Intel64 Family 6 Model 140 Stepping 1, GenuineIntel



---------------  S Y S T E M  ---------------

OS: Windows 10 , 64 bit Build 19041 (10.0.19041.1202)
OS uptime: 0 days 4:11 hours

CPU:total 8 (initial active 8) (4 cores per cpu, 2 threads per core) family 6 model 140 stepping 1 microcode 0x86, cmov, cx8, fxsr, mmx, sse, sse2, sse3, ssse3, sse4.1, sse4.2, popcnt, avx, avx2, aes, clmul, erms, 3dnowpref, lzcnt, ht, tsc, tscinvbit, bmi1, bmi2, adx, evex, sha, fma

Memory: 4k page, system-wide physical 7914M (235M free)
TotalPageFile size 12443M (AvailPageFile size 6M)
current process WorkingSet (physical memory assigned to process): 334M, peak: 334M
current process commit charge ("private bytes"): 372M, peak: 373M

vm_info: OpenJDK 64-Bit Server VM (11.0.10+0-b96-7249189) for windows-amd64 JRE (11.0.10+0-b96-7249189), built on Mar 31 2021 21:44:00 by "builder" with MS VC++ 14.0 (VS2015)

END.
