#
# There is insufficient memory for the Java Runtime Environment to continue.
# Native memory allocation (malloc) failed to allocate 430576 bytes for Chunk::new
# Possible reasons:
#   The system is out of physical RAM or swap space
#   The process is running with CompressedOops enabled, and the Java Heap may be blocking the growth of the native heap
# Possible solutions:
#   Reduce memory load on the system
#   Increase physical memory or swap space
#   Check if swap backing store is full
#   Decrease Java heap size (-Xmx/-Xms)
#   Decrease number of Java threads
#   Decrease Java thread stack sizes (-Xss)
#   Set larger code cache with -XX:ReservedCodeCacheSize=
#   JVM is running with Unscaled Compressed Oops mode in which the Java heap is
#     placed in the first 4GB address space. The Java Heap base address is the
#     maximum limit for the native heap growth. Please use -XX:HeapBaseMinAddress
#     to set the Java Heap base and to place the Java Heap above 4GB virtual address.
# This output file may be truncated or incomplete.
#
#  Out of Memory Error (./src/hotspot/share/memory/arena.cpp:197), pid=4300, tid=10288
#
# JRE version: OpenJDK Runtime Environment (11.0.10) (build 11.0.10+0-b96-7249189)
# Java VM: OpenJDK 64-Bit Server VM (11.0.10+0-b96-7249189, mixed mode, tiered, compressed oops, g1 gc, windows-amd64)
# No core dump will be written. Minidumps are not enabled by default on client versions of Windows
#

---------------  S U M M A R Y ------------

Command Line: --add-opens=java.base/java.util=ALL-UNNAMED --add-opens=java.base/java.lang=ALL-UNNAMED --add-opens=java.base/java.lang.invoke=ALL-UNNAMED --add-opens=java.base/java.util=ALL-UNNAMED --add-opens=java.prefs/java.util.prefs=ALL-UNNAMED --add-opens=java.prefs/java.util.prefs=ALL-UNNAMED --add-opens=java.base/java.nio.charset=ALL-UNNAMED --add-opens=java.base/java.net=ALL-UNNAMED --add-opens=java.base/java.util.concurrent.atomic=ALL-UNNAMED -Xmx2048m -Dfile.encoding=UTF-8 -Duser.country=US -Duser.language=en -Duser.variant org.gradle.launcher.daemon.bootstrap.GradleDaemon 7.0.2

Host: 11th Gen Intel(R) Core(TM) i5-1135G7 @ 2.40GHz, 8 cores, 7G,  Windows 10 , 64 bit Build 19041 (10.0.19041.1202)
Time: Fri Nov 12 14:17:33 2021 SE Asia Standard Time elapsed time: 9.999256 seconds (0d 0h 0m 9s)

---------------  T H R E A D  ---------------

Current thread (0x000001f29f0c0800):  JavaThread "C2 CompilerThread0" daemon [_thread_in_native, id=10288, stack(0x0000004bd4500000,0x0000004bd4600000)]


Current CompileTask:
C2:   9999 9672       4       org.gradle.internal.execution.history.impl.FingerprintMapSerializer::readFingerprint (96 bytes)

Stack: [0x0000004bd4500000,0x0000004bd4600000]
Native frames: (J=compiled Java code, j=interpreted, Vv=VM code, C=native code)
V  [jvm.dll+0x5ecfaa]
V  [jvm.dll+0x722bd5]
V  [jvm.dll+0x72412d]
V  [jvm.dll+0x7247e3]
V  [jvm.dll+0x242928]
V  [jvm.dll+0xbc4fc]
V  [jvm.dll+0xbca0c]
V  [jvm.dll+0x352d7d]
V  [jvm.dll+0x320ad3]
V  [jvm.dll+0x31ffca]
V  [jvm.dll+0x1fb602]
V  [jvm.dll+0x1fa7f4]
V  [jvm.dll+0x18354c]
V  [jvm.dll+0x208ee7]
V  [jvm.dll+0x207731]
V  [jvm.dll+0x6eb1cf]
V  [jvm.dll+0x6e3d45]
V  [jvm.dll+0x5ebe96]
C  [ucrtbase.dll+0x21bb2]
C  [KERNEL32.DLL+0x17034]
C  [ntdll.dll+0x52651]


---------------  P R O C E S S  ---------------

Threads class SMR info:
_java_thread_list=0x000001f2aa371140, length=63, elements={
0x000001f28444a800, 0x000001f29f0a4000, 0x000001f29f0ad800, 0x000001f29f0b9800,
0x000001f29f0bb800, 0x000001f29f0bc800, 0x000001f29f0c0800, 0x000001f29f0c2000,
0x000001f29f0cc000, 0x000001f29fb9a000, 0x000001f2a0f59800, 0x000001f29fcdb000,
0x000001f2a1cca000, 0x000001f2a186a000, 0x000001f2a1adf800, 0x000001f2a1b48000,
0x000001f2a0d2a800, 0x000001f2a10f0800, 0x000001f2a1cc7000, 0x000001f2a2621000,
0x000001f2a2622000, 0x000001f2a2623800, 0x000001f2a2623000, 0x000001f2a1ec1000,
0x000001f2a2620800, 0x000001f2a261f800, 0x000001f2a2624800, 0x000001f2a2625800,
0x000001f2a2626000, 0x000001f2a4daa800, 0x000001f2a29cf800, 0x000001f2a4da8000,
0x000001f2a4da8800, 0x000001f2a4da9800, 0x000001f2a4dac800, 0x000001f2a4da7000,
0x000001f2a4daf000, 0x000001f2a4dae800, 0x000001f2a4db1800, 0x000001f2a4db3000,
0x000001f2a4dad800, 0x000001f2a4db0000, 0x000001f2a4db5800, 0x000001f2a4db1000,
0x000001f2a4db2800, 0x000001f2a4db4000, 0x000001f2a4db5000, 0x000001f2a2fee800,
0x000001f2a2feb000, 0x000001f2a2fec800, 0x000001f2a2fed800, 0x000001f2a2fec000,
0x000001f2a2ff2800, 0x000001f2a2ff3800, 0x000001f2a2ff0000, 0x000001f2a2ff1000,
0x000001f2a2ff5000, 0x000001f2a2ff1800, 0x000001f2a2ff4000, 0x000001f2a2fef000,
0x000001f2a2ff5800, 0x000001f2a2ff6800, 0x000001f2a2ff7800
}

Java Threads: ( => current thread )
  0x000001f28444a800 JavaThread "main" [_thread_blocked, id=9340, stack(0x0000004bd3900000,0x0000004bd3a00000)]
  0x000001f29f0a4000 JavaThread "Reference Handler" daemon [_thread_blocked, id=7848, stack(0x0000004bd4000000,0x0000004bd4100000)]
  0x000001f29f0ad800 JavaThread "Finalizer" daemon [_thread_blocked, id=7420, stack(0x0000004bd4100000,0x0000004bd4200000)]
  0x000001f29f0b9800 JavaThread "Signal Dispatcher" daemon [_thread_blocked, id=14504, stack(0x0000004bd4200000,0x0000004bd4300000)]
  0x000001f29f0bb800 JavaThread "Attach Listener" daemon [_thread_blocked, id=13836, stack(0x0000004bd4300000,0x0000004bd4400000)]
  0x000001f29f0bc800 JavaThread "Service Thread" daemon [_thread_blocked, id=2088, stack(0x0000004bd4400000,0x0000004bd4500000)]
=>0x000001f29f0c0800 JavaThread "C2 CompilerThread0" daemon [_thread_in_native, id=10288, stack(0x0000004bd4500000,0x0000004bd4600000)]
  0x000001f29f0c2000 JavaThread "C1 CompilerThread0" daemon [_thread_blocked, id=12564, stack(0x0000004bd4600000,0x0000004bd4700000)]
  0x000001f29f0cc000 JavaThread "Sweeper thread" daemon [_thread_blocked, id=8248, stack(0x0000004bd4700000,0x0000004bd4800000)]
  0x000001f29fb9a000 JavaThread "Common-Cleaner" daemon [_thread_blocked, id=1244, stack(0x0000004bd4800000,0x0000004bd4900000)]
  0x000001f2a0f59800 JavaThread "Daemon health stats" [_thread_blocked, id=13760, stack(0x0000004bd4d00000,0x0000004bd4e00000)]
  0x000001f29fcdb000 JavaThread "Incoming local TCP Connector on port 51016" [_thread_in_native, id=10628, stack(0x0000004bd4a00000,0x0000004bd4b00000)]
  0x000001f2a1cca000 JavaThread "Daemon periodic checks" [_thread_blocked, id=4392, stack(0x0000004bd4b00000,0x0000004bd4c00000)]
  0x000001f2a186a000 JavaThread "Daemon" [_thread_blocked, id=420, stack(0x0000004bd4e00000,0x0000004bd4f00000)]
  0x000001f2a1adf800 JavaThread "Handler for socket connection from /127.0.0.1:51016 to /127.0.0.1:51017" [_thread_in_native, id=4248, stack(0x0000004bd4f00000,0x0000004bd5000000)]
  0x000001f2a1b48000 JavaThread "Cancel handler" [_thread_blocked, id=5584, stack(0x0000004bd5000000,0x0000004bd5100000)]
  0x000001f2a0d2a800 JavaThread "Daemon worker" [_thread_blocked, id=1872, stack(0x0000004bd5100000,0x0000004bd5200000)]
  0x000001f2a10f0800 JavaThread "Asynchronous log dispatcher for DefaultDaemonConnection: socket connection from /127.0.0.1:51016 to /127.0.0.1:51017" [_thread_blocked, id=828, stack(0x0000004bd5200000,0x0000004bd5300000)]
  0x000001f2a1cc7000 JavaThread "Stdin handler" [_thread_blocked, id=944, stack(0x0000004bd5300000,0x0000004bd5400000)]
  0x000001f2a2621000 JavaThread "Daemon client event forwarder" [_thread_blocked, id=14608, stack(0x0000004bd5400000,0x0000004bd5500000)]
  0x000001f2a2622000 JavaThread "Cache worker for file hash cache (C:\Users\Dell\.gradle\caches\7.0.2\fileHashes)" [_thread_blocked, id=9304, stack(0x0000004bd5b00000,0x0000004bd5c00000)]
  0x000001f2a2623800 JavaThread "File lock request listener" [_thread_in_native, id=13068, stack(0x0000004bd5c00000,0x0000004bd5d00000)]
  0x000001f2a2623000 JavaThread "Cache worker for journal cache (C:\Users\Dell\.gradle\caches\journal-1)" [_thread_blocked, id=12900, stack(0x0000004bd5e00000,0x0000004bd5f00000)]
  0x000001f2a1ec1000 JavaThread "C2 CompilerThread1" daemon [_thread_in_native, id=2224, stack(0x0000004bd5f00000,0x0000004bd6000000)]
  0x000001f2a2620800 JavaThread "Cache worker for file hash cache (D:\ThucHanhDiDong\Bai_Tap_Tuan_7\NguyenThanhNhan\.gradle\7.0.2\fileHashes)" [_thread_blocked, id=1196, stack(0x0000004bd6000000,0x0000004bd6100000)]
  0x000001f2a261f800 JavaThread "File watcher server" daemon [_thread_in_native, id=7892, stack(0x0000004bd6100000,0x0000004bd6200000)]
  0x000001f2a2624800 JavaThread "File watcher consumer" daemon [_thread_blocked, id=492, stack(0x0000004bd6200000,0x0000004bd6300000)]
  0x000001f2a2625800 JavaThread "Cache worker for checksums cache (D:\ThucHanhDiDong\Bai_Tap_Tuan_7\NguyenThanhNhan\.gradle\checksums)" [_thread_blocked, id=32, stack(0x0000004bd6300000,0x0000004bd6400000)]
  0x000001f2a2626000 JavaThread "Cache worker for cache directory md-supplier (C:\Users\Dell\.gradle\caches\7.0.2\md-supplier)" [_thread_blocked, id=540, stack(0x0000004bd6400000,0x0000004bd6500000)]
  0x000001f2a4daa800 JavaThread "Cache worker for cache directory md-rule (C:\Users\Dell\.gradle\caches\7.0.2\md-rule)" [_thread_blocked, id=7828, stack(0x0000004bd6500000,0x0000004bd6600000)]
  0x000001f2a29cf800 JavaThread "C2 CompilerThread2" daemon [_thread_in_native, id=9768, stack(0x0000004bd6600000,0x0000004bd6700000)]
  0x000001f2a4da8000 JavaThread "Cache worker for execution history cache (C:\Users\Dell\.gradle\caches\7.0.2\executionHistory)" [_thread_blocked, id=10928, stack(0x0000004bd6700000,0x0000004bd6800000)]
  0x000001f2a4da8800 JavaThread "jar transforms" [_thread_blocked, id=3396, stack(0x0000004bd6800000,0x0000004bd6900000)]
  0x000001f2a4da9800 JavaThread "jar transforms Thread 2" [_thread_blocked, id=1400, stack(0x0000004bd6900000,0x0000004bd6a00000)]
  0x000001f2a4dac800 JavaThread "Cache worker for file content cache (C:\Users\Dell\.gradle\caches\7.0.2\fileContent)" [_thread_blocked, id=4676, stack(0x0000004bd6a00000,0x0000004bd6b00000)]
  0x000001f2a4da7000 JavaThread "Cache worker for dependencies-accessors (D:\ThucHanhDiDong\Bai_Tap_Tuan_7\NguyenThanhNhan\.gradle\7.0.2\dependencies-accessors)" [_thread_blocked, id=2444, stack(0x0000004bd6b00000,0x0000004bd6c00000)]
  0x000001f2a4daf000 JavaThread "jar transforms Thread 3" [_thread_blocked, id=14168, stack(0x0000004bd6c00000,0x0000004bd6d00000)]
  0x000001f2a4dae800 JavaThread "Cache worker for Build Output Cleanup Cache (D:\ThucHanhDiDong\Bai_Tap_Tuan_7\NguyenThanhNhan\.gradle\buildOutputCleanup)" [_thread_blocked, id=14184, stack(0x0000004bd6d00000,0x0000004bd6e00000)]
  0x000001f2a4db1800 JavaThread "Build operations" [_thread_blocked, id=12320, stack(0x0000004bd6e00000,0x0000004bd6f00000)]
  0x000001f2a4db3000 JavaThread "Build operations Thread 2" [_thread_blocked, id=13708, stack(0x0000004bd6f00000,0x0000004bd7000000)]
  0x000001f2a4dad800 JavaThread "Build operations Thread 3" [_thread_blocked, id=14016, stack(0x0000004bd7000000,0x0000004bd7100000)]
  0x000001f2a4db0000 JavaThread "Build operations Thread 4" [_thread_blocked, id=9164, stack(0x0000004bd7100000,0x0000004bd7200000)]
  0x000001f2a4db5800 JavaThread "Build operations Thread 5" [_thread_in_native, id=5104, stack(0x0000004bd7200000,0x0000004bd7300000)]
  0x000001f2a4db1000 JavaThread "Build operations Thread 6" [_thread_blocked, id=3160, stack(0x0000004bd7300000,0x0000004bd7400000)]
  0x000001f2a4db2800 JavaThread "Build operations Thread 7" [_thread_blocked, id=6564, stack(0x0000004bd7400000,0x0000004bd7500000)]
  0x000001f2a4db4000 JavaThread "Build operations Thread 8" [_thread_in_native, id=5644, stack(0x0000004bd7500000,0x0000004bd7600000)]
  0x000001f2a4db5000 JavaThread "jar transforms Thread 4" [_thread_blocked, id=5116, stack(0x0000004bd7600000,0x0000004bd7700000)]
  0x000001f2a2fee800 JavaThread "jar transforms Thread 5" [_thread_blocked, id=13768, stack(0x0000004bd7700000,0x0000004bd7800000)]
  0x000001f2a2feb000 JavaThread "jar transforms Thread 6" [_thread_blocked, id=11936, stack(0x0000004bd7800000,0x0000004bd7900000)]
  0x000001f2a2fec800 JavaThread "jar transforms Thread 7" [_thread_blocked, id=14248, stack(0x0000004bd7900000,0x0000004bd7a00000)]
  0x000001f2a2fed800 JavaThread "jar transforms Thread 8" [_thread_blocked, id=2024, stack(0x0000004bd7a00000,0x0000004bd7b00000)]
  0x000001f2a2fec000 JavaThread "Memory manager" [_thread_blocked, id=13388, stack(0x0000004bd7b00000,0x0000004bd7c00000)]
  0x000001f2a2ff2800 JavaThread "build event listener" [_thread_blocked, id=9864, stack(0x0000004bd7c00000,0x0000004bd7d00000)]
  0x000001f2a2ff3800 JavaThread "Execution worker for ':'" [_thread_blocked, id=3708, stack(0x0000004bd7d00000,0x0000004bd7e00000)]
  0x000001f2a2ff0000 JavaThread "Execution worker for ':' Thread 2" [_thread_blocked, id=10380, stack(0x0000004bd7e00000,0x0000004bd7f00000)]
  0x000001f2a2ff1000 JavaThread "Execution worker for ':' Thread 3" [_thread_blocked, id=7460, stack(0x0000004bd7f00000,0x0000004bd8000000)]
  0x000001f2a2ff5000 JavaThread "Execution worker for ':' Thread 4" [_thread_blocked, id=996, stack(0x0000004bd8000000,0x0000004bd8100000)]
  0x000001f2a2ff1800 JavaThread "Execution worker for ':' Thread 5" [_thread_blocked, id=10124, stack(0x0000004bd8100000,0x0000004bd8200000)]
  0x000001f2a2ff4000 JavaThread "Execution worker for ':' Thread 6" [_thread_blocked, id=1148, stack(0x0000004bd8200000,0x0000004bd8300000)]
  0x000001f2a2fef000 JavaThread "Execution worker for ':' Thread 7" [_thread_blocked, id=15084, stack(0x0000004bd8300000,0x0000004bd8400000)]
  0x000001f2a2ff5800 JavaThread "Cache worker for execution history cache (D:\ThucHanhDiDong\Bai_Tap_Tuan_7\NguyenThanhNhan\.gradle\7.0.2\executionHistory)" [_thread_blocked, id=476, stack(0x0000004bd8400000,0x0000004bd8500000)]
  0x000001f2a2ff6800 JavaThread "WorkerExecutor Queue" [_thread_blocked, id=2236, stack(0x0000004bd8700000,0x0000004bd8800000)]
  0x000001f2a2ff7800 JavaThread "WorkerExecutor Queue Thread 2" [_thread_blocked, id=4768, stack(0x0000004bd8800000,0x0000004bd8900000)]

Other Threads:
  0x000001f29f09f800 VMThread "VM Thread" [stack: 0x0000004bd3f00000,0x0000004bd4000000] [id=14376]
  0x000001f29fbd0800 WatcherThread [stack: 0x0000004bd4900000,0x0000004bd4a00000] [id=10748]
  0x000001f284463800 GCTaskThread "GC Thread#0" [stack: 0x0000004bd3a00000,0x0000004bd3b00000] [id=10844]
  0x000001f2a05ee800 GCTaskThread "GC Thread#1" [stack: 0x0000004bd4c00000,0x0000004bd4d00000] [id=14968]
  0x000001f2a0e84800 GCTaskThread "GC Thread#2" [stack: 0x0000004bd5500000,0x0000004bd5600000] [id=11380]
  0x000001f2a235f800 GCTaskThread "GC Thread#3" [stack: 0x0000004bd5600000,0x0000004bd5700000] [id=9708]
  0x000001f2a2360000 GCTaskThread "GC Thread#4" [stack: 0x0000004bd5700000,0x0000004bd5800000] [id=15132]
  0x000001f2a2613800 GCTaskThread "GC Thread#5" [stack: 0x0000004bd5800000,0x0000004bd5900000] [id=3620]
  0x000001f2a2614000 GCTaskThread "GC Thread#6" [stack: 0x0000004bd5900000,0x0000004bd5a00000] [id=7456]
  0x000001f2a0b0d800 GCTaskThread "GC Thread#7" [stack: 0x0000004bd5a00000,0x0000004bd5b00000] [id=12976]
  0x000001f28449b800 ConcurrentGCThread "G1 Main Marker" [stack: 0x0000004bd3b00000,0x0000004bd3c00000] [id=11868]
  0x000001f28449c800 ConcurrentGCThread "G1 Conc#0" [stack: 0x0000004bd3c00000,0x0000004bd3d00000] [id=10712]
  0x000001f2a2158800 ConcurrentGCThread "G1 Conc#1" [stack: 0x0000004bd5d00000,0x0000004bd5e00000] [id=7584]
  0x000001f29eef0800 ConcurrentGCThread "G1 Refine#0" [stack: 0x0000004bd3d00000,0x0000004bd3e00000] [id=14352]
  0x000001f2a563b800 ConcurrentGCThread "G1 Refine#1" [stack: 0x0000004bd8500000,0x0000004bd8600000] [id=1412]
  0x000001f2a8a28000 ConcurrentGCThread "G1 Refine#2" [stack: 0x0000004bd8600000,0x0000004bd8700000] [id=12476]
  0x000001f29eef1000 ConcurrentGCThread "G1 Young RemSet Sampling" [stack: 0x0000004bd3e00000,0x0000004bd3f00000] [id=14832]

Threads with active compile tasks:
C2 CompilerThread0  10016 9672       4       org.gradle.internal.execution.history.impl.FingerprintMapSerializer::readFingerprint (96 bytes)
C2 CompilerThread1  10016 9711       4       com.esotericsoftware.kryo.io.Output::writeUtf8Length (405 bytes)
C2 CompilerThread2  10016 9662       4       org.objectweb.asm.AnnotationWriter::visit (935 bytes)

VM state:not at safepoint (normal execution)

VM Mutex/Monitor currently owned by a thread: None

Heap address: 0x0000000080000000, size: 2048 MB, Compressed Oops mode: 32-bit
Narrow klass base: 0x0000000000000000, Narrow klass shift: 3
Compressed class space size: 1073741824 Address: 0x0000000100000000

Heap:
 garbage-first heap   total 183296K, used 144427K [0x0000000080000000, 0x0000000100000000)
  region size 1024K, 67 young (68608K), 11 survivors (11264K)
 Metaspace       used 83069K, capacity 85184K, committed 85504K, reserved 1124352K
  class space    used 10741K, capacity 11521K, committed 11596K, reserved 1048576K
Heap Regions: E=young(eden), S=young(survivor), O=old, HS=humongous(starts), HC=humongous(continues), CS=collection set, F=free, A=archive, TAMS=top-at-mark-start (previous, next)
|   0|0x0000000080000000, 0x0000000080100000, 0x0000000080100000|100%| O|  |TAMS 0x0000000080100000, 0x0000000080000000| Untracked 
|   1|0x0000000080100000, 0x0000000080200000, 0x0000000080200000|100%| O|  |TAMS 0x0000000080200000, 0x0000000080100000| Untracked 
|   2|0x0000000080200000, 0x0000000080300000, 0x0000000080300000|100%| O|  |TAMS 0x0000000080300000, 0x0000000080200000| Untracked 
|   3|0x0000000080300000, 0x0000000080400000, 0x0000000080400000|100%|HS|  |TAMS 0x0000000080400000, 0x0000000080300000| Complete 
|   4|0x0000000080400000, 0x0000000080500000, 0x0000000080500000|100%|HC|  |TAMS 0x0000000080500000, 0x0000000080400000| Complete 
|   5|0x0000000080500000, 0x0000000080600000, 0x0000000080600000|100%|HC|  |TAMS 0x0000000080600000, 0x0000000080500000| Complete 
|   6|0x0000000080600000, 0x0000000080700000, 0x0000000080700000|100%| O|  |TAMS 0x0000000080700000, 0x0000000080600000| Untracked 
|   7|0x0000000080700000, 0x0000000080800000, 0x0000000080800000|100%| O|  |TAMS 0x0000000080800000, 0x0000000080700000| Untracked 
|   8|0x0000000080800000, 0x0000000080900000, 0x0000000080900000|100%| O|  |TAMS 0x0000000080900000, 0x0000000080800000| Untracked 
|   9|0x0000000080900000, 0x0000000080a00000, 0x0000000080a00000|100%| O|  |TAMS 0x0000000080a00000, 0x0000000080900000| Untracked 
|  10|0x0000000080a00000, 0x0000000080b00000, 0x0000000080b00000|100%| O|  |TAMS 0x0000000080b00000, 0x0000000080a00000| Untracked 
|  11|0x0000000080b00000, 0x0000000080c00000, 0x0000000080c00000|100%| O|  |TAMS 0x0000000080c00000, 0x0000000080b00000| Untracked 
|  12|0x0000000080c00000, 0x0000000080d00000, 0x0000000080d00000|100%| O|  |TAMS 0x0000000080d00000, 0x0000000080c00000| Untracked 
|  13|0x0000000080d00000, 0x0000000080e00000, 0x0000000080e00000|100%| O|  |TAMS 0x0000000080e00000, 0x0000000080d00000| Untracked 
|  14|0x0000000080e00000, 0x0000000080f00000, 0x0000000080f00000|100%| O|  |TAMS 0x0000000080f00000, 0x0000000080e00000| Untracked 
|  15|0x0000000080f00000, 0x0000000081000000, 0x0000000081000000|100%| O|  |TAMS 0x0000000081000000, 0x0000000080f00000| Untracked 
|  16|0x0000000081000000, 0x0000000081100000, 0x0000000081100000|100%| O|  |TAMS 0x0000000081100000, 0x0000000081000000| Untracked 
|  17|0x0000000081100000, 0x0000000081200000, 0x0000000081200000|100%| O|  |TAMS 0x0000000081200000, 0x0000000081100000| Untracked 
|  18|0x0000000081200000, 0x0000000081300000, 0x0000000081300000|100%|HS|  |TAMS 0x0000000081300000, 0x0000000081200000| Complete 
|  19|0x0000000081300000, 0x0000000081400000, 0x0000000081400000|100%| O|  |TAMS 0x0000000081400000, 0x0000000081300000| Untracked 
|  20|0x0000000081400000, 0x0000000081500000, 0x0000000081500000|100%| O|  |TAMS 0x0000000081500000, 0x0000000081400000| Untracked 
|  21|0x0000000081500000, 0x0000000081600000, 0x0000000081600000|100%| O|  |TAMS 0x0000000081600000, 0x0000000081500000| Untracked 
|  22|0x0000000081600000, 0x0000000081700000, 0x0000000081700000|100%| O|  |TAMS 0x0000000081700000, 0x0000000081600000| Untracked 
|  23|0x0000000081700000, 0x0000000081800000, 0x0000000081800000|100%|HS|  |TAMS 0x0000000081800000, 0x0000000081700000| Complete 
|  24|0x0000000081800000, 0x0000000081900000, 0x0000000081900000|100%|HS|  |TAMS 0x0000000081900000, 0x0000000081800000| Complete 
|  25|0x0000000081900000, 0x0000000081a00000, 0x0000000081a00000|100%|HC|  |TAMS 0x0000000081a00000, 0x0000000081900000| Complete 
|  26|0x0000000081a00000, 0x0000000081b00000, 0x0000000081b00000|100%| O|  |TAMS 0x0000000081b00000, 0x0000000081a00000| Untracked 
|  27|0x0000000081b00000, 0x0000000081c00000, 0x0000000081c00000|100%| O|  |TAMS 0x0000000081c00000, 0x0000000081b00000| Untracked 
|  28|0x0000000081c00000, 0x0000000081d00000, 0x0000000081d00000|100%| O|  |TAMS 0x0000000081d00000, 0x0000000081c00000| Untracked 
|  29|0x0000000081d00000, 0x0000000081e00000, 0x0000000081e00000|100%| O|  |TAMS 0x0000000081e00000, 0x0000000081d00000| Untracked 
|  30|0x0000000081e00000, 0x0000000081f00000, 0x0000000081f00000|100%| O|  |TAMS 0x0000000081f00000, 0x0000000081e00000| Untracked 
|  31|0x0000000081f00000, 0x0000000082000000, 0x0000000082000000|100%| O|  |TAMS 0x0000000082000000, 0x0000000081f00000| Untracked 
|  32|0x0000000082000000, 0x0000000082100000, 0x0000000082100000|100%| O|  |TAMS 0x0000000082100000, 0x0000000082000000| Untracked 
|  33|0x0000000082100000, 0x0000000082200000, 0x0000000082200000|100%| O|  |TAMS 0x0000000082200000, 0x0000000082100000| Untracked 
|  34|0x0000000082200000, 0x0000000082300000, 0x0000000082300000|100%| O|  |TAMS 0x0000000082300000, 0x0000000082200000| Untracked 
|  35|0x0000000082300000, 0x0000000082400000, 0x0000000082400000|100%| O|  |TAMS 0x0000000082400000, 0x0000000082300000| Untracked 
|  36|0x0000000082400000, 0x0000000082500000, 0x0000000082500000|100%| O|  |TAMS 0x0000000082500000, 0x0000000082400000| Untracked 
|  37|0x0000000082500000, 0x0000000082600000, 0x0000000082600000|100%| O|  |TAMS 0x0000000082600000, 0x0000000082500000| Untracked 
|  38|0x0000000082600000, 0x0000000082700000, 0x0000000082700000|100%| O|  |TAMS 0x0000000082700000, 0x0000000082600000| Untracked 
|  39|0x0000000082700000, 0x0000000082800000, 0x0000000082800000|100%| O|  |TAMS 0x0000000082800000, 0x0000000082700000| Untracked 
|  40|0x0000000082800000, 0x0000000082900000, 0x0000000082900000|100%| O|  |TAMS 0x000000008289b600, 0x0000000082800000| Untracked 
|  41|0x0000000082900000, 0x0000000082a00000, 0x0000000082a00000|100%| O|  |TAMS 0x0000000082900000, 0x0000000082900000| Untracked 
|  42|0x0000000082a00000, 0x0000000082b00000, 0x0000000082b00000|100%| O|  |TAMS 0x0000000082a00000, 0x0000000082a00000| Untracked 
|  43|0x0000000082b00000, 0x0000000082c00000, 0x0000000082c00000|100%| O|  |TAMS 0x0000000082b00000, 0x0000000082b00000| Untracked 
|  44|0x0000000082c00000, 0x0000000082d00000, 0x0000000082d00000|100%| O|  |TAMS 0x0000000082c00000, 0x0000000082c00000| Untracked 
|  45|0x0000000082d00000, 0x0000000082e00000, 0x0000000082e00000|100%| O|  |TAMS 0x0000000082d00000, 0x0000000082d00000| Untracked 
|  46|0x0000000082e00000, 0x0000000082f00000, 0x0000000082f00000|100%| O|  |TAMS 0x0000000082e00000, 0x0000000082e00000| Untracked 
|  47|0x0000000082f00000, 0x0000000083000000, 0x0000000083000000|100%| O|  |TAMS 0x0000000082f00000, 0x0000000082f00000| Untracked 
|  48|0x0000000083000000, 0x0000000083100000, 0x0000000083100000|100%| O|  |TAMS 0x0000000083000000, 0x0000000083000000| Untracked 
|  49|0x0000000083100000, 0x0000000083200000, 0x0000000083200000|100%| O|  |TAMS 0x0000000083100000, 0x0000000083100000| Untracked 
|  50|0x0000000083200000, 0x0000000083300000, 0x0000000083300000|100%|HS|  |TAMS 0x0000000083200000, 0x0000000083200000| Complete 
|  51|0x0000000083300000, 0x0000000083300000, 0x0000000083400000|  0%| F|  |TAMS 0x0000000083300000, 0x0000000083300000| Untracked 
|  52|0x0000000083400000, 0x0000000083500000, 0x0000000083500000|100%| O|  |TAMS 0x0000000083400000, 0x0000000083400000| Untracked 
|  53|0x0000000083500000, 0x0000000083600000, 0x0000000083600000|100%| O|  |TAMS 0x0000000083500000, 0x0000000083500000| Untracked 
|  54|0x0000000083600000, 0x0000000083700000, 0x0000000083700000|100%| O|  |TAMS 0x0000000083600000, 0x0000000083600000| Untracked 
|  55|0x0000000083700000, 0x0000000083800000, 0x0000000083800000|100%| O|  |TAMS 0x0000000083700000, 0x0000000083700000| Untracked 
|  56|0x0000000083800000, 0x0000000083900000, 0x0000000083900000|100%| O|  |TAMS 0x0000000083800000, 0x0000000083800000| Untracked 
|  57|0x0000000083900000, 0x0000000083a00000, 0x0000000083a00000|100%| O|  |TAMS 0x0000000083900000, 0x0000000083900000| Untracked 
|  58|0x0000000083a00000, 0x0000000083b00000, 0x0000000083b00000|100%| O|  |TAMS 0x0000000083a00000, 0x0000000083a00000| Untracked 
|  59|0x0000000083b00000, 0x0000000083c00000, 0x0000000083c00000|100%| O|  |TAMS 0x0000000083b00000, 0x0000000083b00000| Untracked 
|  60|0x0000000083c00000, 0x0000000083d00000, 0x0000000083d00000|100%| O|  |TAMS 0x0000000083c00000, 0x0000000083c00000| Untracked 
|  61|0x0000000083d00000, 0x0000000083e00000, 0x0000000083e00000|100%| O|  |TAMS 0x0000000083d00000, 0x0000000083d00000| Untracked 
|  62|0x0000000083e00000, 0x0000000083f00000, 0x0000000083f00000|100%| O|  |TAMS 0x0000000083e00000, 0x0000000083e00000| Untracked 
|  63|0x0000000083f00000, 0x0000000083f0ae00, 0x0000000084000000|  4%| O|  |TAMS 0x0000000083f00000, 0x0000000083f00000| Untracked 
|  64|0x0000000084000000, 0x0000000084100000, 0x0000000084100000|100%|HS|  |TAMS 0x0000000084000000, 0x0000000084000000| Complete 
|  65|0x0000000084100000, 0x0000000084200000, 0x0000000084200000|100%|HC|  |TAMS 0x0000000084100000, 0x0000000084100000| Complete 
|  66|0x0000000084200000, 0x0000000084300000, 0x0000000084300000|100%|HS|  |TAMS 0x0000000084200000, 0x0000000084200000| Complete 
|  67|0x0000000084300000, 0x0000000084400000, 0x0000000084400000|100%|HC|  |TAMS 0x0000000084300000, 0x0000000084300000| Complete 
|  68|0x0000000084400000, 0x0000000084500000, 0x0000000084500000|100%|HC|  |TAMS 0x0000000084400000, 0x0000000084400000| Complete 
|  69|0x0000000084500000, 0x0000000084600000, 0x0000000084600000|100%|HC|  |TAMS 0x0000000084500000, 0x0000000084500000| Complete 
|  70|0x0000000084600000, 0x0000000084700000, 0x0000000084700000|100%|HS|  |TAMS 0x0000000084600000, 0x0000000084600000| Complete 
|  71|0x0000000084700000, 0x0000000084800000, 0x0000000084800000|100%|HC|  |TAMS 0x0000000084700000, 0x0000000084700000| Complete 
|  72|0x0000000084800000, 0x0000000084900000, 0x0000000084900000|100%|HS|  |TAMS 0x0000000084800000, 0x0000000084800000| Complete 
|  73|0x0000000084900000, 0x0000000084a00000, 0x0000000084a00000|100%|HC|  |TAMS 0x0000000084900000, 0x0000000084900000| Complete 
|  74|0x0000000084a00000, 0x0000000084b00000, 0x0000000084b00000|100%|HC|  |TAMS 0x0000000084a00000, 0x0000000084a00000| Complete 
|  75|0x0000000084b00000, 0x0000000084c00000, 0x0000000084c00000|100%|HS|  |TAMS 0x0000000084b00000, 0x0000000084b00000| Complete 
|  76|0x0000000084c00000, 0x0000000084d00000, 0x0000000084d00000|100%|HC|  |TAMS 0x0000000084c00000, 0x0000000084c00000| Complete 
|  77|0x0000000084d00000, 0x0000000084e00000, 0x0000000084e00000|100%|HC|  |TAMS 0x0000000084d00000, 0x0000000084d00000| Complete 
|  78|0x0000000084e00000, 0x0000000084e00000, 0x0000000084f00000|  0%| F|  |TAMS 0x0000000084e00000, 0x0000000084e00000| Untracked 
|  79|0x0000000084f00000, 0x0000000084f00000, 0x0000000085000000|  0%| F|  |TAMS 0x0000000084f00000, 0x0000000084f00000| Untracked 
|  80|0x0000000085000000, 0x0000000085000000, 0x0000000085100000|  0%| F|  |TAMS 0x0000000085000000, 0x0000000085000000| Untracked 
|  81|0x0000000085100000, 0x0000000085100000, 0x0000000085200000|  0%| F|  |TAMS 0x0000000085100000, 0x0000000085100000| Untracked 
|  82|0x0000000085200000, 0x0000000085200000, 0x0000000085300000|  0%| F|  |TAMS 0x0000000085200000, 0x0000000085200000| Untracked 
|  83|0x0000000085300000, 0x0000000085300000, 0x0000000085400000|  0%| F|  |TAMS 0x0000000085300000, 0x0000000085300000| Untracked 
|  84|0x0000000085400000, 0x0000000085400000, 0x0000000085500000|  0%| F|  |TAMS 0x0000000085400000, 0x0000000085400000| Untracked 
|  85|0x0000000085500000, 0x0000000085500000, 0x0000000085600000|  0%| F|  |TAMS 0x0000000085500000, 0x0000000085500000| Untracked 
|  86|0x0000000085600000, 0x0000000085700000, 0x0000000085700000|100%| S|CS|TAMS 0x0000000085600000, 0x0000000085600000| Complete 
|  87|0x0000000085700000, 0x0000000085800000, 0x0000000085800000|100%| S|CS|TAMS 0x0000000085700000, 0x0000000085700000| Complete 
|  88|0x0000000085800000, 0x0000000085900000, 0x0000000085900000|100%| S|CS|TAMS 0x0000000085800000, 0x0000000085800000| Complete 
|  89|0x0000000085900000, 0x0000000085a00000, 0x0000000085a00000|100%| S|CS|TAMS 0x0000000085900000, 0x0000000085900000| Complete 
|  90|0x0000000085a00000, 0x0000000085b00000, 0x0000000085b00000|100%| S|CS|TAMS 0x0000000085a00000, 0x0000000085a00000| Complete 
|  91|0x0000000085b00000, 0x0000000085c00000, 0x0000000085c00000|100%| S|CS|TAMS 0x0000000085b00000, 0x0000000085b00000| Complete 
|  92|0x0000000085c00000, 0x0000000085c00000, 0x0000000085d00000|  0%| F|  |TAMS 0x0000000085c00000, 0x0000000085c00000| Untracked 
|  93|0x0000000085d00000, 0x0000000085d00000, 0x0000000085e00000|  0%| F|  |TAMS 0x0000000085d00000, 0x0000000085d00000| Untracked 
|  94|0x0000000085e00000, 0x0000000085f00000, 0x0000000085f00000|100%| S|CS|TAMS 0x0000000085e00000, 0x0000000085e00000| Complete 
|  95|0x0000000085f00000, 0x0000000086000000, 0x0000000086000000|100%| S|CS|TAMS 0x0000000085f00000, 0x0000000085f00000| Complete 
|  96|0x0000000086000000, 0x0000000086100000, 0x0000000086100000|100%| S|CS|TAMS 0x0000000086000000, 0x0000000086000000| Complete 
|  97|0x0000000086100000, 0x0000000086200000, 0x0000000086200000|100%| S|CS|TAMS 0x0000000086100000, 0x0000000086100000| Complete 
|  98|0x0000000086200000, 0x0000000086300000, 0x0000000086300000|100%| S|CS|TAMS 0x0000000086200000, 0x0000000086200000| Complete 
|  99|0x0000000086300000, 0x0000000086300000, 0x0000000086400000|  0%| F|  |TAMS 0x0000000086300000, 0x0000000086300000| Untracked 
| 100|0x0000000086400000, 0x0000000086400000, 0x0000000086500000|  0%| F|  |TAMS 0x0000000086400000, 0x0000000086400000| Untracked 
| 101|0x0000000086500000, 0x0000000086500000, 0x0000000086600000|  0%| F|  |TAMS 0x0000000086500000, 0x0000000086500000| Untracked 
| 102|0x0000000086600000, 0x0000000086600000, 0x0000000086700000|  0%| F|  |TAMS 0x0000000086600000, 0x0000000086600000| Untracked 
| 103|0x0000000086700000, 0x0000000086700000, 0x0000000086800000|  0%| F|  |TAMS 0x0000000086700000, 0x0000000086700000| Untracked 
| 104|0x0000000086800000, 0x0000000086800000, 0x0000000086900000|  0%| F|  |TAMS 0x0000000086800000, 0x0000000086800000| Untracked 
| 105|0x0000000086900000, 0x0000000086900000, 0x0000000086a00000|  0%| F|  |TAMS 0x0000000086900000, 0x0000000086900000| Untracked 
| 106|0x0000000086a00000, 0x0000000086a00000, 0x0000000086b00000|  0%| F|  |TAMS 0x0000000086a00000, 0x0000000086a00000| Untracked 
| 107|0x0000000086b00000, 0x0000000086b00000, 0x0000000086c00000|  0%| F|  |TAMS 0x0000000086b00000, 0x0000000086b00000| Untracked 
| 108|0x0000000086c00000, 0x0000000086c00000, 0x0000000086d00000|  0%| F|  |TAMS 0x0000000086c00000, 0x0000000086c00000| Untracked 
| 109|0x0000000086d00000, 0x0000000086d00000, 0x0000000086e00000|  0%| F|  |TAMS 0x0000000086d00000, 0x0000000086d00000| Untracked 
| 110|0x0000000086e00000, 0x0000000086e00000, 0x0000000086f00000|  0%| F|  |TAMS 0x0000000086e00000, 0x0000000086e00000| Untracked 
| 111|0x0000000086f00000, 0x0000000086f00000, 0x0000000087000000|  0%| F|  |TAMS 0x0000000086f00000, 0x0000000086f00000| Untracked 
| 112|0x0000000087000000, 0x0000000087000000, 0x0000000087100000|  0%| F|  |TAMS 0x0000000087000000, 0x0000000087000000| Untracked 
| 113|0x0000000087100000, 0x0000000087100000, 0x0000000087200000|  0%| F|  |TAMS 0x0000000087100000, 0x0000000087100000| Untracked 
| 114|0x0000000087200000, 0x0000000087200000, 0x0000000087300000|  0%| F|  |TAMS 0x0000000087200000, 0x0000000087200000| Untracked 
| 115|0x0000000087300000, 0x0000000087300000, 0x0000000087400000|  0%| F|  |TAMS 0x0000000087300000, 0x0000000087300000| Untracked 
| 116|0x0000000087400000, 0x0000000087400000, 0x0000000087500000|  0%| F|  |TAMS 0x0000000087400000, 0x0000000087400000| Untracked 
| 117|0x0000000087500000, 0x0000000087500000, 0x0000000087600000|  0%| F|  |TAMS 0x0000000087500000, 0x0000000087500000| Untracked 
| 118|0x0000000087600000, 0x0000000087600000, 0x0000000087700000|  0%| F|  |TAMS 0x0000000087600000, 0x0000000087600000| Untracked 
| 119|0x0000000087700000, 0x0000000087700000, 0x0000000087800000|  0%| F|  |TAMS 0x0000000087700000, 0x0000000087700000| Untracked 
| 120|0x0000000087800000, 0x0000000087800000, 0x0000000087900000|  0%| F|  |TAMS 0x0000000087800000, 0x0000000087800000| Untracked 
| 121|0x0000000087900000, 0x0000000087900000, 0x0000000087a00000|  0%| F|  |TAMS 0x0000000087900000, 0x0000000087900000| Untracked 
| 122|0x0000000087a00000, 0x0000000087aea910, 0x0000000087b00000| 91%| E|  |TAMS 0x0000000087a00000, 0x0000000087a00000| Complete 
| 123|0x0000000087b00000, 0x0000000087c00000, 0x0000000087c00000|100%| E|CS|TAMS 0x0000000087b00000, 0x0000000087b00000| Complete 
| 124|0x0000000087c00000, 0x0000000087d00000, 0x0000000087d00000|100%| E|CS|TAMS 0x0000000087c00000, 0x0000000087c00000| Complete 
| 125|0x0000000087d00000, 0x0000000087e00000, 0x0000000087e00000|100%| E|CS|TAMS 0x0000000087d00000, 0x0000000087d00000| Complete 
| 126|0x0000000087e00000, 0x0000000087f00000, 0x0000000087f00000|100%| E|CS|TAMS 0x0000000087e00000, 0x0000000087e00000| Complete 
| 127|0x0000000087f00000, 0x0000000088000000, 0x0000000088000000|100%| E|CS|TAMS 0x0000000087f00000, 0x0000000087f00000| Complete 
| 128|0x0000000088000000, 0x0000000088100000, 0x0000000088100000|100%| E|CS|TAMS 0x0000000088000000, 0x0000000088000000| Complete 
| 129|0x0000000088100000, 0x0000000088200000, 0x0000000088200000|100%| E|CS|TAMS 0x0000000088100000, 0x0000000088100000| Complete 
| 130|0x0000000088200000, 0x0000000088300000, 0x0000000088300000|100%| E|CS|TAMS 0x0000000088200000, 0x0000000088200000| Complete 
| 131|0x0000000088300000, 0x0000000088400000, 0x0000000088400000|100%| E|CS|TAMS 0x0000000088300000, 0x0000000088300000| Complete 
| 132|0x0000000088400000, 0x0000000088500000, 0x0000000088500000|100%| E|CS|TAMS 0x0000000088400000, 0x0000000088400000| Complete 
| 133|0x0000000088500000, 0x0000000088600000, 0x0000000088600000|100%| E|CS|TAMS 0x0000000088500000, 0x0000000088500000| Complete 
| 134|0x0000000088600000, 0x0000000088700000, 0x0000000088700000|100%| E|  |TAMS 0x0000000088600000, 0x0000000088600000| Complete 
| 135|0x0000000088700000, 0x0000000088800000, 0x0000000088800000|100%| E|CS|TAMS 0x0000000088700000, 0x0000000088700000| Complete 
| 136|0x0000000088800000, 0x0000000088900000, 0x0000000088900000|100%| E|CS|TAMS 0x0000000088800000, 0x0000000088800000| Complete 
| 137|0x0000000088900000, 0x0000000088a00000, 0x0000000088a00000|100%| E|CS|TAMS 0x0000000088900000, 0x0000000088900000| Complete 
| 138|0x0000000088a00000, 0x0000000088b00000, 0x0000000088b00000|100%| E|CS|TAMS 0x0000000088a00000, 0x0000000088a00000| Complete 
| 139|0x0000000088b00000, 0x0000000088c00000, 0x0000000088c00000|100%| E|CS|TAMS 0x0000000088b00000, 0x0000000088b00000| Complete 
| 140|0x0000000088c00000, 0x0000000088d00000, 0x0000000088d00000|100%| E|CS|TAMS 0x0000000088c00000, 0x0000000088c00000| Complete 
| 141|0x0000000088d00000, 0x0000000088e00000, 0x0000000088e00000|100%| E|CS|TAMS 0x0000000088d00000, 0x0000000088d00000| Complete 
| 142|0x0000000088e00000, 0x0000000088f00000, 0x0000000088f00000|100%| E|CS|TAMS 0x0000000088e00000, 0x0000000088e00000| Complete 
| 143|0x0000000088f00000, 0x0000000089000000, 0x0000000089000000|100%| E|CS|TAMS 0x0000000088f00000, 0x0000000088f00000| Complete 
| 144|0x0000000089000000, 0x0000000089100000, 0x0000000089100000|100%| E|CS|TAMS 0x0000000089000000, 0x0000000089000000| Complete 
| 145|0x0000000089100000, 0x0000000089200000, 0x0000000089200000|100%| E|CS|TAMS 0x0000000089100000, 0x0000000089100000| Complete 
| 146|0x0000000089200000, 0x0000000089300000, 0x0000000089300000|100%| E|CS|TAMS 0x0000000089200000, 0x0000000089200000| Complete 
| 147|0x0000000089300000, 0x0000000089400000, 0x0000000089400000|100%| E|CS|TAMS 0x0000000089300000, 0x0000000089300000| Complete 
| 148|0x0000000089400000, 0x0000000089500000, 0x0000000089500000|100%| E|CS|TAMS 0x0000000089400000, 0x0000000089400000| Complete 
| 149|0x0000000089500000, 0x0000000089600000, 0x0000000089600000|100%| E|CS|TAMS 0x0000000089500000, 0x0000000089500000| Complete 
| 150|0x0000000089600000, 0x0000000089700000, 0x0000000089700000|100%| E|CS|TAMS 0x0000000089600000, 0x0000000089600000| Complete 
| 151|0x0000000089700000, 0x0000000089800000, 0x0000000089800000|100%| E|CS|TAMS 0x0000000089700000, 0x0000000089700000| Complete 
| 152|0x0000000089800000, 0x0000000089900000, 0x0000000089900000|100%| E|CS|TAMS 0x0000000089800000, 0x0000000089800000| Complete 
| 153|0x0000000089900000, 0x0000000089a00000, 0x0000000089a00000|100%| E|CS|TAMS 0x0000000089900000, 0x0000000089900000| Complete 
| 154|0x0000000089a00000, 0x0000000089b00000, 0x0000000089b00000|100%| E|CS|TAMS 0x0000000089a00000, 0x0000000089a00000| Complete 
| 155|0x0000000089b00000, 0x0000000089c00000, 0x0000000089c00000|100%| E|CS|TAMS 0x0000000089b00000, 0x0000000089b00000| Complete 
| 156|0x0000000089c00000, 0x0000000089d00000, 0x0000000089d00000|100%| E|CS|TAMS 0x0000000089c00000, 0x0000000089c00000| Complete 
| 157|0x0000000089d00000, 0x0000000089e00000, 0x0000000089e00000|100%| E|CS|TAMS 0x0000000089d00000, 0x0000000089d00000| Complete 
| 158|0x0000000089e00000, 0x0000000089f00000, 0x0000000089f00000|100%| E|CS|TAMS 0x0000000089e00000, 0x0000000089e00000| Complete 
| 159|0x0000000089f00000, 0x000000008a000000, 0x000000008a000000|100%| E|CS|TAMS 0x0000000089f00000, 0x0000000089f00000| Complete 
| 160|0x000000008a000000, 0x000000008a100000, 0x000000008a100000|100%| E|CS|TAMS 0x000000008a000000, 0x000000008a000000| Complete 
| 161|0x000000008a100000, 0x000000008a200000, 0x000000008a200000|100%| E|CS|TAMS 0x000000008a100000, 0x000000008a100000| Complete 
| 162|0x000000008a200000, 0x000000008a300000, 0x000000008a300000|100%| E|CS|TAMS 0x000000008a200000, 0x000000008a200000| Complete 
| 163|0x000000008a300000, 0x000000008a400000, 0x000000008a400000|100%| E|CS|TAMS 0x000000008a300000, 0x000000008a300000| Complete 
| 164|0x000000008a400000, 0x000000008a500000, 0x000000008a500000|100%| E|CS|TAMS 0x000000008a400000, 0x000000008a400000| Complete 
| 165|0x000000008a500000, 0x000000008a600000, 0x000000008a600000|100%| E|CS|TAMS 0x000000008a500000, 0x000000008a500000| Complete 
| 166|0x000000008a600000, 0x000000008a700000, 0x000000008a700000|100%| E|CS|TAMS 0x000000008a600000, 0x000000008a600000| Complete 
| 167|0x000000008a700000, 0x000000008a800000, 0x000000008a800000|100%| E|CS|TAMS 0x000000008a700000, 0x000000008a700000| Complete 
| 168|0x000000008a800000, 0x000000008a900000, 0x000000008a900000|100%| E|CS|TAMS 0x000000008a800000, 0x000000008a800000| Complete 
| 169|0x000000008a900000, 0x000000008aa00000, 0x000000008aa00000|100%| E|CS|TAMS 0x000000008a900000, 0x000000008a900000| Complete 
| 170|0x000000008aa00000, 0x000000008ab00000, 0x000000008ab00000|100%| E|CS|TAMS 0x000000008aa00000, 0x000000008aa00000| Complete 
| 171|0x000000008ab00000, 0x000000008ac00000, 0x000000008ac00000|100%| E|CS|TAMS 0x000000008ab00000, 0x000000008ab00000| Complete 
| 172|0x000000008ac00000, 0x000000008ad00000, 0x000000008ad00000|100%| E|CS|TAMS 0x000000008ac00000, 0x000000008ac00000| Complete 
| 173|0x000000008ad00000, 0x000000008ae00000, 0x000000008ae00000|100%| E|CS|TAMS 0x000000008ad00000, 0x000000008ad00000| Complete 
| 174|0x000000008ae00000, 0x000000008af00000, 0x000000008af00000|100%| E|CS|TAMS 0x000000008ae00000, 0x000000008ae00000| Complete 
| 175|0x000000008af00000, 0x000000008b000000, 0x000000008b000000|100%| E|CS|TAMS 0x000000008af00000, 0x000000008af00000| Complete 
| 176|0x000000008b000000, 0x000000008b100000, 0x000000008b100000|100%| E|CS|TAMS 0x000000008b000000, 0x000000008b000000| Complete 
| 177|0x000000008b100000, 0x000000008b200000, 0x000000008b200000|100%| E|CS|TAMS 0x000000008b100000, 0x000000008b100000| Complete 
| 178|0x000000008b200000, 0x000000008b300000, 0x000000008b300000|100%| E|CS|TAMS 0x000000008b200000, 0x000000008b200000| Complete 

Card table byte_map: [0x000001f297dc0000,0x000001f2981c0000] _byte_map_base: 0x000001f2979c0000

Marking Bits (Prev, Next): (CMBitMap*) 0x000001f2844926e8, (CMBitMap*) 0x000001f284492720
 Prev Bits: [0x000001f2985c0000, 0x000001f29a5c0000)
 Next Bits: [0x000001f29a5c0000, 0x000001f29c5c0000)

Polling page: 0x000001f282e00000

Metaspace:

Usage:
  Non-class:     71.94 MB capacity,    70.63 MB ( 98%) used,     1.07 MB (  1%) free+waste,   236.88 KB ( <1%) overhead. 
      Class:     11.25 MB capacity,    10.49 MB ( 93%) used,   671.20 KB (  6%) free+waste,   108.06 KB ( <1%) overhead. 
       Both:     83.19 MB capacity,    81.12 MB ( 98%) used,     1.73 MB (  2%) free+waste,   344.94 KB ( <1%) overhead. 

Virtual space:
  Non-class space:       74.00 MB reserved,      72.18 MB ( 98%) committed 
      Class space:        1.00 GB reserved,      11.32 MB (  1%) committed 
             Both:        1.07 GB reserved,      83.50 MB (  8%) committed 

Chunk freelists:
   Non-Class:  53.00 KB
       Class:  0 bytes
        Both:  53.00 KB

MaxMetaspaceSize: 17179869184.00 GB
CompressedClassSpaceSize: 1.00 GB

CodeHeap 'non-profiled nmethods': size=120000Kb used=6417Kb max_used=6417Kb free=113582Kb
 bounds [0x000001f28fa20000, 0x000001f290070000, 0x000001f296f50000]
CodeHeap 'profiled nmethods': size=120000Kb used=20677Kb max_used=20677Kb free=99322Kb
 bounds [0x000001f2884f0000, 0x000001f289930000, 0x000001f28fa20000]
CodeHeap 'non-nmethods': size=5760Kb used=2291Kb max_used=2383Kb free=3468Kb
 bounds [0x000001f287f50000, 0x000001f2881c0000, 0x000001f2884f0000]
 total_blobs=10544 nmethods=9664 adapters=791
 compilation: enabled
              stopped_count=0, restarted_count=0
 full_count=0

Compilation events (20 events):
Event: 9.990 Thread 0x000001f29f0c2000 nmethod 9697 0x000001f289913290 code [0x000001f289913440, 0x000001f289913598]
Event: 9.991 Thread 0x000001f29f0c2000 9698       3       org.gradle.internal.execution.workspace.impl.DefaultImmutableWorkspaceProvider$$Lambda$900/0x0000000100ac8440::<init> (20 bytes)
Event: 9.991 Thread 0x000001f29f0c2000 nmethod 9698 0x000001f289913690 code [0x000001f289913840, 0x000001f289913ab8]
Event: 9.994 Thread 0x000001f2a1ec1000 nmethod 9673 0x000001f290061890 code [0x000001f290061a60, 0x000001f290061ec8]
Event: 9.994 Thread 0x000001f2a1ec1000 9674       4       org.gradle.internal.execution.history.impl.FingerprintMapSerializer::readContentHash (63 bytes)
Event: 9.995 Thread 0x000001f29f0c2000 9699       3       org.gradle.internal.execution.steps.ResolveChangesStep$1::getWorkspace (10 bytes)
Event: 9.995 Thread 0x000001f29f0c2000 nmethod 9699 0x000001f289913b90 code [0x000001f289913d40, 0x000001f289913f08]
Event: 9.995 Thread 0x000001f29f0c2000 9700       3       org.gradle.internal.execution.steps.CaptureStateBeforeExecutionStep$1::getWorkspace (10 bytes)
Event: 9.996 Thread 0x000001f29f0c2000 nmethod 9700 0x000001f289914010 code [0x000001f2899141c0, 0x000001f289914388]
Event: 9.996 Thread 0x000001f29f0c2000 9701   !   3       sun.nio.fs.WindowsFileSystemProvider::newByteChannel (71 bytes)
Event: 9.996 Thread 0x000001f29f0c2000 nmethod 9701 0x000001f289914490 code [0x000001f289914720, 0x000001f289915168]
Event: 9.996 Thread 0x000001f29f0c2000 9702       3       org.gradle.api.internal.artifacts.transform.DefaultTransformerInvocationFactory$1$$Lambda$897/0x0000000100ac7440::get (12 bytes)
Event: 9.997 Thread 0x000001f29f0c2000 nmethod 9702 0x000001f289915690 code [0x000001f2899158c0, 0x000001f2899160f8]
Event: 9.997 Thread 0x000001f29f0c2000 9703       3       org.gradle.api.internal.artifacts.transform.DefaultTransformerInvocationFactory$1::lambda$processDeferredOutput$0 (14 bytes)
Event: 9.997 Thread 0x000001f29f0c2000 nmethod 9703 0x000001f289916410 code [0x000001f289916640, 0x000001f289916e18]
Event: 9.997 Thread 0x000001f29f0c2000 9704       3       org.gradle.internal.execution.steps.IdentityCacheStep$$Lambda$871/0x0000000100ac0440::get (24 bytes)
Event: 9.997 Thread 0x000001f29f0c2000 nmethod 9704 0x000001f289917090 code [0x000001f2899172c0, 0x000001f289917b28]
Event: 9.998 Thread 0x000001f29f0c2000 9705       3       org.gradle.internal.execution.steps.IdentityCacheStep::lambda$executeDeferred$1 (20 bytes)
Event: 9.998 Thread 0x000001f29f0c2000 nmethod 9705 0x000001f289917e10 code [0x000001f289918020, 0x000001f289918808]
Event: 9.998 Thread 0x000001f29f0c2000 9708       3       org.gradle.cache.internal.DefaultCrossBuildInMemoryCacheFactory$CrossBuildCacheRetainingDataFromPreviousBuild::get (18 bytes)

GC Heap History (20 events):
Event: 2.648 GC heap before
{Heap before GC invocations=5 (full 0):
 garbage-first heap   total 126976K, used 73504K [0x0000000080000000, 0x0000000100000000)
  region size 1024K, 57 young (58368K), 3 survivors (3072K)
 Metaspace       used 34209K, capacity 34979K, committed 35200K, reserved 1079296K
  class space    used 4458K, capacity 4730K, committed 4736K, reserved 1048576K
}
Event: 2.653 GC heap after
{Heap after GC invocations=6 (full 0):
 garbage-first heap   total 126976K, used 21529K [0x0000000080000000, 0x0000000100000000)
  region size 1024K, 6 young (6144K), 6 survivors (6144K)
 Metaspace       used 34209K, capacity 34979K, committed 35200K, reserved 1079296K
  class space    used 4458K, capacity 4730K, committed 4736K, reserved 1048576K
}
Event: 2.720 GC heap before
{Heap before GC invocations=6 (full 0):
 garbage-first heap   total 126976K, used 23577K [0x0000000080000000, 0x0000000100000000)
  region size 1024K, 10 young (10240K), 6 survivors (6144K)
 Metaspace       used 35041K, capacity 35830K, committed 35840K, reserved 1081344K
  class space    used 4547K, capacity 4864K, committed 4864K, reserved 1048576K
}
Event: 2.728 GC heap after
{Heap after GC invocations=7 (full 0):
 garbage-first heap   total 152576K, used 22000K [0x0000000080000000, 0x0000000100000000)
  region size 1024K, 4 young (4096K), 4 survivors (4096K)
 Metaspace       used 35041K, capacity 35830K, committed 35840K, reserved 1081344K
  class space    used 4547K, capacity 4864K, committed 4864K, reserved 1048576K
}
Event: 3.442 GC heap before
{Heap before GC invocations=8 (full 0):
 garbage-first heap   total 152576K, used 85488K [0x0000000080000000, 0x0000000100000000)
  region size 1024K, 64 young (65536K), 4 survivors (4096K)
 Metaspace       used 39396K, capacity 40299K, committed 40524K, reserved 1085440K
  class space    used 5041K, capacity 5389K, committed 5452K, reserved 1048576K
}
Event: 3.448 GC heap after
{Heap after GC invocations=9 (full 0):
 garbage-first heap   total 152576K, used 27091K [0x0000000080000000, 0x0000000100000000)
  region size 1024K, 8 young (8192K), 8 survivors (8192K)
 Metaspace       used 39396K, capacity 40299K, committed 40524K, reserved 1085440K
  class space    used 5041K, capacity 5389K, committed 5452K, reserved 1048576K
}
Event: 4.148 GC heap before
{Heap before GC invocations=9 (full 0):
 garbage-first heap   total 152576K, used 90579K [0x0000000080000000, 0x0000000100000000)
  region size 1024K, 70 young (71680K), 8 survivors (8192K)
 Metaspace       used 45106K, capacity 46238K, committed 46412K, reserved 1089536K
  class space    used 5808K, capacity 6192K, committed 6220K, reserved 1048576K
}
Event: 4.153 GC heap after
{Heap after GC invocations=10 (full 0):
 garbage-first heap   total 152576K, used 29320K [0x0000000080000000, 0x0000000100000000)
  region size 1024K, 7 young (7168K), 7 survivors (7168K)
 Metaspace       used 45106K, capacity 46238K, committed 46412K, reserved 1089536K
  class space    used 5808K, capacity 6192K, committed 6220K, reserved 1048576K
}
Event: 4.749 GC heap before
{Heap before GC invocations=10 (full 0):
 garbage-first heap   total 152576K, used 99976K [0x0000000080000000, 0x0000000100000000)
  region size 1024K, 72 young (73728K), 7 survivors (7168K)
 Metaspace       used 49307K, capacity 50706K, committed 50892K, reserved 1093632K
  class space    used 6318K, capacity 6790K, committed 6860K, reserved 1048576K
}
Event: 4.757 GC heap after
{Heap after GC invocations=11 (full 0):
 garbage-first heap   total 152576K, used 41572K [0x0000000080000000, 0x0000000100000000)
  region size 1024K, 9 young (9216K), 9 survivors (9216K)
 Metaspace       used 49307K, capacity 50706K, committed 50892K, reserved 1093632K
  class space    used 6318K, capacity 6790K, committed 6860K, reserved 1048576K
}
Event: 5.344 GC heap before
{Heap before GC invocations=11 (full 0):
 garbage-first heap   total 152576K, used 99940K [0x0000000080000000, 0x0000000100000000)
  region size 1024K, 67 young (68608K), 9 survivors (9216K)
 Metaspace       used 58550K, capacity 60121K, committed 60288K, reserved 1101824K
  class space    used 7454K, capacity 8028K, committed 8140K, reserved 1048576K
}
Event: 5.356 GC heap after
{Heap after GC invocations=12 (full 0):
 garbage-first heap   total 183296K, used 44959K [0x0000000080000000, 0x0000000100000000)
  region size 1024K, 4 young (4096K), 4 survivors (4096K)
 Metaspace       used 58550K, capacity 60121K, committed 60288K, reserved 1101824K
  class space    used 7454K, capacity 8028K, committed 8140K, reserved 1048576K
}
Event: 5.886 GC heap before
{Heap before GC invocations=13 (full 0):
 garbage-first heap   total 183296K, used 117663K [0x0000000080000000, 0x0000000100000000)
  region size 1024K, 75 young (76800K), 4 survivors (4096K)
 Metaspace       used 63238K, capacity 64870K, committed 65024K, reserved 1105920K
  class space    used 8076K, capacity 8700K, committed 8780K, reserved 1048576K
}
Event: 5.894 GC heap after
{Heap after GC invocations=14 (full 0):
 garbage-first heap   total 183296K, used 50755K [0x0000000080000000, 0x0000000100000000)
  region size 1024K, 9 young (9216K), 9 survivors (9216K)
 Metaspace       used 63238K, capacity 64870K, committed 65024K, reserved 1105920K
  class space    used 8076K, capacity 8700K, committed 8780K, reserved 1048576K
}
Event: 6.832 GC heap before
{Heap before GC invocations=15 (full 0):
 garbage-first heap   total 183296K, used 123459K [0x0000000080000000, 0x0000000100000000)
  region size 1024K, 80 young (81920K), 9 survivors (9216K)
 Metaspace       used 71455K, capacity 73181K, committed 73472K, reserved 1112064K
  class space    used 9365K, capacity 9989K, committed 10060K, reserved 1048576K
}
Event: 6.838 GC heap after
{Heap after GC invocations=16 (full 0):
 garbage-first heap   total 183296K, used 55041K [0x0000000080000000, 0x0000000100000000)
  region size 1024K, 5 young (5120K), 5 survivors (5120K)
 Metaspace       used 71455K, capacity 73181K, committed 73472K, reserved 1112064K
  class space    used 9365K, capacity 9989K, committed 10060K, reserved 1048576K
}
Event: 8.180 GC heap before
{Heap before GC invocations=16 (full 0):
 garbage-first heap   total 183296K, used 128769K [0x0000000080000000, 0x0000000100000000)
  region size 1024K, 77 young (78848K), 5 survivors (5120K)
 Metaspace       used 78139K, capacity 80278K, committed 80384K, reserved 1118208K
  class space    used 10291K, capacity 11077K, committed 11084K, reserved 1048576K
}
Event: 8.187 GC heap after
{Heap after GC invocations=17 (full 0):
 garbage-first heap   total 183296K, used 60017K [0x0000000080000000, 0x0000000100000000)
  region size 1024K, 10 young (10240K), 10 survivors (10240K)
 Metaspace       used 78139K, capacity 80278K, committed 80384K, reserved 1118208K
  class space    used 10291K, capacity 11077K, committed 11084K, reserved 1048576K
}
Event: 8.985 GC heap before
{Heap before GC invocations=17 (full 0):
 garbage-first heap   total 183296K, used 134769K [0x0000000080000000, 0x0000000100000000)
  region size 1024K, 82 young (83968K), 10 survivors (10240K)
 Metaspace       used 80453K, capacity 82602K, committed 82688K, reserved 1120256K
  class space    used 10499K, capacity 11288K, committed 11340K, reserved 1048576K
}
Event: 8.997 GC heap after
{Heap after GC invocations=18 (full 0):
 garbage-first heap   total 183296K, used 73771K [0x0000000080000000, 0x0000000100000000)
  region size 1024K, 11 young (11264K), 11 survivors (11264K)
 Metaspace       used 80453K, capacity 82602K, committed 82688K, reserved 1120256K
  class space    used 10499K, capacity 11288K, committed 11340K, reserved 1048576K
}

Deoptimization events (20 events):
Event: 9.657 Thread 0x000001f2a2622000 DEOPT PACKING pc=0x000001f290037944 sp=0x0000004bd5bfe290
Event: 9.657 Thread 0x000001f2a2622000 DEOPT UNPACKING pc=0x000001f287f583af sp=0x0000004bd5bfe210 mode 2
Event: 9.660 Thread 0x000001f2a4da8000 Uncommon trap: trap_request=0xffffffbe fr.pc=0x000001f290037944 relative=0x0000000000000564
Event: 9.660 Thread 0x000001f2a4da8000 Uncommon trap: reason=profile_predicate action=maybe_recompile pc=0x000001f290037944 method=com.esotericsoftware.kryo.io.Output.writeString(Ljava/lang/CharSequence;)V @ 67 c2
Event: 9.660 Thread 0x000001f2a4da8000 DEOPT PACKING pc=0x000001f290037944 sp=0x0000004bd67fe190
Event: 9.660 Thread 0x000001f2a4da8000 DEOPT UNPACKING pc=0x000001f287f583af sp=0x0000004bd67fe110 mode 2
Event: 9.661 Thread 0x000001f2a2623000 Uncommon trap: trap_request=0xffffffbe fr.pc=0x000001f290037944 relative=0x0000000000000564
Event: 9.661 Thread 0x000001f2a2623000 Uncommon trap: reason=profile_predicate action=maybe_recompile pc=0x000001f290037944 method=com.esotericsoftware.kryo.io.Output.writeString(Ljava/lang/CharSequence;)V @ 67 c2
Event: 9.661 Thread 0x000001f2a2623000 DEOPT PACKING pc=0x000001f290037944 sp=0x0000004bd5efe720
Event: 9.661 Thread 0x000001f2a2623000 DEOPT UNPACKING pc=0x000001f287f583af sp=0x0000004bd5efe6a0 mode 2
Event: 9.664 Thread 0x000001f2a2623000 Uncommon trap: trap_request=0xffffffbe fr.pc=0x000001f290037944 relative=0x0000000000000564
Event: 9.664 Thread 0x000001f2a2623000 Uncommon trap: reason=profile_predicate action=maybe_recompile pc=0x000001f290037944 method=com.esotericsoftware.kryo.io.Output.writeString(Ljava/lang/CharSequence;)V @ 67 c2
Event: 9.664 Thread 0x000001f2a2623000 DEOPT PACKING pc=0x000001f290037944 sp=0x0000004bd5efe720
Event: 9.664 Thread 0x000001f2a2623000 DEOPT UNPACKING pc=0x000001f287f583af sp=0x0000004bd5efe6a0 mode 2
Event: 9.915 Thread 0x000001f2a2ff4000 Uncommon trap: trap_request=0xffffff4d fr.pc=0x000001f29004434c relative=0x00000000000064ac
Event: 9.916 Thread 0x000001f2a2ff4000 Uncommon trap: reason=unstable_if action=reinterpret pc=0x000001f29004434c method=org.gradle.internal.fingerprint.classpath.impl.ClasspathFingerprintingStrategy$ClasspathFingerprintingVisitor$1.visitRegularFile(Lorg/gradle/internal/snapshot/RegularFileSna
Event: 9.916 Thread 0x000001f2a2ff4000 DEOPT PACKING pc=0x000001f29004434c sp=0x0000004bd82fc2e0
Event: 9.916 Thread 0x000001f2a2ff4000 DEOPT UNPACKING pc=0x000001f287f583af sp=0x0000004bd82fc1b0 mode 2
Event: 9.937 Thread 0x000001f2a2ff4000 DEOPT PACKING pc=0x000001f288e47571 sp=0x0000004bd82f8840
Event: 9.937 Thread 0x000001f2a2ff4000 DEOPT UNPACKING pc=0x000001f287f78ede sp=0x0000004bd82f7d38 mode 0

Classes redefined (0 events):
No events

Internal exceptions (20 events):
Event: 7.525 Thread 0x000001f2a2621000 Exception <a 'java/lang/NoSuchMethodError'{0x000000008836e070}: <clinit>> (0x000000008836e070) thrown at [./src/hotspot/share/prims/jni.cpp, line 1362]
Event: 7.527 Thread 0x000001f2a2621000 Exception <a 'java/lang/NoSuchMethodError'{0x00000000883a6f58}: <clinit>> (0x00000000883a6f58) thrown at [./src/hotspot/share/prims/jni.cpp, line 1362]
Event: 7.528 Thread 0x000001f2a2621000 Exception <a 'java/lang/NoSuchMethodError'{0x00000000883e6418}: <clinit>> (0x00000000883e6418) thrown at [./src/hotspot/share/prims/jni.cpp, line 1362]
Event: 7.529 Thread 0x000001f2a2621000 Exception <a 'java/lang/NoSuchMethodError'{0x00000000883e7930}: <clinit>> (0x00000000883e7930) thrown at [./src/hotspot/share/prims/jni.cpp, line 1362]
Event: 7.556 Thread 0x000001f2a2ff2800 Exception <a 'java/lang/NoSuchMethodError'{0x00000000881e9340}: <clinit>> (0x00000000881e9340) thrown at [./src/hotspot/share/prims/jni.cpp, line 1362]
Event: 7.559 Thread 0x000001f2a2ff2800 Exception <a 'java/lang/NoSuchMethodError'{0x00000000881fd740}: <clinit>> (0x00000000881fd740) thrown at [./src/hotspot/share/prims/jni.cpp, line 1362]
Event: 7.560 Thread 0x000001f2a2ff2800 Exception <a 'java/lang/NoSuchMethodError'{0x0000000088016ef0}: <clinit>> (0x0000000088016ef0) thrown at [./src/hotspot/share/prims/jni.cpp, line 1362]
Event: 7.609 Thread 0x000001f2a2621000 Exception <a 'java/lang/NoSuchMethodError'{0x0000000087e36690}: <clinit>> (0x0000000087e36690) thrown at [./src/hotspot/share/prims/jni.cpp, line 1362]
Event: 7.646 Thread 0x000001f2a2fef000 Exception <a 'java/lang/NoSuchMethodError'{0x0000000087d49eb0}: 'java.lang.Object java.lang.invoke.Invokers$Holder.linkToTargetMethod(java.lang.Object, java.lang.Object, java.lang.Object, int, java.lang.Object, java.lang.Object)'> (0x0000000087d49eb0) thrown at [./src/hotspot/share/interpreter/linkResolver.cpp, line 773]
Event: 7.661 Thread 0x000001f2a2fef000 Exception <a 'java/lang/IncompatibleClassChangeError'{0x0000000087da98e0}: Found class java.lang.Object, but interface was expected> (0x0000000087da98e0) thrown at [./src/hotspot/share/interpreter/linkResolver.cpp, line 839]
Event: 7.679 Thread 0x000001f2a2fef000 Exception <a 'java/lang/NoSuchMethodError'{0x0000000087b7a3f0}: 'int java.lang.invoke.DirectMethodHandle$Holder.invokeStaticInit(java.lang.Object, java.lang.Object, java.lang.Object, java.lang.Object, java.lang.Object)'> (0x0000000087b7a3f0) thrown at [./src/hotspot/share/interpreter/linkResolver.cpp, line 773]
Event: 8.130 Thread 0x000001f2a4db2800 Exception <a 'java/lang/NoSuchMethodError'{0x00000000870e95b8}: 'java.lang.Object java.lang.invoke.DirectMethodHandle$Holder.invokeSpecialIFC(java.lang.Object, java.lang.Object, java.lang.Object)'> (0x00000000870e95b8) thrown at [./src/hotspot/share/interpreter/linkResolver.cpp, line 773]
Event: 8.130 Thread 0x000001f2a4db1000 Exception <a 'java/lang/NoSuchMethodError'{0x00000000870fdb88}: 'java.lang.Object java.lang.invoke.DirectMethodHandle$Holder.invokeSpecialIFC(java.lang.Object, java.lang.Object, java.lang.Object)'> (0x00000000870fdb88) thrown at [./src/hotspot/share/interpreter/linkResolver.cpp, line 773]
Event: 8.130 Thread 0x000001f2a4db3000 Exception <a 'java/lang/NoSuchMethodError'{0x0000000086f1a418}: 'java.lang.Object java.lang.invoke.DirectMethodHandle$Holder.invokeSpecialIFC(java.lang.Object, java.lang.Object, java.lang.Object)'> (0x0000000086f1a418) thrown at [./src/hotspot/share/interpreter/linkResolver.cpp, line 773]
Event: 8.642 Thread 0x000001f2a2fef000 Exception <a 'java/lang/NoSuchMethodError'{0x0000000088ab2d68}: 'void java.lang.invoke.DirectMethodHandle$Holder.invokeVirtual(java.lang.Object, java.lang.Object)'> (0x0000000088ab2d68) thrown at [./src/hotspot/share/interpreter/linkResolver.cpp, line 773]
Event: 8.769 Thread 0x000001f2a2fef000 Implicit null exception at 0x000001f28fd39384 to 0x000001f28fd3957c
Event: 9.304 Thread 0x000001f2a2fef000 Exception <a 'java/lang/NoSuchMethodError'{0x000000008a51a4a0}: <clinit>> (0x000000008a51a4a0) thrown at [./src/hotspot/share/prims/jni.cpp, line 1362]
Event: 9.306 Thread 0x000001f2a2fef000 Exception <a 'java/lang/NoSuchMethodError'{0x000000008a542e20}: <clinit>> (0x000000008a542e20) thrown at [./src/hotspot/share/prims/jni.cpp, line 1362]
Event: 9.603 Thread 0x000001f2a2fef000 Exception <a 'java/lang/NoSuchMethodError'{0x0000000088c431c8}: 'void java.lang.invoke.DirectMethodHandle$Holder.invokeStatic(java.lang.Object, java.lang.Object, java.lang.Object, java.lang.Object, java.lang.Object, java.lang.Object, java.lang.Object)'> (0x0000000088c431c8) thrown at [./src/hotspot/share/interpreter/linkResolver.cpp, line 773]
Event: 9.921 Thread 0x000001f2a2ff4000 Exception <a 'java/lang/NoSuchMethodError'{0x000000008867d968}: 'int java.lang.invoke.DirectMethodHandle$Holder.invokeSpecial(java.lang.Object, java.lang.Object, java.lang.Object, java.lang.Object, java.lang.Object)'> (0x000000008867d968) thrown at [./src/hotspot/share/interpreter/linkResolver.cpp, line 773]

Events (20 events):
Event: 9.922 loading class org/gradle/internal/snapshot/FileSystemLocationSnapshot$FileSystemLocationSnapshotTransformer
Event: 9.922 loading class org/gradle/internal/snapshot/FileSystemLocationSnapshot$FileSystemLocationSnapshotTransformer done
Event: 9.923 loading class org/gradle/internal/snapshot/impl/FileSystemSnapshotFilter$FilteringVisitor$1
Event: 9.923 loading class org/gradle/internal/snapshot/impl/FileSystemSnapshotFilter$FilteringVisitor$1 done
Event: 9.923 loading class org/gradle/internal/fingerprint/impl/PatternSetSnapshottingFilter$LogicalFileTreeElement
Event: 9.923 loading class org/gradle/internal/fingerprint/impl/PatternSetSnapshottingFilter$LogicalFileTreeElement done
Event: 9.923 loading class org/gradle/api/tasks/util/internal/CachingPatternSpecFactory$CachingSpec$1
Event: 9.923 loading class org/gradle/api/tasks/util/internal/CachingPatternSpecFactory$CachingSpec$1 done
Event: 9.930 Executing VM operation: RevokeBias
Event: 9.931 Executing VM operation: RevokeBias done
Event: 9.931 Executing VM operation: RevokeBias
Event: 9.931 Executing VM operation: RevokeBias done
Event: 9.937 Executing VM operation: RevokeBias
Event: 9.937 Executing VM operation: RevokeBias done
Event: 9.943 loading class org/gradle/api/internal/artifacts/ivyservice/clientmodule/ClientModuleResolver$ClientModuleComponentResolveMetadata
Event: 9.943 loading class org/gradle/api/internal/artifacts/ivyservice/clientmodule/ClientModuleResolver$ClientModuleComponentResolveMetadata done
Event: 9.944 loading class org/gradle/api/internal/artifacts/ivyservice/clientmodule/ClientModuleResolver$ClientModuleConfigurationMetadata
Event: 9.944 loading class org/gradle/api/internal/artifacts/ivyservice/clientmodule/ClientModuleResolver$ClientModuleConfigurationMetadata done
Event: 9.945 Executing VM operation: Deoptimize
Event: 9.947 Executing VM operation: Deoptimize done


Dynamic libraries:
0x00007ff786960000 - 0x00007ff78696a000 	D:\Android Studio\jre\bin\java.exe
0x00007ffa31a70000 - 0x00007ffa31c65000 	C:\Windows\SYSTEM32\ntdll.dll
0x00007ffa31660000 - 0x00007ffa3171e000 	C:\Windows\System32\KERNEL32.DLL
0x00007ffa2f540000 - 0x00007ffa2f809000 	C:\Windows\System32\KERNELBASE.dll
0x00007ffa2f8c0000 - 0x00007ffa2f9c0000 	C:\Windows\System32\ucrtbase.dll
0x00007ffa1dd20000 - 0x00007ffa1dd39000 	D:\Android Studio\jre\bin\jli.dll
0x00007ffa1dd00000 - 0x00007ffa1dd17000 	D:\Android Studio\jre\bin\VCRUNTIME140.dll
0x00007ffa2fd10000 - 0x00007ffa2feb1000 	C:\Windows\System32\USER32.dll
0x00007ffa2f190000 - 0x00007ffa2f1b2000 	C:\Windows\System32\win32u.dll
0x00007ffa1bb50000 - 0x00007ffa1bdea000 	C:\Windows\WinSxS\amd64_microsoft.windows.common-controls_6595b64144ccf1df_6.0.19041.1110_none_60b5254171f9507e\COMCTL32.dll
0x00007ffa31720000 - 0x00007ffa3174b000 	C:\Windows\System32\GDI32.dll
0x00007ffa2fc70000 - 0x00007ffa2fd0e000 	C:\Windows\System32\msvcrt.dll
0x00007ffa2f210000 - 0x00007ffa2f31b000 	C:\Windows\System32\gdi32full.dll
0x00007ffa2f9c0000 - 0x00007ffa2fa5d000 	C:\Windows\System32\msvcp_win.dll
0x00007ffa2fec0000 - 0x00007ffa2fef0000 	C:\Windows\System32\IMM32.DLL
0x00007ff9da710000 - 0x00007ff9da7ad000 	D:\Android Studio\jre\bin\msvcp140.dll
0x00007ff9db460000 - 0x00007ff9dbf2f000 	D:\Android Studio\jre\bin\server\jvm.dll
0x00007ffa315b0000 - 0x00007ffa3165c000 	C:\Windows\System32\ADVAPI32.dll
0x00007ffa308d0000 - 0x00007ffa3096b000 	C:\Windows\System32\sechost.dll
0x00007ffa2fac0000 - 0x00007ffa2fbea000 	C:\Windows\System32\RPCRT4.dll
0x00007ffa30020000 - 0x00007ffa30028000 	C:\Windows\System32\PSAPI.DLL
0x00007ffa257d0000 - 0x00007ffa257d9000 	C:\Windows\SYSTEM32\WSOCK32.dll
0x00007ffa30030000 - 0x00007ffa3009b000 	C:\Windows\System32\WS2_32.dll
0x00007ffa23770000 - 0x00007ffa2377a000 	C:\Windows\SYSTEM32\VERSION.dll
0x00007ffa14250000 - 0x00007ffa14277000 	C:\Windows\SYSTEM32\WINMM.dll
0x00007ffa2da10000 - 0x00007ffa2da22000 	C:\Windows\SYSTEM32\kernel.appcore.dll
0x00007ffa1eb20000 - 0x00007ffa1eb31000 	D:\Android Studio\jre\bin\verify.dll
0x00007ffa2cf70000 - 0x00007ffa2d154000 	C:\Windows\SYSTEM32\DBGHELP.DLL
0x00007ffa12a50000 - 0x00007ffa12a7c000 	C:\Windows\SYSTEM32\dbgcore.DLL
0x00007ffa2f320000 - 0x00007ffa2f3a3000 	C:\Windows\System32\bcryptPrimitives.dll
0x00007ffa1dcd0000 - 0x00007ffa1dcf9000 	D:\Android Studio\jre\bin\java.dll
0x00007ffa1eaf0000 - 0x00007ffa1eafb000 	D:\Android Studio\jre\bin\jimage.dll
0x00007ffa1af60000 - 0x00007ffa1af78000 	D:\Android Studio\jre\bin\zip.dll
0x00007ffa309d0000 - 0x00007ffa3110f000 	C:\Windows\System32\SHELL32.dll
0x00007ffa2d160000 - 0x00007ffa2d8f0000 	C:\Windows\SYSTEM32\windows.storage.dll
0x00007ffa31120000 - 0x00007ffa31475000 	C:\Windows\System32\combase.dll
0x00007ffa2ebe0000 - 0x00007ffa2ec0c000 	C:\Windows\SYSTEM32\Wldp.dll
0x00007ffa30130000 - 0x00007ffa301dd000 	C:\Windows\System32\SHCORE.dll
0x00007ffa30870000 - 0x00007ffa308c5000 	C:\Windows\System32\shlwapi.dll
0x00007ffa2f0d0000 - 0x00007ffa2f0ef000 	C:\Windows\SYSTEM32\profapi.dll
0x00007ffa1af40000 - 0x00007ffa1af5a000 	D:\Android Studio\jre\bin\net.dll
0x00007ffa26140000 - 0x00007ffa26248000 	C:\Windows\SYSTEM32\WINHTTP.dll
0x00007ffa2e940000 - 0x00007ffa2e9aa000 	C:\Windows\system32\mswsock.dll
0x00007ffa1af20000 - 0x00007ffa1af34000 	D:\Android Studio\jre\bin\nio.dll
0x00007ff9dc750000 - 0x00007ff9dc777000 	C:\Users\Dell\.gradle\native\8bec1ad78214c89d9ad589b4d07fe93259594b29d510b10fafb7a158f7737e5d\windows-amd64\native-platform.dll
0x00007ff9d4790000 - 0x00007ff9d48cd000 	C:\Users\Dell\.gradle\native\53dbd7edfb1c66fb8903c78663c9afc45aea4f116125fa6feffd364cf09443e8\windows-amd64\native-platform-file-events.dll
0x00007ffa1dcc0000 - 0x00007ffa1dcca000 	D:\Android Studio\jre\bin\management.dll
0x00007ffa1be10000 - 0x00007ffa1be1c000 	D:\Android Studio\jre\bin\management_ext.dll
0x00007ffa2eb30000 - 0x00007ffa2eb48000 	C:\Windows\SYSTEM32\CRYPTSP.dll
0x00007ffa2e250000 - 0x00007ffa2e284000 	C:\Windows\system32\rsaenh.dll
0x00007ffa2f3b0000 - 0x00007ffa2f3d7000 	C:\Windows\System32\bcrypt.dll
0x00007ffa2f090000 - 0x00007ffa2f0be000 	C:\Windows\SYSTEM32\USERENV.dll
0x00007ffa2eb50000 - 0x00007ffa2eb5c000 	C:\Windows\SYSTEM32\CRYPTBASE.dll
0x00007ffa2e5e0000 - 0x00007ffa2e61b000 	C:\Windows\SYSTEM32\IPHLPAPI.DLL
0x00007ffa30300000 - 0x00007ffa30308000 	C:\Windows\System32\NSI.dll
0x00007ffa24a70000 - 0x00007ffa24a87000 	C:\Windows\SYSTEM32\dhcpcsvc6.DLL
0x00007ffa24970000 - 0x00007ffa2498d000 	C:\Windows\SYSTEM32\dhcpcsvc.DLL
0x00007ffa2e670000 - 0x00007ffa2e73c000 	C:\Windows\SYSTEM32\DNSAPI.dll

dbghelp: loaded successfully - version: 4.0.5 - missing functions: none
symbol engine: initialized successfully - sym options: 0x614 - pdb path: .;D:\Android Studio\jre\bin;C:\Windows\SYSTEM32;C:\Windows\WinSxS\amd64_microsoft.windows.common-controls_6595b64144ccf1df_6.0.19041.1110_none_60b5254171f9507e;D:\Android Studio\jre\bin\server;C:\Users\Dell\.gradle\native\8bec1ad78214c89d9ad589b4d07fe93259594b29d510b10fafb7a158f7737e5d\windows-amd64;C:\Users\Dell\.gradle\native\53dbd7edfb1c66fb8903c78663c9afc45aea4f116125fa6feffd364cf09443e8\windows-amd64

VM Arguments:
jvm_args: --add-opens=java.base/java.util=ALL-UNNAMED --add-opens=java.base/java.lang=ALL-UNNAMED --add-opens=java.base/java.lang.invoke=ALL-UNNAMED --add-opens=java.base/java.util=ALL-UNNAMED --add-opens=java.prefs/java.util.prefs=ALL-UNNAMED --add-opens=java.prefs/java.util.prefs=ALL-UNNAMED --add-opens=java.base/java.nio.charset=ALL-UNNAMED --add-opens=java.base/java.net=ALL-UNNAMED --add-opens=java.base/java.util.concurrent.atomic=ALL-UNNAMED -Xmx2048m -Dfile.encoding=UTF-8 -Duser.country=US -Duser.language=en -Duser.variant 
java_command: org.gradle.launcher.daemon.bootstrap.GradleDaemon 7.0.2
java_class_path (initial): C:\Users\Dell\.gradle\wrapper\dists\gradle-7.0.2-bin\857tjihv64xamwrf0h14cai3r\gradle-7.0.2\lib\gradle-launcher-7.0.2.jar
Launcher Type: SUN_STANDARD

[Global flags]
     intx CICompilerCount                          = 4                                         {product} {ergonomic}
     uint ConcGCThreads                            = 2                                         {product} {ergonomic}
     uint G1ConcRefinementThreads                  = 8                                         {product} {ergonomic}
   size_t G1HeapRegionSize                         = 1048576                                   {product} {ergonomic}
    uintx GCDrainStackTargetSize                   = 64                                        {product} {ergonomic}
   size_t InitialHeapSize                          = 130023424                                 {product} {ergonomic}
   size_t MarkStackSize                            = 4194304                                   {product} {ergonomic}
   size_t MaxHeapSize                              = 2147483648                                {product} {command line}
   size_t MaxNewSize                               = 1287651328                                {product} {ergonomic}
   size_t MinHeapDeltaBytes                        = 1048576                                   {product} {ergonomic}
    uintx NonNMethodCodeHeapSize                   = 5836300                                {pd product} {ergonomic}
    uintx NonProfiledCodeHeapSize                  = 122910970                              {pd product} {ergonomic}
    uintx ProfiledCodeHeapSize                     = 122910970                              {pd product} {ergonomic}
    uintx ReservedCodeCacheSize                    = 251658240                              {pd product} {ergonomic}
     bool SegmentedCodeCache                       = true                                      {product} {ergonomic}
     bool UseCompressedClassPointers               = true                                 {lp64_product} {ergonomic}
     bool UseCompressedOops                        = true                                 {lp64_product} {ergonomic}
     bool UseG1GC                                  = true                                      {product} {ergonomic}
     bool UseLargePagesIndividualAllocation        = false                                  {pd product} {ergonomic}

Logging:
Log output configuration:
 #0: stdout all=warning uptime,level,tags
 #1: stderr all=off uptime,level,tags

Environment Variables:
PATH=D:\VMware\bin\;C:\Program Files\Common Files\Oracle\Java\javapath;C:\Windows\system32;C:\Windows;C:\Windows\System32\Wbem;C:\Windows\System32\WindowsPowerShell\v1.0\;C:\Windows\System32\OpenSSH\;C:\Program Files\NVIDIA Corporation\NVIDIA NvDLISR;C:\Program Files\Microsoft SQL Server\Client SDK\ODBC\170\Tools\Binn\;C:\Program Files (x86)\Microsoft SQL Server\150\Tools\Binn\;C:\Program Files\Microsoft SQL Server\150\Tools\Binn\;C:\Program Files\Microsoft SQL Server\150\DTS\Binn\;C:\Program Files (x86)\Microsoft SQL Server\150\DTS\Binn\;C:\Program Files\Azure Data Studio\bin;C:\Program Files\Microsoft SQL Server\130\Tools\Binn\;D:\Git\Git\cmd;C:\Program Files (x86)\NVIDIA Corporation\PhysX\Common;C:\Users\Dell\AppData\Local\Microsoft\WindowsApps;;C:\Program Files\Azure Data Studio\bin;D:\Visual Studio Code\Microsoft VS Code\bin
USERNAME=Dell
OS=Windows_NT
PROCESSOR_IDENTIFIER=Intel64 Family 6 Model 140 Stepping 1, GenuineIntel



---------------  S Y S T E M  ---------------

OS: Windows 10 , 64 bit Build 19041 (10.0.19041.1202)
OS uptime: 0 days 4:13 hours

CPU:total 8 (initial active 8) (4 cores per cpu, 2 threads per core) family 6 model 140 stepping 1 microcode 0x86, cmov, cx8, fxsr, mmx, sse, sse2, sse3, ssse3, sse4.1, sse4.2, popcnt, avx, avx2, aes, clmul, erms, 3dnowpref, lzcnt, ht, tsc, tscinvbit, bmi1, bmi2, adx, evex, sha, fma

Memory: 4k page, system-wide physical 7914M (877M free)
TotalPageFile size 12443M (AvailPageFile size 3M)
current process WorkingSet (physical memory assigned to process): 433M, peak: 443M
current process commit charge ("private bytes"): 471M, peak: 479M

vm_info: OpenJDK 64-Bit Server VM (11.0.10+0-b96-7249189) for windows-amd64 JRE (11.0.10+0-b96-7249189), built on Mar 31 2021 21:44:00 by "builder" with MS VC++ 14.0 (VS2015)

END.
